Using pre-set license
Built from '2021.3/staging' branch; Version is '2021.3.18f1 (3129e69bc0c7) revision 3221990'; Using compiler version '192829333'; Build Type 'Release'
OS: 'Windows 11  (10.0.22621) 64bit Core' Language: 'en' Physical Memory: 16254 MB
BatchMode: 1, IsHumanControllingUs: 0, StartBugReporterOnCrash: 0, Is64bit: 1, IsPro: 1

COMMAND LINE ARGUMENTS:
C:\Program Files\Unity\Hub\Editor\2021.3.18f1\Editor\Unity.exe
-adb2
-batchMode
-noUpm
-name
AssetImportWorker2
-projectPath
C:/Users/kagan/Flaguess
-logFile
Logs/AssetImportWorker2.log
-srvPort
50501
Successfully changed project path to: C:/Users/kagan/Flaguess
C:/Users/kagan/Flaguess
[UnityMemory] Configuration Parameters - Can be set up in boot.config
    "memorysetup-bucket-allocator-granularity=16"
    "memorysetup-bucket-allocator-bucket-count=8"
    "memorysetup-bucket-allocator-block-size=33554432"
    "memorysetup-bucket-allocator-block-count=8"
    "memorysetup-main-allocator-block-size=16777216"
    "memorysetup-thread-allocator-block-size=16777216"
    "memorysetup-gfx-main-allocator-block-size=16777216"
    "memorysetup-gfx-thread-allocator-block-size=16777216"
    "memorysetup-cache-allocator-block-size=4194304"
    "memorysetup-typetree-allocator-block-size=2097152"
    "memorysetup-profiler-bucket-allocator-granularity=16"
    "memorysetup-profiler-bucket-allocator-bucket-count=8"
    "memorysetup-profiler-bucket-allocator-block-size=33554432"
    "memorysetup-profiler-bucket-allocator-block-count=8"
    "memorysetup-profiler-allocator-block-size=16777216"
    "memorysetup-profiler-editor-allocator-block-size=1048576"
    "memorysetup-temp-allocator-size-main=16777216"
    "memorysetup-job-temp-allocator-block-size=2097152"
    "memorysetup-job-temp-allocator-block-size-background=1048576"
    "memorysetup-job-temp-allocator-reduction-small-platforms=262144"
    "memorysetup-temp-allocator-size-background-worker=32768"
    "memorysetup-temp-allocator-size-job-worker=262144"
    "memorysetup-temp-allocator-size-preload-manager=33554432"
    "memorysetup-temp-allocator-size-nav-mesh-worker=65536"
    "memorysetup-temp-allocator-size-audio-worker=65536"
    "memorysetup-temp-allocator-size-cloud-worker=32768"
    "memorysetup-temp-allocator-size-gi-baking-worker=262144"
    "memorysetup-temp-allocator-size-gfx=262144"
Player connection [20800] Host "[IP] 192.168.0.27 [Port] 0 [Flags] 2 [Guid] 3882347087 [EditorId] 3882347087 [Version] 1048832 [Id] WindowsEditor(7,Kagan) [Debug] 1 [PackageName] WindowsEditor [ProjectName] Editor" joined multi-casting on [225.0.0.222:54997]...

Player connection [20800] Host "[IP] 192.168.0.27 [Port] 0 [Flags] 2 [Guid] 3882347087 [EditorId] 3882347087 [Version] 1048832 [Id] WindowsEditor(7,Kagan) [Debug] 1 [PackageName] WindowsEditor [ProjectName] Editor" joined alternative multi-casting on [225.0.0.222:34997]...

Refreshing native plugins compatible for Editor in 134.88 ms, found 4 plugins.
Preloading 0 native plugins for Editor in 0.00 ms.
Initialize engine version: 2021.3.18f1 (3129e69bc0c7)
[Subsystems] Discovering subsystems at path C:/Program Files/Unity/Hub/Editor/2021.3.18f1/Editor/Data/Resources/UnitySubsystems
[Subsystems] Discovering subsystems at path C:/Users/kagan/Flaguess/Assets
GfxDevice: creating device client; threaded=0; jobified=0
Direct3D:
    Version:  Direct3D 11.0 [level 11.1]
    Renderer: NVIDIA GeForce GTX 1050 Ti (ID=0x1c8c)
    Vendor:   NVIDIA
    VRAM:     4017 MB
    Driver:   31.0.15.2849
Initialize mono
Mono path[0] = 'C:/Program Files/Unity/Hub/Editor/2021.3.18f1/Editor/Data/Managed'
Mono path[1] = 'C:/Program Files/Unity/Hub/Editor/2021.3.18f1/Editor/Data/MonoBleedingEdge/lib/mono/unityjit-win32'
Mono config path = 'C:/Program Files/Unity/Hub/Editor/2021.3.18f1/Editor/Data/MonoBleedingEdge/etc'
Using monoOptions --debugger-agent=transport=dt_socket,embedding=1,server=y,suspend=n,address=127.0.0.1:56464
Begin MonoManager ReloadAssembly
Registering precompiled unity dll's ...
Register platform support module: C:/Program Files/Unity/Hub/Editor/2021.3.18f1/Editor/Data/PlaybackEngines/AndroidPlayer/UnityEditor.Android.Extensions.dll
Register platform support module: C:/Program Files/Unity/Hub/Editor/2021.3.18f1/Editor/Data/PlaybackEngines/WindowsStandaloneSupport/UnityEditor.WindowsStandalone.Extensions.dll
Register platform support module: C:/Program Files/Unity/Hub/Editor/2021.3.18f1/Editor/Data/PlaybackEngines/MetroSupport/UnityEditor.UWP.Extensions.dll
Registered in 0.009458 seconds.
Native extension for UWP target not found
Native extension for WindowsStandalone target not found
Native extension for Android target not found
Android Extension - Scanning For ADB Devices 485 ms
Refreshing native plugins compatible for Editor in 123.44 ms, found 4 plugins.
Preloading 0 native plugins for Editor in 0.00 ms.
Mono: successfully reloaded assembly
- Completed reload, in  2.050 seconds
Domain Reload Profiling:
	ReloadAssembly (2050ms)
		BeginReloadAssembly (194ms)
			ExecutionOrderSort (0ms)
			DisableScriptedObjects (0ms)
			BackupInstance (0ms)
			ReleaseScriptingObjects (0ms)
			CreateAndSetChildDomain (1ms)
		EndReloadAssembly (1528ms)
			LoadAssemblies (192ms)
			RebuildTransferFunctionScriptingTraits (0ms)
			SetupTypeCache (504ms)
			ReleaseScriptCaches (0ms)
			RebuildScriptCaches (38ms)
			SetupLoadedEditorAssemblies (920ms)
				LogAssemblyErrors (0ms)
				InitializePlatformSupportModulesInManaged (569ms)
				SetLoadedEditorAssemblies (0ms)
				RefreshPlugins (124ms)
				BeforeProcessingInitializeOnLoad (2ms)
				ProcessInitializeOnLoadAttributes (151ms)
				ProcessInitializeOnLoadMethodAttributes (74ms)
				AfterProcessingInitializeOnLoad (0ms)
				EditorAssembliesLoaded (0ms)
			ExecutionOrderSort2 (0ms)
			AwakeInstancesAfterBackupRestoration (0ms)
Platform modules already initialized, skipping
Registering precompiled user dll's ...
Registered in 0.010664 seconds.
Begin MonoManager ReloadAssembly
Symbol file LoadedFromMemory doesn't match image C:\Users\kagan\Flaguess\Library\PackageCache\com.unity.visualscripting@1.8.0\Editor\VisualScripting.Core\Dependencies\YamlDotNet\Unity.VisualScripting.YamlDotNet.dll
Symbol file LoadedFromMemory doesn't match image C:\Users\kagan\Flaguess\Library\PackageCache\com.unity.visualscripting@1.8.0\Editor\VisualScripting.Core\Dependencies\DotNetZip\Unity.VisualScripting.IonicZip.dll
Native extension for UWP target not found
Native extension for WindowsStandalone target not found
Native extension for Android target not found
Refreshing native plugins compatible for Editor in 115.74 ms, found 4 plugins.
Preloading 0 native plugins for Editor in 0.00 ms.
Mono: successfully reloaded assembly
- Completed reload, in  1.897 seconds
Domain Reload Profiling:
	ReloadAssembly (1898ms)
		BeginReloadAssembly (149ms)
			ExecutionOrderSort (0ms)
			DisableScriptedObjects (7ms)
			BackupInstance (0ms)
			ReleaseScriptingObjects (0ms)
			CreateAndSetChildDomain (29ms)
		EndReloadAssembly (1564ms)
			LoadAssemblies (121ms)
			RebuildTransferFunctionScriptingTraits (0ms)
			SetupTypeCache (479ms)
			ReleaseScriptCaches (2ms)
			RebuildScriptCaches (144ms)
			SetupLoadedEditorAssemblies (692ms)
				LogAssemblyErrors (0ms)
				InitializePlatformSupportModulesInManaged (22ms)
				SetLoadedEditorAssemblies (0ms)
				RefreshPlugins (116ms)
				BeforeProcessingInitializeOnLoad (125ms)
				ProcessInitializeOnLoadAttributes (370ms)
				ProcessInitializeOnLoadMethodAttributes (49ms)
				AfterProcessingInitializeOnLoad (9ms)
				EditorAssembliesLoaded (0ms)
			ExecutionOrderSort2 (0ms)
			AwakeInstancesAfterBackupRestoration (13ms)
Platform modules already initialized, skipping
========================================================================
Worker process is ready to serve import requests
Launched and connected shader compiler UnityShaderCompiler.exe after 0.11 seconds
Refreshing native plugins compatible for Editor in 1.16 ms, found 4 plugins.
Preloading 0 native plugins for Editor in 0.00 ms.
Unloading 3855 Unused Serialized files (Serialized files now loaded: 0)
Unloading 43 unused Assets / (229.3 KB). Loaded Objects now: 4316.
Memory consumption went from 148.2 MB to 148.0 MB.
Total: 6.011200 ms (FindLiveObjects: 0.963700 ms CreateObjectMapping: 0.577800 ms MarkObjects: 4.192200 ms  DeleteObjects: 0.276200 ms)

AssetImportParameters requested are different than current active one (requested -> active):
  custom:video-decoder-ogg-theora: a1e56fd34408186e4bbccfd4996cb3dc -> 
  custom:container-muxer-webm: aa71ff27fc2769a1b78a27578f13a17b -> 
  custom:container-demuxer-webm: 4f35f7cbe854078d1ac9338744f61a02 -> 
  custom:video-encoder-webm-vp8: eb34c28f22e8b96e1ab97ce403110664 -> 
  custom:video-codec-MediaFoundation-h265: 746d11721c4dcdbdad8f713fa42b33f4 -> 
  custom:audio-encoder-webm-vorbis: bf7c407c2cedff20999df2af8eb42d56 -> 
  custom:framework-win-MediaFoundation: 216162199b28c13a410421893ffa2e32 -> 
  custom:container-demuxer-ogg: 62fdf1f143b41e24485cea50d1cbac27 -> 
  custom:video-decoder-webm-vp8: 9c59270c3fd7afecdb556c50c9e8de78 -> 
  custom:audio-decoder-ogg-vorbis: bf7c407c2cedff20999df2af8eb42d56 -> 
========================================================================
Received Import Request.
  Time since last request: 363.581906 seconds.
  path: Assets/Sprites/05_white.png
  artifactKey: Guid(661cdceb4be1111408e06c1554f0a91a) Importer(815301076,1909f56bfc062723c751e8b465ee728b)
Start importing Assets/Sprites/05_white.png using Guid(661cdceb4be1111408e06c1554f0a91a) Importer(815301076,1909f56bfc062723c751e8b465ee728b)  -> (artifact id: '131a8981c49255a3f3ff019b78d2c38b') in 0.256133 seconds 
========================================================================
Received Import Request.
  Time since last request: 0.000066 seconds.
  path: Assets/Sprites/75_white.png
  artifactKey: Guid(ae42e93cbf9f67345bb0dbad25e9119c) Importer(815301076,1909f56bfc062723c751e8b465ee728b)
Start importing Assets/Sprites/75_white.png using Guid(ae42e93cbf9f67345bb0dbad25e9119c) Importer(815301076,1909f56bfc062723c751e8b465ee728b)  -> (artifact id: '3080e58e182b4573a73bd1367522acf4') in 0.033580 seconds 
========================================================================
Received Import Request.
  Time since last request: 0.000058 seconds.
  path: Assets/Sprites/50_white.png
  artifactKey: Guid(bf5a7116caffa5b478f32892ae19fb1b) Importer(815301076,1909f56bfc062723c751e8b465ee728b)
Start importing Assets/Sprites/50_white.png using Guid(bf5a7116caffa5b478f32892ae19fb1b) Importer(815301076,1909f56bfc062723c751e8b465ee728b)  -> (artifact id: '8c9ebe5e2f79573cc46ef736fa1d7e23') in 0.032031 seconds 
========================================================================
Received Import Request.
  Time since last request: 0.000023 seconds.
  path: Assets/Sprites/59_white.png
  artifactKey: Guid(3809b519b5e67d740a52e9fae5d5596e) Importer(815301076,1909f56bfc062723c751e8b465ee728b)
Start importing Assets/Sprites/59_white.png using Guid(3809b519b5e67d740a52e9fae5d5596e) Importer(815301076,1909f56bfc062723c751e8b465ee728b)  -> (artifact id: 'a3f36934b605566f51834d9aa9930566') in 0.027970 seconds 
========================================================================
Received Import Request.
  Time since last request: 0.000044 seconds.
  path: Assets/Sprites/80_white.png
  artifactKey: Guid(917b4a0a48c2ad4468ce777b2b3c64e8) Importer(815301076,1909f56bfc062723c751e8b465ee728b)
Start importing Assets/Sprites/80_white.png using Guid(917b4a0a48c2ad4468ce777b2b3c64e8) Importer(815301076,1909f56bfc062723c751e8b465ee728b)  -> (artifact id: '009bd4e0601621de4dc92d33280f04c6') in 0.035429 seconds 
========================================================================
Received Import Request.
  Time since last request: 0.000040 seconds.
  path: Assets/Sprites/32_white.png
  artifactKey: Guid(4aa551d62b3c3da4cb4456919d607d04) Importer(815301076,1909f56bfc062723c751e8b465ee728b)
Start importing Assets/Sprites/32_white.png using Guid(4aa551d62b3c3da4cb4456919d607d04) Importer(815301076,1909f56bfc062723c751e8b465ee728b)  -> (artifact id: 'a88cef135af47cc828a4be6d5a83a228') in 0.032086 seconds 
========================================================================
Received Import Request.
  Time since last request: 0.000048 seconds.
  path: Assets/Sprites/14_white.png
  artifactKey: Guid(57517fa1e501fff4582d8f84ccc4aab1) Importer(815301076,1909f56bfc062723c751e8b465ee728b)
Start importing Assets/Sprites/14_white.png using Guid(57517fa1e501fff4582d8f84ccc4aab1) Importer(815301076,1909f56bfc062723c751e8b465ee728b)  -> (artifact id: '4d0da868c04db75143ec0ca4fa3f41a8') in 0.029805 seconds 
========================================================================
Received Import Request.
  Time since last request: 0.000130 seconds.
  path: Assets/Sprites/42_white.png
  artifactKey: Guid(576630fd608cef54b9e68a78f190b7a4) Importer(815301076,1909f56bfc062723c751e8b465ee728b)
Start importing Assets/Sprites/42_white.png using Guid(576630fd608cef54b9e68a78f190b7a4) Importer(815301076,1909f56bfc062723c751e8b465ee728b)  -> (artifact id: '7d53c3ba77a6ebc08a29f9e277984276') in 0.036101 seconds 
========================================================================
Received Import Request.
  Time since last request: 0.000111 seconds.
  path: Assets/Sprites/11_white.png
  artifactKey: Guid(25eff295c0e4a8344ae15c97750d7531) Importer(815301076,1909f56bfc062723c751e8b465ee728b)
Start importing Assets/Sprites/11_white.png using Guid(25eff295c0e4a8344ae15c97750d7531) Importer(815301076,1909f56bfc062723c751e8b465ee728b)  -> (artifact id: '8331548a36240258cc1d5189908581f7') in 0.029164 seconds 
========================================================================
Received Import Request.
  Time since last request: 0.000046 seconds.
  path: Assets/Sprites/72_white.png
  artifactKey: Guid(d9fef2246aa7b424dae732d34220132e) Importer(815301076,1909f56bfc062723c751e8b465ee728b)
Start importing Assets/Sprites/72_white.png using Guid(d9fef2246aa7b424dae732d34220132e) Importer(815301076,1909f56bfc062723c751e8b465ee728b)  -> (artifact id: '2518c38b9da31e03a329308c02420659') in 0.026807 seconds 
========================================================================
Received Import Request.
  Time since last request: 0.000022 seconds.
  path: Assets/Sprites/33_white.png
  artifactKey: Guid(80353b2c5ebcb8b40b5572e4cc216399) Importer(815301076,1909f56bfc062723c751e8b465ee728b)
Start importing Assets/Sprites/33_white.png using Guid(80353b2c5ebcb8b40b5572e4cc216399) Importer(815301076,1909f56bfc062723c751e8b465ee728b)  -> (artifact id: '3ea5970081d96312d56a17718d76bca9') in 0.024424 seconds 
========================================================================
Received Import Request.
  Time since last request: 0.000032 seconds.
  path: Assets/Sprites/38_white.png
  artifactKey: Guid(377d3c6264820464aa23cfd7b19e2482) Importer(815301076,1909f56bfc062723c751e8b465ee728b)
Start importing Assets/Sprites/38_white.png using Guid(377d3c6264820464aa23cfd7b19e2482) Importer(815301076,1909f56bfc062723c751e8b465ee728b)  -> (artifact id: '1ec9a8f7a1e1be9153f0fbddf52cf3d6') in 0.036154 seconds 
========================================================================
Received Import Request.
  Time since last request: 0.000035 seconds.
  path: Assets/Sprites/30_white.png
  artifactKey: Guid(1a293601bb7fe41428388b411bb4d579) Importer(815301076,1909f56bfc062723c751e8b465ee728b)
Start importing Assets/Sprites/30_white.png using Guid(1a293601bb7fe41428388b411bb4d579) Importer(815301076,1909f56bfc062723c751e8b465ee728b)  -> (artifact id: 'cf93eee4f9c22a47b8cc4035dc88ad6a') in 0.029223 seconds 
========================================================================
Received Import Request.
  Time since last request: 0.000038 seconds.
  path: Assets/Sprites/70_white.png
  artifactKey: Guid(c502f49ceedb17c46a1fe682a7707884) Importer(815301076,1909f56bfc062723c751e8b465ee728b)
Start importing Assets/Sprites/70_white.png using Guid(c502f49ceedb17c46a1fe682a7707884) Importer(815301076,1909f56bfc062723c751e8b465ee728b)  -> (artifact id: '24d6025750caaf862943cc99b775e515') in 0.028485 seconds 
========================================================================
Received Import Request.
  Time since last request: 0.000049 seconds.
  path: Assets/Sprites/01_white.png
  artifactKey: Guid(7433ada04e0fd4f4581d48f1c5c8ee00) Importer(815301076,1909f56bfc062723c751e8b465ee728b)
Start importing Assets/Sprites/01_white.png using Guid(7433ada04e0fd4f4581d48f1c5c8ee00) Importer(815301076,1909f56bfc062723c751e8b465ee728b)  -> (artifact id: '8a5ac41de77b85cca26b2e203db2fbf0') in 0.034468 seconds 
========================================================================
Received Import Request.
  Time since last request: 0.000080 seconds.
  path: Assets/Sprites/68_white.png
  artifactKey: Guid(f8addbc366e656a4e839816e1222b155) Importer(815301076,1909f56bfc062723c751e8b465ee728b)
Start importing Assets/Sprites/68_white.png using Guid(f8addbc366e656a4e839816e1222b155) Importer(815301076,1909f56bfc062723c751e8b465ee728b)  -> (artifact id: 'be2f9edc27b78ed82e879408b333cc49') in 0.025653 seconds 
========================================================================
Received Import Request.
  Time since last request: 0.000052 seconds.
  path: Assets/Sprites/23_white.png
  artifactKey: Guid(57f810e319b72b448bd0ee51fc5227f1) Importer(815301076,1909f56bfc062723c751e8b465ee728b)
Start importing Assets/Sprites/23_white.png using Guid(57f810e319b72b448bd0ee51fc5227f1) Importer(815301076,1909f56bfc062723c751e8b465ee728b)  -> (artifact id: 'e76c3a734c677c41719ca87051f13f0e') in 0.024168 seconds 
========================================================================
Received Import Request.
  Time since last request: 0.000027 seconds.
  path: Assets/Sprites/40_white.png
  artifactKey: Guid(f16cacd72211a80498931b70248d7c87) Importer(815301076,1909f56bfc062723c751e8b465ee728b)
Start importing Assets/Sprites/40_white.png using Guid(f16cacd72211a80498931b70248d7c87) Importer(815301076,1909f56bfc062723c751e8b465ee728b)  -> (artifact id: '2a61f003814427c029b68db5f2f031fa') in 0.025508 seconds 
========================================================================
Received Import Request.
  Time since last request: 0.000034 seconds.
  path: Assets/Sprites/27_white.png
  artifactKey: Guid(f5440f38d02d6404983264898d3d6585) Importer(815301076,1909f56bfc062723c751e8b465ee728b)
Start importing Assets/Sprites/27_white.png using Guid(f5440f38d02d6404983264898d3d6585) Importer(815301076,1909f56bfc062723c751e8b465ee728b)  -> (artifact id: '9db2770de0cc5bb29b3b80132b8eb414') in 0.023405 seconds 
========================================================================
Received Import Request.
  Time since last request: 0.000031 seconds.
  path: Assets/Sprites/39_white.png
  artifactKey: Guid(e77ad22c84d24054bba78541dadcd712) Importer(815301076,1909f56bfc062723c751e8b465ee728b)
Start importing Assets/Sprites/39_white.png using Guid(e77ad22c84d24054bba78541dadcd712) Importer(815301076,1909f56bfc062723c751e8b465ee728b)  -> (artifact id: '390610d8725e1caa675a41786e9f1ab1') in 0.025811 seconds 
========================================================================
Received Import Request.
  Time since last request: 0.000030 seconds.
  path: Assets/Sprites/41_white.png
  artifactKey: Guid(b5486c42f5df21e45acc32a1e545f39b) Importer(815301076,1909f56bfc062723c751e8b465ee728b)
Start importing Assets/Sprites/41_white.png using Guid(b5486c42f5df21e45acc32a1e545f39b) Importer(815301076,1909f56bfc062723c751e8b465ee728b)  -> (artifact id: '445b9f0d2751eb9a90f56498e0ee4a3d') in 0.032162 seconds 
========================================================================
Received Import Request.
  Time since last request: 0.000041 seconds.
  path: Assets/Sprites/18_white.png
  artifactKey: Guid(c1181d8f76ac99f4d9d004798191b899) Importer(815301076,1909f56bfc062723c751e8b465ee728b)
Start importing Assets/Sprites/18_white.png using Guid(c1181d8f76ac99f4d9d004798191b899) Importer(815301076,1909f56bfc062723c751e8b465ee728b)  -> (artifact id: '6ae1bb72c627dbdca36aa52f0b16b3e9') in 0.026132 seconds 
========================================================================
Received Import Request.
  Time since last request: 0.000053 seconds.
  path: Assets/Sprites/26_white.png
  artifactKey: Guid(25ac037c5b90e174ab986d91b5c3c323) Importer(815301076,1909f56bfc062723c751e8b465ee728b)
Start importing Assets/Sprites/26_white.png using Guid(25ac037c5b90e174ab986d91b5c3c323) Importer(815301076,1909f56bfc062723c751e8b465ee728b)  -> (artifact id: 'c2a59186a60b266d331919816a1d0757') in 0.026555 seconds 
========================================================================
Received Import Request.
  Time since last request: 0.000042 seconds.
  path: Assets/Sprites/61_white.png
  artifactKey: Guid(c96c857b8292a6540bf36874640bb76e) Importer(815301076,1909f56bfc062723c751e8b465ee728b)
Start importing Assets/Sprites/61_white.png using Guid(c96c857b8292a6540bf36874640bb76e) Importer(815301076,1909f56bfc062723c751e8b465ee728b)  -> (artifact id: 'e4d58541fc5c0a224e68375141952088') in 0.030134 seconds 
========================================================================
Received Import Request.
  Time since last request: 0.000056 seconds.
  path: Assets/Sprites/44_white.png
  artifactKey: Guid(f4e4b75f91738dc4a808ba0da8f5706a) Importer(815301076,1909f56bfc062723c751e8b465ee728b)
Start importing Assets/Sprites/44_white.png using Guid(f4e4b75f91738dc4a808ba0da8f5706a) Importer(815301076,1909f56bfc062723c751e8b465ee728b)  -> (artifact id: 'b1187cdc3b4444d316ba3c5d4734e63b') in 0.030236 seconds 
========================================================================
Received Import Request.
  Time since last request: 0.000043 seconds.
  path: Assets/Sprites/58_white.png
  artifactKey: Guid(f1257ccfeda861f49a1921e78e5c8c32) Importer(815301076,1909f56bfc062723c751e8b465ee728b)
Start importing Assets/Sprites/58_white.png using Guid(f1257ccfeda861f49a1921e78e5c8c32) Importer(815301076,1909f56bfc062723c751e8b465ee728b)  -> (artifact id: '675db27cb9cd7a3e37867c730dcf93b2') in 0.033703 seconds 
========================================================================
Received Import Request.
  Time since last request: 0.000052 seconds.
  path: Assets/Sprites/67_white.png
  artifactKey: Guid(d45bf142ffbfd8740b5f4244bea2d6c7) Importer(815301076,1909f56bfc062723c751e8b465ee728b)
Start importing Assets/Sprites/67_white.png using Guid(d45bf142ffbfd8740b5f4244bea2d6c7) Importer(815301076,1909f56bfc062723c751e8b465ee728b)  -> (artifact id: '93f33bbd6109cee7989b0d0f7c78e389') in 0.025268 seconds 
========================================================================
Received Import Request.
  Time since last request: 0.000053 seconds.
  path: Assets/Sprites/35_white.png
  artifactKey: Guid(a5ccd944a793e8b4ebd1ddac5dd2bcd4) Importer(815301076,1909f56bfc062723c751e8b465ee728b)
Start importing Assets/Sprites/35_white.png using Guid(a5ccd944a793e8b4ebd1ddac5dd2bcd4) Importer(815301076,1909f56bfc062723c751e8b465ee728b)  -> (artifact id: 'c79d0769bdf239950226e3f024c18363') in 0.029564 seconds 
Editor requested this worker to shutdown with reason: Scaling down because of idle timeout
AssetImportWorker is now disconnected from the server
Process exiting
Exiting without the bug reporter. Application will terminate with return code 0