Using pre-set license
Built from '2021.3/staging' branch; Version is '2021.3.18f1 (3129e69bc0c7) revision 3221990'; Using compiler version '192829333'; Build Type 'Release'
OS: 'Windows 11  (10.0.22621) 64bit Core' Language: 'en' Physical Memory: 16254 MB
BatchMode: 1, IsHumanControllingUs: 0, StartBugReporterOnCrash: 0, Is64bit: 1, IsPro: 1

COMMAND LINE ARGUMENTS:
C:\Program Files\Unity\Hub\Editor\2021.3.18f1\Editor\Unity.exe
-adb2
-batchMode
-noUpm
-name
AssetImportWorker16
-projectPath
C:/Users/kagan/Flaguess
-logFile
Logs/AssetImportWorker16.log
-srvPort
62796
Successfully changed project path to: C:/Users/kagan/Flaguess
C:/Users/kagan/Flaguess
[UnityMemory] Configuration Parameters - Can be set up in boot.config
    "memorysetup-bucket-allocator-granularity=16"
    "memorysetup-bucket-allocator-bucket-count=8"
    "memorysetup-bucket-allocator-block-size=33554432"
    "memorysetup-bucket-allocator-block-count=8"
    "memorysetup-main-allocator-block-size=16777216"
    "memorysetup-thread-allocator-block-size=16777216"
    "memorysetup-gfx-main-allocator-block-size=16777216"
    "memorysetup-gfx-thread-allocator-block-size=16777216"
    "memorysetup-cache-allocator-block-size=4194304"
    "memorysetup-typetree-allocator-block-size=2097152"
    "memorysetup-profiler-bucket-allocator-granularity=16"
    "memorysetup-profiler-bucket-allocator-bucket-count=8"
    "memorysetup-profiler-bucket-allocator-block-size=33554432"
    "memorysetup-profiler-bucket-allocator-block-count=8"
    "memorysetup-profiler-allocator-block-size=16777216"
    "memorysetup-profiler-editor-allocator-block-size=1048576"
    "memorysetup-temp-allocator-size-main=16777216"
    "memorysetup-job-temp-allocator-block-size=2097152"
    "memorysetup-job-temp-allocator-block-size-background=1048576"
    "memorysetup-job-temp-allocator-reduction-small-platforms=262144"
    "memorysetup-temp-allocator-size-background-worker=32768"
    "memorysetup-temp-allocator-size-job-worker=262144"
    "memorysetup-temp-allocator-size-preload-manager=33554432"
    "memorysetup-temp-allocator-size-nav-mesh-worker=65536"
    "memorysetup-temp-allocator-size-audio-worker=65536"
    "memorysetup-temp-allocator-size-cloud-worker=32768"
    "memorysetup-temp-allocator-size-gi-baking-worker=262144"
    "memorysetup-temp-allocator-size-gfx=262144"
Player connection [20588] Host "[IP] 192.168.0.27 [Port] 0 [Flags] 2 [Guid] 1951213768 [EditorId] 1951213768 [Version] 1048832 [Id] WindowsEditor(7,Kagan) [Debug] 1 [PackageName] WindowsEditor [ProjectName] Editor" joined multi-casting on [225.0.0.222:54997]...

Player connection [20588] Host "[IP] 192.168.0.27 [Port] 0 [Flags] 2 [Guid] 1951213768 [EditorId] 1951213768 [Version] 1048832 [Id] WindowsEditor(7,Kagan) [Debug] 1 [PackageName] WindowsEditor [ProjectName] Editor" joined alternative multi-casting on [225.0.0.222:34997]...

Refreshing native plugins compatible for Editor in 103.33 ms, found 4 plugins.
Preloading 0 native plugins for Editor in 0.00 ms.
Initialize engine version: 2021.3.18f1 (3129e69bc0c7)
[Subsystems] Discovering subsystems at path C:/Program Files/Unity/Hub/Editor/2021.3.18f1/Editor/Data/Resources/UnitySubsystems
[Subsystems] Discovering subsystems at path C:/Users/kagan/Flaguess/Assets
GfxDevice: creating device client; threaded=0; jobified=0
Direct3D:
    Version:  Direct3D 11.0 [level 11.1]
    Renderer: NVIDIA GeForce GTX 1050 Ti (ID=0x1c8c)
    Vendor:   NVIDIA
    VRAM:     4017 MB
    Driver:   31.0.15.2849
Initialize mono
Mono path[0] = 'C:/Program Files/Unity/Hub/Editor/2021.3.18f1/Editor/Data/Managed'
Mono path[1] = 'C:/Program Files/Unity/Hub/Editor/2021.3.18f1/Editor/Data/MonoBleedingEdge/lib/mono/unityjit-win32'
Mono config path = 'C:/Program Files/Unity/Hub/Editor/2021.3.18f1/Editor/Data/MonoBleedingEdge/etc'
Using monoOptions --debugger-agent=transport=dt_socket,embedding=1,server=y,suspend=n,address=127.0.0.1:56036
Begin MonoManager ReloadAssembly
Registering precompiled unity dll's ...
Register platform support module: C:/Program Files/Unity/Hub/Editor/2021.3.18f1/Editor/Data/PlaybackEngines/AndroidPlayer/UnityEditor.Android.Extensions.dll
Register platform support module: C:/Program Files/Unity/Hub/Editor/2021.3.18f1/Editor/Data/PlaybackEngines/WindowsStandaloneSupport/UnityEditor.WindowsStandalone.Extensions.dll
Register platform support module: C:/Program Files/Unity/Hub/Editor/2021.3.18f1/Editor/Data/PlaybackEngines/MetroSupport/UnityEditor.UWP.Extensions.dll
Registered in 0.006756 seconds.
Native extension for UWP target not found
Native extension for WindowsStandalone target not found
Native extension for Android target not found
Android Extension - Scanning For ADB Devices 320 ms
Refreshing native plugins compatible for Editor in 97.03 ms, found 4 plugins.
Preloading 0 native plugins for Editor in 0.00 ms.
Mono: successfully reloaded assembly
- Completed reload, in  1.032 seconds
Domain Reload Profiling:
	ReloadAssembly (1032ms)
		BeginReloadAssembly (78ms)
			ExecutionOrderSort (0ms)
			DisableScriptedObjects (0ms)
			BackupInstance (0ms)
			ReleaseScriptingObjects (0ms)
			CreateAndSetChildDomain (1ms)
		EndReloadAssembly (837ms)
			LoadAssemblies (77ms)
			RebuildTransferFunctionScriptingTraits (0ms)
			SetupTypeCache (122ms)
			ReleaseScriptCaches (0ms)
			RebuildScriptCaches (33ms)
			SetupLoadedEditorAssemblies (629ms)
				LogAssemblyErrors (0ms)
				InitializePlatformSupportModulesInManaged (390ms)
				SetLoadedEditorAssemblies (0ms)
				RefreshPlugins (97ms)
				BeforeProcessingInitializeOnLoad (1ms)
				ProcessInitializeOnLoadAttributes (94ms)
				ProcessInitializeOnLoadMethodAttributes (47ms)
				AfterProcessingInitializeOnLoad (0ms)
				EditorAssembliesLoaded (0ms)
			ExecutionOrderSort2 (0ms)
			AwakeInstancesAfterBackupRestoration (0ms)
Platform modules already initialized, skipping
Registering precompiled user dll's ...
Registered in 0.008809 seconds.
Begin MonoManager ReloadAssembly
Symbol file LoadedFromMemory doesn't match image C:\Users\kagan\Flaguess\Library\PackageCache\com.unity.visualscripting@1.8.0\Editor\VisualScripting.Core\Dependencies\YamlDotNet\Unity.VisualScripting.YamlDotNet.dll
Symbol file LoadedFromMemory doesn't match image C:\Users\kagan\Flaguess\Library\PackageCache\com.unity.visualscripting@1.8.0\Editor\VisualScripting.Core\Dependencies\DotNetZip\Unity.VisualScripting.IonicZip.dll
Native extension for UWP target not found
Native extension for WindowsStandalone target not found
Native extension for Android target not found
Refreshing native plugins compatible for Editor in 94.49 ms, found 4 plugins.
Preloading 0 native plugins for Editor in 0.00 ms.
Mono: successfully reloaded assembly
- Completed reload, in  1.171 seconds
Domain Reload Profiling:
	ReloadAssembly (1171ms)
		BeginReloadAssembly (108ms)
			ExecutionOrderSort (0ms)
			DisableScriptedObjects (6ms)
			BackupInstance (0ms)
			ReleaseScriptingObjects (0ms)
			CreateAndSetChildDomain (21ms)
		EndReloadAssembly (943ms)
			LoadAssemblies (83ms)
			RebuildTransferFunctionScriptingTraits (0ms)
			SetupTypeCache (253ms)
			ReleaseScriptCaches (1ms)
			RebuildScriptCaches (66ms)
			SetupLoadedEditorAssemblies (482ms)
				LogAssemblyErrors (0ms)
				InitializePlatformSupportModulesInManaged (19ms)
				SetLoadedEditorAssemblies (0ms)
				RefreshPlugins (95ms)
				BeforeProcessingInitializeOnLoad (94ms)
				ProcessInitializeOnLoadAttributes (228ms)
				ProcessInitializeOnLoadMethodAttributes (40ms)
				AfterProcessingInitializeOnLoad (7ms)
				EditorAssembliesLoaded (0ms)
			ExecutionOrderSort2 (0ms)
			AwakeInstancesAfterBackupRestoration (9ms)
Platform modules already initialized, skipping
========================================================================
Worker process is ready to serve import requests
Launched and connected shader compiler UnityShaderCompiler.exe after 0.05 seconds
Refreshing native plugins compatible for Editor in 0.74 ms, found 4 plugins.
Preloading 0 native plugins for Editor in 0.00 ms.
Unloading 3854 Unused Serialized files (Serialized files now loaded: 0)
Unloading 43 unused Assets / (229.2 KB). Loaded Objects now: 4315.
Memory consumption went from 148.2 MB to 147.9 MB.
Total: 3.967300 ms (FindLiveObjects: 0.313700 ms CreateObjectMapping: 0.220200 ms MarkObjects: 3.229600 ms  DeleteObjects: 0.202900 ms)

AssetImportParameters requested are different than current active one (requested -> active):
  custom:video-decoder-ogg-theora: a1e56fd34408186e4bbccfd4996cb3dc -> 
  custom:container-muxer-webm: aa71ff27fc2769a1b78a27578f13a17b -> 
  custom:container-demuxer-webm: 4f35f7cbe854078d1ac9338744f61a02 -> 
  custom:video-encoder-webm-vp8: eb34c28f22e8b96e1ab97ce403110664 -> 
  custom:video-codec-MediaFoundation-h265: 746d11721c4dcdbdad8f713fa42b33f4 -> 
  custom:audio-encoder-webm-vorbis: bf7c407c2cedff20999df2af8eb42d56 -> 
  custom:framework-win-MediaFoundation: 216162199b28c13a410421893ffa2e32 -> 
  custom:container-demuxer-ogg: 62fdf1f143b41e24485cea50d1cbac27 -> 
  custom:video-decoder-webm-vp8: 9c59270c3fd7afecdb556c50c9e8de78 -> 
  custom:audio-decoder-ogg-vorbis: bf7c407c2cedff20999df2af8eb42d56 -> 
========================================================================
Received Import Request.
  Time since last request: 24628.761134 seconds.
  path: Assets/_3rdParty/Buttons/PNG/2button_blue_middle.png
  artifactKey: Guid(2b6e58e066a469c499d930cd4a4ceade) Importer(815301076,1909f56bfc062723c751e8b465ee728b)
Start importing Assets/_3rdParty/Buttons/PNG/2button_blue_middle.png using Guid(2b6e58e066a469c499d930cd4a4ceade) Importer(815301076,1909f56bfc062723c751e8b465ee728b)  -> (artifact id: '00000000000000000000000000000000') in 0.189287 seconds  code(4) message(Build asset version error: assets/_3rdparty/buttons/png/2button_blue_middle.png.meta in SourceAssetDB has modification time of '2022-02-03T12:15:38Z' while content on disk has modification time of '2023-02-14T22:37:55.4215684Z')
  ERROR: Build asset version error: assets/_3rdparty/buttons/png/2button_blue_middle.png.meta in SourceAssetDB has modification time of '2022-02-03T12:15:38Z' while content on disk has modification time of '2023-02-14T22:37:55.4215684Z'
========================================================================
Received Import Request.
  Time since last request: 0.000031 seconds.
  path: Assets/_3rdParty/Buttons/PNG/10Button_Midl_Yellow.png
  artifactKey: Guid(d7b4d635d5ebc2a4c967aed03f5c932c) Importer(815301076,1909f56bfc062723c751e8b465ee728b)
Start importing Assets/_3rdParty/Buttons/PNG/10Button_Midl_Yellow.png using Guid(d7b4d635d5ebc2a4c967aed03f5c932c) Importer(815301076,1909f56bfc062723c751e8b465ee728b)  -> (artifact id: '00000000000000000000000000000000') in 0.018784 seconds  code(4) message(Build asset version error: assets/_3rdparty/buttons/png/10button_midl_yellow.png.meta in SourceAssetDB has modification time of '2022-02-03T12:15:47Z' while content on disk has modification time of '2023-02-14T22:37:55.4485777Z')
  ERROR: Build asset version error: assets/_3rdparty/buttons/png/10button_midl_yellow.png.meta in SourceAssetDB has modification time of '2022-02-03T12:15:47Z' while content on disk has modification time of '2023-02-14T22:37:55.4485777Z'
========================================================================
Received Import Request.
  Time since last request: 0.000130 seconds.
  path: Assets/_3rdParty/Buttons/PNG/5button_blue_middle.png
  artifactKey: Guid(dad1da2ca9b01964288f231323af48ec) Importer(815301076,1909f56bfc062723c751e8b465ee728b)
Start importing Assets/_3rdParty/Buttons/PNG/5button_blue_middle.png using Guid(dad1da2ca9b01964288f231323af48ec) Importer(815301076,1909f56bfc062723c751e8b465ee728b)  -> (artifact id: '00000000000000000000000000000000') in 0.029931 seconds  code(4) message(Build asset version error: assets/_3rdparty/buttons/png/5button_blue_middle.png.meta in SourceAssetDB has modification time of '2022-02-03T12:15:47Z' while content on disk has modification time of '2023-02-14T22:37:55.4185751Z')
  ERROR: Build asset version error: assets/_3rdparty/buttons/png/5button_blue_middle.png.meta in SourceAssetDB has modification time of '2022-02-03T12:15:47Z' while content on disk has modification time of '2023-02-14T22:37:55.4185751Z'
========================================================================
Received Import Request.
  Time since last request: 0.000056 seconds.
  path: Assets/_3rdParty/Buttons/PNG/21bttn-midl.png
  artifactKey: Guid(7786f021e2e01224596039df378dc25d) Importer(815301076,1909f56bfc062723c751e8b465ee728b)
Start importing Assets/_3rdParty/Buttons/PNG/21bttn-midl.png using Guid(7786f021e2e01224596039df378dc25d) Importer(815301076,1909f56bfc062723c751e8b465ee728b)  -> (artifact id: '00000000000000000000000000000000') in 0.022361 seconds  code(4) message(Build asset version error: assets/_3rdparty/buttons/png/21bttn-midl.png.meta in SourceAssetDB has modification time of '2022-02-03T12:15:41Z' while content on disk has modification time of '2023-02-14T22:37:55.4455747Z')
  ERROR: Build asset version error: assets/_3rdparty/buttons/png/21bttn-midl.png.meta in SourceAssetDB has modification time of '2022-02-03T12:15:41Z' while content on disk has modification time of '2023-02-14T22:37:55.4455747Z'
========================================================================
Received Import Request.
  Time since last request: 0.000039 seconds.
  path: Assets/_3rdParty/Buttons/PNG/29button_blue.png
  artifactKey: Guid(2a941afa0b6b78c4ab83921ab447685b) Importer(815301076,1909f56bfc062723c751e8b465ee728b)
Start importing Assets/_3rdParty/Buttons/PNG/29button_blue.png using Guid(2a941afa0b6b78c4ab83921ab447685b) Importer(815301076,1909f56bfc062723c751e8b465ee728b)  -> (artifact id: '00000000000000000000000000000000') in 0.019848 seconds  code(4) message(Build asset version error: assets/_3rdparty/buttons/png/29button_blue.png.meta in SourceAssetDB has modification time of '2022-02-03T12:15:38Z' while content on disk has modification time of '2023-02-14T22:37:55.4135765Z')
  ERROR: Build asset version error: assets/_3rdparty/buttons/png/29button_blue.png.meta in SourceAssetDB has modification time of '2022-02-03T12:15:38Z' while content on disk has modification time of '2023-02-14T22:37:55.4135765Z'
========================================================================
Received Import Request.
  Time since last request: 0.000034 seconds.
  path: Assets/_3rdParty/Buttons/PNG/3button_green_middle.png
  artifactKey: Guid(a73ec2992ca135e48987416ecdcdc2c3) Importer(815301076,1909f56bfc062723c751e8b465ee728b)
Start importing Assets/_3rdParty/Buttons/PNG/3button_green_middle.png using Guid(a73ec2992ca135e48987416ecdcdc2c3) Importer(815301076,1909f56bfc062723c751e8b465ee728b)  -> (artifact id: '00000000000000000000000000000000') in 0.023964 seconds  code(4) message(Build asset version error: assets/_3rdparty/buttons/png/3button_green_middle.png.meta in SourceAssetDB has modification time of '2022-02-03T12:15:44Z' while content on disk has modification time of '2023-02-14T22:37:55.4365686Z')
  ERROR: Build asset version error: assets/_3rdparty/buttons/png/3button_green_middle.png.meta in SourceAssetDB has modification time of '2022-02-03T12:15:44Z' while content on disk has modification time of '2023-02-14T22:37:55.4365686Z'
========================================================================
Received Import Request.
  Time since last request: 0.000035 seconds.
  path: Assets/_3rdParty/Buttons/PNG/7button_green_middle.png
  artifactKey: Guid(b8ede16274078e4479b1a6b2d1e5ea06) Importer(815301076,1909f56bfc062723c751e8b465ee728b)
Start importing Assets/_3rdParty/Buttons/PNG/7button_green_middle.png using Guid(b8ede16274078e4479b1a6b2d1e5ea06) Importer(815301076,1909f56bfc062723c751e8b465ee728b)  -> (artifact id: '00000000000000000000000000000000') in 0.021531 seconds  code(4) message(Build asset version error: assets/_3rdparty/buttons/png/7button_green_middle.png.meta in SourceAssetDB has modification time of '2022-02-03T12:15:45Z' while content on disk has modification time of '2023-02-14T22:37:55.4225748Z')
  ERROR: Build asset version error: assets/_3rdparty/buttons/png/7button_green_middle.png.meta in SourceAssetDB has modification time of '2022-02-03T12:15:45Z' while content on disk has modification time of '2023-02-14T22:37:55.4225748Z'
========================================================================
Received Import Request.
  Time since last request: 0.000055 seconds.
  path: Assets/_3rdParty/Buttons/PNG/30button_red.png
  artifactKey: Guid(8fc9feebf624bba43a9df1301ccf1d8e) Importer(815301076,1909f56bfc062723c751e8b465ee728b)
Start importing Assets/_3rdParty/Buttons/PNG/30button_red.png using Guid(8fc9feebf624bba43a9df1301ccf1d8e) Importer(815301076,1909f56bfc062723c751e8b465ee728b)  -> (artifact id: '00000000000000000000000000000000') in 0.024916 seconds  code(4) message(Build asset version error: assets/_3rdparty/buttons/png/30button_red.png.meta in SourceAssetDB has modification time of '2022-02-03T12:15:43Z' while content on disk has modification time of '2023-02-14T22:37:55.4115728Z')
  ERROR: Build asset version error: assets/_3rdparty/buttons/png/30button_red.png.meta in SourceAssetDB has modification time of '2022-02-03T12:15:43Z' while content on disk has modification time of '2023-02-14T22:37:55.4115728Z'
========================================================================
Received Import Request.
  Time since last request: 0.000057 seconds.
  path: Assets/_3rdParty/Buttons/PNG/15Button_Long_Yellow.png
  artifactKey: Guid(89bbc17355dc0064aae767e8f31a93aa) Importer(815301076,1909f56bfc062723c751e8b465ee728b)
Start importing Assets/_3rdParty/Buttons/PNG/15Button_Long_Yellow.png using Guid(89bbc17355dc0064aae767e8f31a93aa) Importer(815301076,1909f56bfc062723c751e8b465ee728b)  -> (artifact id: '00000000000000000000000000000000') in 0.019935 seconds  code(4) message(Build asset version error: assets/_3rdparty/buttons/png/15button_long_yellow.png.meta in SourceAssetDB has modification time of '2022-02-03T12:15:42Z' while content on disk has modification time of '2023-02-14T22:37:55.4175742Z')
  ERROR: Build asset version error: assets/_3rdparty/buttons/png/15button_long_yellow.png.meta in SourceAssetDB has modification time of '2022-02-03T12:15:42Z' while content on disk has modification time of '2023-02-14T22:37:55.4175742Z'
========================================================================
Received Import Request.
  Time since last request: 0.000034 seconds.
  path: Assets/_3rdParty/Buttons/PNG/20bttn-midl.png
  artifactKey: Guid(7e43ca8be54e1c54aa7cf14635191ad0) Importer(815301076,1909f56bfc062723c751e8b465ee728b)
Start importing Assets/_3rdParty/Buttons/PNG/20bttn-midl.png using Guid(7e43ca8be54e1c54aa7cf14635191ad0) Importer(815301076,1909f56bfc062723c751e8b465ee728b)  -> (artifact id: '00000000000000000000000000000000') in 0.016357 seconds  code(4) message(Build asset version error: assets/_3rdparty/buttons/png/20bttn-midl.png.meta in SourceAssetDB has modification time of '2022-02-03T12:15:42Z' while content on disk has modification time of '2023-02-14T22:37:55.4105726Z')
  ERROR: Build asset version error: assets/_3rdparty/buttons/png/20bttn-midl.png.meta in SourceAssetDB has modification time of '2022-02-03T12:15:42Z' while content on disk has modification time of '2023-02-14T22:37:55.4105726Z'
========================================================================
Received Import Request.
  Time since last request: 0.000043 seconds.
  path: Assets/_3rdParty/Buttons/PNG/13Button_Long_Green.png
  artifactKey: Guid(0d80a796f0489b846a1e62dff146281c) Importer(815301076,1909f56bfc062723c751e8b465ee728b)
Start importing Assets/_3rdParty/Buttons/PNG/13Button_Long_Green.png using Guid(0d80a796f0489b846a1e62dff146281c) Importer(815301076,1909f56bfc062723c751e8b465ee728b)  -> (artifact id: '00000000000000000000000000000000') in 0.018084 seconds  code(4) message(Build asset version error: assets/_3rdparty/buttons/png/13button_long_green.png.meta in SourceAssetDB has modification time of '2022-02-03T12:15:36Z' while content on disk has modification time of '2023-02-14T22:37:55.4305784Z')
  ERROR: Build asset version error: assets/_3rdparty/buttons/png/13button_long_green.png.meta in SourceAssetDB has modification time of '2022-02-03T12:15:36Z' while content on disk has modification time of '2023-02-14T22:37:55.4305784Z'
========================================================================
Received Import Request.
  Time since last request: 0.000032 seconds.
  path: Assets/_3rdParty/Buttons/PNG/12Button_Long_Blue.png
  artifactKey: Guid(4e75355f0aa718a498d932c89b2b994c) Importer(815301076,1909f56bfc062723c751e8b465ee728b)
Start importing Assets/_3rdParty/Buttons/PNG/12Button_Long_Blue.png using Guid(4e75355f0aa718a498d932c89b2b994c) Importer(815301076,1909f56bfc062723c751e8b465ee728b)  -> (artifact id: '00000000000000000000000000000000') in 0.016122 seconds  code(4) message(Build asset version error: assets/_3rdparty/buttons/png/12button_long_blue.png.meta in SourceAssetDB has modification time of '2022-02-03T12:15:39Z' while content on disk has modification time of '2023-02-14T22:37:55.426577Z')
  ERROR: Build asset version error: assets/_3rdparty/buttons/png/12button_long_blue.png.meta in SourceAssetDB has modification time of '2022-02-03T12:15:39Z' while content on disk has modification time of '2023-02-14T22:37:55.426577Z'
========================================================================
Received Import Request.
  Time since last request: 0.000028 seconds.
  path: Assets/_3rdParty/Buttons/PNG/24Button_Midl_Blue.png
  artifactKey: Guid(9c79225b22ac62249b314de3e39f7f0c) Importer(815301076,1909f56bfc062723c751e8b465ee728b)
Start importing Assets/_3rdParty/Buttons/PNG/24Button_Midl_Blue.png using Guid(9c79225b22ac62249b314de3e39f7f0c) Importer(815301076,1909f56bfc062723c751e8b465ee728b)  -> (artifact id: '00000000000000000000000000000000') in 0.018729 seconds  code(4) message(Build asset version error: assets/_3rdparty/buttons/png/24button_midl_blue.png.meta in SourceAssetDB has modification time of '2022-02-03T12:15:43Z' while content on disk has modification time of '2023-02-14T22:37:55.4235746Z')
  ERROR: Build asset version error: assets/_3rdparty/buttons/png/24button_midl_blue.png.meta in SourceAssetDB has modification time of '2022-02-03T12:15:43Z' while content on disk has modification time of '2023-02-14T22:37:55.4235746Z'
========================================================================
Received Import Request.
  Time since last request: 0.000039 seconds.
  path: Assets/_3rdParty/Buttons/PNG/27Button_Long_Red.png
  artifactKey: Guid(184fc020424fe944584c02013872e731) Importer(815301076,1909f56bfc062723c751e8b465ee728b)
Start importing Assets/_3rdParty/Buttons/PNG/27Button_Long_Red.png using Guid(184fc020424fe944584c02013872e731) Importer(815301076,1909f56bfc062723c751e8b465ee728b)  -> (artifact id: '00000000000000000000000000000000') in 0.020570 seconds  code(4) message(Build asset version error: assets/_3rdparty/buttons/png/27button_long_red.png.meta in SourceAssetDB has modification time of '2022-02-03T12:15:37Z' while content on disk has modification time of '2023-02-14T22:37:55.438585Z')
  ERROR: Build asset version error: assets/_3rdparty/buttons/png/27button_long_red.png.meta in SourceAssetDB has modification time of '2022-02-03T12:15:37Z' while content on disk has modification time of '2023-02-14T22:37:55.438585Z'
========================================================================
Received Import Request.
  Time since last request: 0.000071 seconds.
  path: Assets/_3rdParty/Buttons/PNG/25Button_Long_Green.png
  artifactKey: Guid(75b6e4700f21ab04198e8b1f956968a0) Importer(815301076,1909f56bfc062723c751e8b465ee728b)
Start importing Assets/_3rdParty/Buttons/PNG/25Button_Long_Green.png using Guid(75b6e4700f21ab04198e8b1f956968a0) Importer(815301076,1909f56bfc062723c751e8b465ee728b)  -> (artifact id: '00000000000000000000000000000000') in 0.020456 seconds  code(4) message(Build asset version error: assets/_3rdparty/buttons/png/25button_long_green.png.meta in SourceAssetDB has modification time of '2022-02-03T12:15:40Z' while content on disk has modification time of '2023-02-14T22:37:55.4445684Z')
  ERROR: Build asset version error: assets/_3rdparty/buttons/png/25button_long_green.png.meta in SourceAssetDB has modification time of '2022-02-03T12:15:40Z' while content on disk has modification time of '2023-02-14T22:37:55.4445684Z'
========================================================================
Received Import Request.
  Time since last request: 18.483773 seconds.
  path: Assets/_3rdParty/Buttons/buttons_Back.png
  artifactKey: Guid(a3d7e7cfe6097ac49970377cbf78158f) Importer(815301076,1909f56bfc062723c751e8b465ee728b)
Start importing Assets/_3rdParty/Buttons/buttons_Back.png using Guid(a3d7e7cfe6097ac49970377cbf78158f) Importer(815301076,1909f56bfc062723c751e8b465ee728b)  -> (artifact id: '00000000000000000000000000000000') in 0.237925 seconds  code(4) message(Build asset version error: assets/_3rdparty/buttons/buttons_back.png.meta in SourceAssetDB has modification time of '2022-02-03T12:15:44Z' while content on disk has modification time of '2023-02-14T22:37:55.4195779Z')
  ERROR: Build asset version error: assets/_3rdparty/buttons/buttons_back.png.meta in SourceAssetDB has modification time of '2022-02-03T12:15:44Z' while content on disk has modification time of '2023-02-14T22:37:55.4195779Z'
========================================================================
Received Import Request.
  Time since last request: 48.878151 seconds.
  path: Assets/_3rdParty/Buttons/PNG/3button_green_middle.png
  artifactKey: Guid(a73ec2992ca135e48987416ecdcdc2c3) Importer(815301076,1909f56bfc062723c751e8b465ee728b)
Start importing Assets/_3rdParty/Buttons/PNG/3button_green_middle.png using Guid(a73ec2992ca135e48987416ecdcdc2c3) Importer(815301076,1909f56bfc062723c751e8b465ee728b)  -> (artifact id: '00000000000000000000000000000000') in 0.043054 seconds  code(4) message(Build asset version error: assets/_3rdparty/buttons/png/3button_green_middle.png.meta in SourceAssetDB has modification time of '2022-02-03T12:15:44Z' while content on disk has modification time of '2023-02-14T22:37:55.4365686Z')
  ERROR: Build asset version error: assets/_3rdparty/buttons/png/3button_green_middle.png.meta in SourceAssetDB has modification time of '2022-02-03T12:15:44Z' while content on disk has modification time of '2023-02-14T22:37:55.4365686Z'
========================================================================
Received Import Request.
  Time since last request: 0.000038 seconds.
  path: Assets/_3rdParty/Buttons/PNG/10Button_Midl_Yellow.png
  artifactKey: Guid(d7b4d635d5ebc2a4c967aed03f5c932c) Importer(815301076,1909f56bfc062723c751e8b465ee728b)
Start importing Assets/_3rdParty/Buttons/PNG/10Button_Midl_Yellow.png using Guid(d7b4d635d5ebc2a4c967aed03f5c932c) Importer(815301076,1909f56bfc062723c751e8b465ee728b)  -> (artifact id: '00000000000000000000000000000000') in 0.023787 seconds  code(4) message(Build asset version error: assets/_3rdparty/buttons/png/10button_midl_yellow.png.meta in SourceAssetDB has modification time of '2022-02-03T12:15:47Z' while content on disk has modification time of '2023-02-14T22:37:55.4485777Z')
  ERROR: Build asset version error: assets/_3rdparty/buttons/png/10button_midl_yellow.png.meta in SourceAssetDB has modification time of '2022-02-03T12:15:47Z' while content on disk has modification time of '2023-02-14T22:37:55.4485777Z'
========================================================================
Received Import Request.
  Time since last request: 0.000075 seconds.
  path: Assets/_3rdParty/Buttons/PNG/26Button_Long_Blue.png
  artifactKey: Guid(b9f146537c9d53e449ad8f389525ffe8) Importer(815301076,1909f56bfc062723c751e8b465ee728b)
Start importing Assets/_3rdParty/Buttons/PNG/26Button_Long_Blue.png using Guid(b9f146537c9d53e449ad8f389525ffe8) Importer(815301076,1909f56bfc062723c751e8b465ee728b)  -> (artifact id: '00000000000000000000000000000000') in 0.020506 seconds  code(4) message(Build asset version error: assets/_3rdparty/buttons/png/26button_long_blue.png.meta in SourceAssetDB has modification time of '2022-02-03T12:15:46Z' while content on disk has modification time of '2023-02-14T22:37:55.4165804Z')
  ERROR: Build asset version error: assets/_3rdparty/buttons/png/26button_long_blue.png.meta in SourceAssetDB has modification time of '2022-02-03T12:15:46Z' while content on disk has modification time of '2023-02-14T22:37:55.4165804Z'
========================================================================
Received Import Request.
  Time since last request: 0.000043 seconds.
  path: Assets/_3rdParty/Buttons/PNG/29button_blue.png
  artifactKey: Guid(2a941afa0b6b78c4ab83921ab447685b) Importer(815301076,1909f56bfc062723c751e8b465ee728b)
Start importing Assets/_3rdParty/Buttons/PNG/29button_blue.png using Guid(2a941afa0b6b78c4ab83921ab447685b) Importer(815301076,1909f56bfc062723c751e8b465ee728b)  -> (artifact id: '00000000000000000000000000000000') in 0.021462 seconds  code(4) message(Build asset version error: assets/_3rdparty/buttons/png/29button_blue.png.meta in SourceAssetDB has modification time of '2022-02-03T12:15:38Z' while content on disk has modification time of '2023-02-14T22:37:55.4135765Z')
  ERROR: Build asset version error: assets/_3rdparty/buttons/png/29button_blue.png.meta in SourceAssetDB has modification time of '2022-02-03T12:15:38Z' while content on disk has modification time of '2023-02-14T22:37:55.4135765Z'
========================================================================
Received Import Request.
  Time since last request: 0.000028 seconds.
  path: Assets/_3rdParty/Buttons/PNG/7button_green_middle.png
  artifactKey: Guid(b8ede16274078e4479b1a6b2d1e5ea06) Importer(815301076,1909f56bfc062723c751e8b465ee728b)
Start importing Assets/_3rdParty/Buttons/PNG/7button_green_middle.png using Guid(b8ede16274078e4479b1a6b2d1e5ea06) Importer(815301076,1909f56bfc062723c751e8b465ee728b)  -> (artifact id: '00000000000000000000000000000000') in 0.027946 seconds  code(4) message(Build asset version error: assets/_3rdparty/buttons/png/7button_green_middle.png.meta in SourceAssetDB has modification time of '2022-02-03T12:15:45Z' while content on disk has modification time of '2023-02-14T22:37:55.4225748Z')
  ERROR: Build asset version error: assets/_3rdparty/buttons/png/7button_green_middle.png.meta in SourceAssetDB has modification time of '2022-02-03T12:15:45Z' while content on disk has modification time of '2023-02-14T22:37:55.4225748Z'
========================================================================
Received Import Request.
  Time since last request: 0.000087 seconds.
  path: Assets/_3rdParty/Buttons/PNG/22Button_Midl_Green.png
  artifactKey: Guid(bf625ae84f769384fb0cd1cc52d14971) Importer(815301076,1909f56bfc062723c751e8b465ee728b)
Start importing Assets/_3rdParty/Buttons/PNG/22Button_Midl_Green.png using Guid(bf625ae84f769384fb0cd1cc52d14971) Importer(815301076,1909f56bfc062723c751e8b465ee728b)  -> (artifact id: '00000000000000000000000000000000') in 0.022916 seconds  code(4) message(Build asset version error: assets/_3rdparty/buttons/png/22button_midl_green.png.meta in SourceAssetDB has modification time of '2022-02-03T12:15:46Z' while content on disk has modification time of '2023-02-14T22:37:55.4435688Z')
  ERROR: Build asset version error: assets/_3rdparty/buttons/png/22button_midl_green.png.meta in SourceAssetDB has modification time of '2022-02-03T12:15:46Z' while content on disk has modification time of '2023-02-14T22:37:55.4435688Z'
========================================================================
Received Import Request.
  Time since last request: 0.000035 seconds.
  path: Assets/_3rdParty/Buttons/PNG/20bttn-midl.png
  artifactKey: Guid(7e43ca8be54e1c54aa7cf14635191ad0) Importer(815301076,1909f56bfc062723c751e8b465ee728b)
Start importing Assets/_3rdParty/Buttons/PNG/20bttn-midl.png using Guid(7e43ca8be54e1c54aa7cf14635191ad0) Importer(815301076,1909f56bfc062723c751e8b465ee728b)  -> (artifact id: '00000000000000000000000000000000') in 0.015156 seconds  code(4) message(Build asset version error: assets/_3rdparty/buttons/png/20bttn-midl.png.meta in SourceAssetDB has modification time of '2022-02-03T12:15:42Z' while content on disk has modification time of '2023-02-14T22:37:55.4105726Z')
  ERROR: Build asset version error: assets/_3rdparty/buttons/png/20bttn-midl.png.meta in SourceAssetDB has modification time of '2022-02-03T12:15:42Z' while content on disk has modification time of '2023-02-14T22:37:55.4105726Z'
========================================================================
Received Import Request.
  Time since last request: 0.000072 seconds.
  path: Assets/_3rdParty/Buttons/PNG/11Button_Midl_Blue.png
  artifactKey: Guid(779b95c4bc6a9534299af022ce6c4d5c) Importer(815301076,1909f56bfc062723c751e8b465ee728b)
Start importing Assets/_3rdParty/Buttons/PNG/11Button_Midl_Blue.png using Guid(779b95c4bc6a9534299af022ce6c4d5c) Importer(815301076,1909f56bfc062723c751e8b465ee728b)  -> (artifact id: '00000000000000000000000000000000') in 0.015596 seconds  code(4) message(Build asset version error: assets/_3rdparty/buttons/png/11button_midl_blue.png.meta in SourceAssetDB has modification time of '2022-02-03T12:15:41Z' while content on disk has modification time of '2023-02-14T22:37:55.4275758Z')
  ERROR: Build asset version error: assets/_3rdparty/buttons/png/11button_midl_blue.png.meta in SourceAssetDB has modification time of '2022-02-03T12:15:41Z' while content on disk has modification time of '2023-02-14T22:37:55.4275758Z'
========================================================================
Received Import Request.
  Time since last request: 0.000029 seconds.
  path: Assets/_3rdParty/Buttons/PNG/24Button_Midl_Blue.png
  artifactKey: Guid(9c79225b22ac62249b314de3e39f7f0c) Importer(815301076,1909f56bfc062723c751e8b465ee728b)
Start importing Assets/_3rdParty/Buttons/PNG/24Button_Midl_Blue.png using Guid(9c79225b22ac62249b314de3e39f7f0c) Importer(815301076,1909f56bfc062723c751e8b465ee728b)  -> (artifact id: '00000000000000000000000000000000') in 0.015354 seconds  code(4) message(Build asset version error: assets/_3rdparty/buttons/png/24button_midl_blue.png.meta in SourceAssetDB has modification time of '2022-02-03T12:15:43Z' while content on disk has modification time of '2023-02-14T22:37:55.4235746Z')
  ERROR: Build asset version error: assets/_3rdparty/buttons/png/24button_midl_blue.png.meta in SourceAssetDB has modification time of '2022-02-03T12:15:43Z' while content on disk has modification time of '2023-02-14T22:37:55.4235746Z'
========================================================================
Received Import Request.
  Time since last request: 0.000051 seconds.
  path: Assets/_3rdParty/Buttons/PNG/27Button_Long_Red.png
  artifactKey: Guid(184fc020424fe944584c02013872e731) Importer(815301076,1909f56bfc062723c751e8b465ee728b)
Start importing Assets/_3rdParty/Buttons/PNG/27Button_Long_Red.png using Guid(184fc020424fe944584c02013872e731) Importer(815301076,1909f56bfc062723c751e8b465ee728b)  -> (artifact id: '00000000000000000000000000000000') in 0.015191 seconds  code(4) message(Build asset version error: assets/_3rdparty/buttons/png/27button_long_red.png.meta in SourceAssetDB has modification time of '2022-02-03T12:15:37Z' while content on disk has modification time of '2023-02-14T22:37:55.438585Z')
  ERROR: Build asset version error: assets/_3rdparty/buttons/png/27button_long_red.png.meta in SourceAssetDB has modification time of '2022-02-03T12:15:37Z' while content on disk has modification time of '2023-02-14T22:37:55.438585Z'
========================================================================
Received Prepare
Registering precompiled user dll's ...
Registered in 0.012366 seconds.
Begin MonoManager ReloadAssembly
Symbol file LoadedFromMemory doesn't match image C:\Users\kagan\Flaguess\Library\PackageCache\com.unity.visualscripting@1.8.0\Editor\VisualScripting.Core\Dependencies\YamlDotNet\Unity.VisualScripting.YamlDotNet.dll
Symbol file LoadedFromMemory doesn't match image C:\Users\kagan\Flaguess\Library\PackageCache\com.unity.visualscripting@1.8.0\Editor\VisualScripting.Core\Dependencies\DotNetZip\Unity.VisualScripting.IonicZip.dll
Native extension for UWP target not found
Native extension for WindowsStandalone target not found
Native extension for Android target not found
Refreshing native plugins compatible for Editor in 1.29 ms, found 4 plugins.
Preloading 0 native plugins for Editor in 0.00 ms.
Mono: successfully reloaded assembly
- Completed reload, in  1.714 seconds
Domain Reload Profiling:
	ReloadAssembly (1715ms)
		BeginReloadAssembly (157ms)
			ExecutionOrderSort (0ms)
			DisableScriptedObjects (9ms)
			BackupInstance (0ms)
			ReleaseScriptingObjects (0ms)
			CreateAndSetChildDomain (44ms)
		EndReloadAssembly (1370ms)
			LoadAssemblies (120ms)
			RebuildTransferFunctionScriptingTraits (0ms)
			SetupTypeCache (438ms)
			ReleaseScriptCaches (2ms)
			RebuildScriptCaches (90ms)
			SetupLoadedEditorAssemblies (583ms)
				LogAssemblyErrors (0ms)
				InitializePlatformSupportModulesInManaged (45ms)
				SetLoadedEditorAssemblies (1ms)
				RefreshPlugins (1ms)
				BeforeProcessingInitializeOnLoad (125ms)
				ProcessInitializeOnLoadAttributes (339ms)
				ProcessInitializeOnLoadMethodAttributes (61ms)
				AfterProcessingInitializeOnLoad (11ms)
				EditorAssembliesLoaded (0ms)
			ExecutionOrderSort2 (0ms)
			AwakeInstancesAfterBackupRestoration (22ms)
Platform modules already initialized, skipping
Refreshing native plugins compatible for Editor in 5.69 ms, found 4 plugins.
Preloading 0 native plugins for Editor in 0.00 ms.
Unloading 3834 Unused Serialized files (Serialized files now loaded: 0)
Unloading 30 unused Assets / (196.0 KB). Loaded Objects now: 4360.
Memory consumption went from 150.5 MB to 150.3 MB.
Total: 5.481000 ms (FindLiveObjects: 0.380600 ms CreateObjectMapping: 0.328600 ms MarkObjects: 4.562800 ms  DeleteObjects: 0.207700 ms)

AssetImportParameters requested are different than current active one (requested -> active):
  custom:video-decoder-ogg-theora: a1e56fd34408186e4bbccfd4996cb3dc -> 
  custom:container-muxer-webm: aa71ff27fc2769a1b78a27578f13a17b -> 
  custom:container-demuxer-webm: 4f35f7cbe854078d1ac9338744f61a02 -> 
  custom:video-encoder-webm-vp8: eb34c28f22e8b96e1ab97ce403110664 -> 
  custom:video-codec-MediaFoundation-h265: 746d11721c4dcdbdad8f713fa42b33f4 -> 
  custom:audio-encoder-webm-vorbis: bf7c407c2cedff20999df2af8eb42d56 -> 
  custom:framework-win-MediaFoundation: 216162199b28c13a410421893ffa2e32 -> 
  custom:container-demuxer-ogg: 62fdf1f143b41e24485cea50d1cbac27 -> 
  custom:video-decoder-webm-vp8: 9c59270c3fd7afecdb556c50c9e8de78 -> 
  custom:audio-decoder-ogg-vorbis: bf7c407c2cedff20999df2af8eb42d56 -> 
========================================================================
Received Import Request.
  Time since last request: 10.443826 seconds.
  path: Assets/_3rdParty/Buttons/PNG/17bttn-little.png
  artifactKey: Guid(458a99bacc6c65340806334f4d449fc7) Importer(815301076,1909f56bfc062723c751e8b465ee728b)
Start importing Assets/_3rdParty/Buttons/PNG/17bttn-little.png using Guid(458a99bacc6c65340806334f4d449fc7) Importer(815301076,1909f56bfc062723c751e8b465ee728b)  -> (artifact id: '00000000000000000000000000000000') in 0.098682 seconds  code(4) message(Build asset version error: assets/_3rdparty/buttons/png/17bttn-little.png.meta in SourceAssetDB has modification time of '2022-02-03T12:15:39Z' while content on disk has modification time of '2023-02-14T22:37:55.415577Z')
  ERROR: Build asset version error: assets/_3rdparty/buttons/png/17bttn-little.png.meta in SourceAssetDB has modification time of '2022-02-03T12:15:39Z' while content on disk has modification time of '2023-02-14T22:37:55.415577Z'
========================================================================
Received Import Request.
  Time since last request: 0.000081 seconds.
  path: Assets/_3rdParty/Buttons/PNG/5button_blue_middle.png
  artifactKey: Guid(dad1da2ca9b01964288f231323af48ec) Importer(815301076,1909f56bfc062723c751e8b465ee728b)
Start importing Assets/_3rdParty/Buttons/PNG/5button_blue_middle.png using Guid(dad1da2ca9b01964288f231323af48ec) Importer(815301076,1909f56bfc062723c751e8b465ee728b)  -> (artifact id: '00000000000000000000000000000000') in 0.022383 seconds  code(4) message(Build asset version error: assets/_3rdparty/buttons/png/5button_blue_middle.png.meta in SourceAssetDB has modification time of '2022-02-03T12:15:47Z' while content on disk has modification time of '2023-02-14T22:37:55.4185751Z')
  ERROR: Build asset version error: assets/_3rdparty/buttons/png/5button_blue_middle.png.meta in SourceAssetDB has modification time of '2022-02-03T12:15:47Z' while content on disk has modification time of '2023-02-14T22:37:55.4185751Z'
========================================================================
Received Import Request.
  Time since last request: 0.000072 seconds.
  path: Assets/_3rdParty/Buttons/PNG/2button_blue_middle.png
  artifactKey: Guid(2b6e58e066a469c499d930cd4a4ceade) Importer(815301076,1909f56bfc062723c751e8b465ee728b)
Start importing Assets/_3rdParty/Buttons/PNG/2button_blue_middle.png using Guid(2b6e58e066a469c499d930cd4a4ceade) Importer(815301076,1909f56bfc062723c751e8b465ee728b)  -> (artifact id: '00000000000000000000000000000000') in 0.019714 seconds  code(4) message(Build asset version error: assets/_3rdparty/buttons/png/2button_blue_middle.png.meta in SourceAssetDB has modification time of '2022-02-03T12:15:38Z' while content on disk has modification time of '2023-02-14T22:37:55.4215684Z')
  ERROR: Build asset version error: assets/_3rdparty/buttons/png/2button_blue_middle.png.meta in SourceAssetDB has modification time of '2022-02-03T12:15:38Z' while content on disk has modification time of '2023-02-14T22:37:55.4215684Z'
========================================================================
Received Import Request.
  Time since last request: 0.000036 seconds.
  path: Assets/_3rdParty/Buttons/PNG/6button_green_middle.png
  artifactKey: Guid(a16c91ca6a9a60b4596b57635c8a3e71) Importer(815301076,1909f56bfc062723c751e8b465ee728b)
Start importing Assets/_3rdParty/Buttons/PNG/6button_green_middle.png using Guid(a16c91ca6a9a60b4596b57635c8a3e71) Importer(815301076,1909f56bfc062723c751e8b465ee728b)  -> (artifact id: '00000000000000000000000000000000') in 0.019750 seconds  code(4) message(Build asset version error: assets/_3rdparty/buttons/png/6button_green_middle.png.meta in SourceAssetDB has modification time of '2022-02-03T12:15:44Z' while content on disk has modification time of '2023-02-14T22:37:55.4325892Z')
  ERROR: Build asset version error: assets/_3rdparty/buttons/png/6button_green_middle.png.meta in SourceAssetDB has modification time of '2022-02-03T12:15:44Z' while content on disk has modification time of '2023-02-14T22:37:55.4325892Z'
========================================================================
Received Import Request.
  Time since last request: 0.000051 seconds.
  path: Assets/_3rdParty/Buttons/PNG/4button_green_middle.png
  artifactKey: Guid(fafb57e9cc0c62245a6bd4d42a895309) Importer(815301076,1909f56bfc062723c751e8b465ee728b)
Start importing Assets/_3rdParty/Buttons/PNG/4button_green_middle.png using Guid(fafb57e9cc0c62245a6bd4d42a895309) Importer(815301076,1909f56bfc062723c751e8b465ee728b)  -> (artifact id: '00000000000000000000000000000000') in 0.016873 seconds  code(4) message(Build asset version error: assets/_3rdparty/buttons/png/4button_green_middle.png.meta in SourceAssetDB has modification time of '2022-02-03T12:15:48Z' while content on disk has modification time of '2023-02-14T22:37:55.4475907Z')
  ERROR: Build asset version error: assets/_3rdparty/buttons/png/4button_green_middle.png.meta in SourceAssetDB has modification time of '2022-02-03T12:15:48Z' while content on disk has modification time of '2023-02-14T22:37:55.4475907Z'
========================================================================
Received Import Request.
  Time since last request: 0.000053 seconds.
  path: Assets/_3rdParty/Buttons/PNG/1button_green_middle.png
  artifactKey: Guid(233e23c919e7ad548a3ffa20d2c1d7be) Importer(815301076,1909f56bfc062723c751e8b465ee728b)
Start importing Assets/_3rdParty/Buttons/PNG/1button_green_middle.png using Guid(233e23c919e7ad548a3ffa20d2c1d7be) Importer(815301076,1909f56bfc062723c751e8b465ee728b)  -> (artifact id: '00000000000000000000000000000000') in 0.019480 seconds  code(4) message(Build asset version error: assets/_3rdparty/buttons/png/1button_green_middle.png.meta in SourceAssetDB has modification time of '2022-02-03T12:15:37Z' while content on disk has modification time of '2023-02-14T22:37:55.4355745Z')
  ERROR: Build asset version error: assets/_3rdparty/buttons/png/1button_green_middle.png.meta in SourceAssetDB has modification time of '2022-02-03T12:15:37Z' while content on disk has modification time of '2023-02-14T22:37:55.4355745Z'
========================================================================
Received Import Request.
  Time since last request: 0.000070 seconds.
  path: Assets/_3rdParty/Buttons/PNG/16bttn-little.png
  artifactKey: Guid(e14856af1ef6fc9449b0c62fc9e5ed9b) Importer(815301076,1909f56bfc062723c751e8b465ee728b)
Start importing Assets/_3rdParty/Buttons/PNG/16bttn-little.png using Guid(e14856af1ef6fc9449b0c62fc9e5ed9b) Importer(815301076,1909f56bfc062723c751e8b465ee728b)  -> (artifact id: '00000000000000000000000000000000') in 0.012574 seconds  code(4) message(Build asset version error: assets/_3rdparty/buttons/png/16bttn-little.png.meta in SourceAssetDB has modification time of '2022-02-03T12:15:47Z' while content on disk has modification time of '2023-02-14T22:37:55.414576Z')
  ERROR: Build asset version error: assets/_3rdparty/buttons/png/16bttn-little.png.meta in SourceAssetDB has modification time of '2022-02-03T12:15:47Z' while content on disk has modification time of '2023-02-14T22:37:55.414576Z'
========================================================================
Received Import Request.
  Time since last request: 0.000037 seconds.
  path: Assets/_3rdParty/Buttons/PNG/12Button_Long_Blue.png
  artifactKey: Guid(4e75355f0aa718a498d932c89b2b994c) Importer(815301076,1909f56bfc062723c751e8b465ee728b)
Start importing Assets/_3rdParty/Buttons/PNG/12Button_Long_Blue.png using Guid(4e75355f0aa718a498d932c89b2b994c) Importer(815301076,1909f56bfc062723c751e8b465ee728b)  -> (artifact id: '00000000000000000000000000000000') in 0.018338 seconds  code(4) message(Build asset version error: assets/_3rdparty/buttons/png/12button_long_blue.png.meta in SourceAssetDB has modification time of '2022-02-03T12:15:39Z' while content on disk has modification time of '2023-02-14T22:37:55.426577Z')
  ERROR: Build asset version error: assets/_3rdparty/buttons/png/12button_long_blue.png.meta in SourceAssetDB has modification time of '2022-02-03T12:15:39Z' while content on disk has modification time of '2023-02-14T22:37:55.426577Z'
========================================================================
Received Import Request.
  Time since last request: 0.000054 seconds.
  path: Assets/_3rdParty/Buttons/PNG/9Button_Midl_Green.png
  artifactKey: Guid(70ce67e982fddb74289530c17f57aac3) Importer(815301076,1909f56bfc062723c751e8b465ee728b)
Start importing Assets/_3rdParty/Buttons/PNG/9Button_Midl_Green.png using Guid(70ce67e982fddb74289530c17f57aac3) Importer(815301076,1909f56bfc062723c751e8b465ee728b)  -> (artifact id: '00000000000000000000000000000000') in 0.016392 seconds  code(4) message(Build asset version error: assets/_3rdparty/buttons/png/9button_midl_green.png.meta in SourceAssetDB has modification time of '2022-02-03T12:15:40Z' while content on disk has modification time of '2023-02-14T22:37:55.440569Z')
  ERROR: Build asset version error: assets/_3rdparty/buttons/png/9button_midl_green.png.meta in SourceAssetDB has modification time of '2022-02-03T12:15:40Z' while content on disk has modification time of '2023-02-14T22:37:55.440569Z'
========================================================================
Received Import Request.
  Time since last request: 0.000027 seconds.
  path: Assets/_3rdParty/Buttons/PNG/25Button_Long_Green.png
  artifactKey: Guid(75b6e4700f21ab04198e8b1f956968a0) Importer(815301076,1909f56bfc062723c751e8b465ee728b)
Start importing Assets/_3rdParty/Buttons/PNG/25Button_Long_Green.png using Guid(75b6e4700f21ab04198e8b1f956968a0) Importer(815301076,1909f56bfc062723c751e8b465ee728b)  -> (artifact id: '00000000000000000000000000000000') in 0.015508 seconds  code(4) message(Build asset version error: assets/_3rdparty/buttons/png/25button_long_green.png.meta in SourceAssetDB has modification time of '2022-02-03T12:15:40Z' while content on disk has modification time of '2023-02-14T22:37:55.4445684Z')
  ERROR: Build asset version error: assets/_3rdparty/buttons/png/25button_long_green.png.meta in SourceAssetDB has modification time of '2022-02-03T12:15:40Z' while content on disk has modification time of '2023-02-14T22:37:55.4445684Z'
========================================================================
Received Import Request.
  Time since last request: 32.614929 seconds.
  path: Assets/_3rdParty/Buttons/PNG/3button_green_middle.png
  artifactKey: Guid(a73ec2992ca135e48987416ecdcdc2c3) Importer(815301076,1909f56bfc062723c751e8b465ee728b)
Start importing Assets/_3rdParty/Buttons/PNG/3button_green_middle.png using Guid(a73ec2992ca135e48987416ecdcdc2c3) Importer(815301076,1909f56bfc062723c751e8b465ee728b)  -> (artifact id: '00000000000000000000000000000000') in 0.021280 seconds  code(4) message(Build asset version error: assets/_3rdparty/buttons/png/3button_green_middle.png.meta in SourceAssetDB has modification time of '2022-02-03T12:15:44Z' while content on disk has modification time of '2023-02-14T22:37:55.4365686Z')
  ERROR: Build asset version error: assets/_3rdparty/buttons/png/3button_green_middle.png.meta in SourceAssetDB has modification time of '2022-02-03T12:15:44Z' while content on disk has modification time of '2023-02-14T22:37:55.4365686Z'
========================================================================
Received Import Request.
  Time since last request: 0.000039 seconds.
  path: Assets/_3rdParty/Buttons/PNG/8Button_Midl_Red.png
  artifactKey: Guid(36fe1d766c5df3343b1eb1b5d524afbd) Importer(815301076,1909f56bfc062723c751e8b465ee728b)
Start importing Assets/_3rdParty/Buttons/PNG/8Button_Midl_Red.png using Guid(36fe1d766c5df3343b1eb1b5d524afbd) Importer(815301076,1909f56bfc062723c751e8b465ee728b)  -> (artifact id: '00000000000000000000000000000000') in 0.015090 seconds  code(4) message(Build asset version error: assets/_3rdparty/buttons/png/8button_midl_red.png.meta in SourceAssetDB has modification time of '2022-02-03T12:15:39Z' while content on disk has modification time of '2023-02-14T22:37:55.4415698Z')
  ERROR: Build asset version error: assets/_3rdparty/buttons/png/8button_midl_red.png.meta in SourceAssetDB has modification time of '2022-02-03T12:15:39Z' while content on disk has modification time of '2023-02-14T22:37:55.4415698Z'
========================================================================
Received Import Request.
  Time since last request: 0.000029 seconds.
  path: Assets/_3rdParty/Buttons/PNG/21bttn-midl.png
  artifactKey: Guid(7786f021e2e01224596039df378dc25d) Importer(815301076,1909f56bfc062723c751e8b465ee728b)
Start importing Assets/_3rdParty/Buttons/PNG/21bttn-midl.png using Guid(7786f021e2e01224596039df378dc25d) Importer(815301076,1909f56bfc062723c751e8b465ee728b)  -> (artifact id: '00000000000000000000000000000000') in 0.013355 seconds  code(4) message(Build asset version error: assets/_3rdparty/buttons/png/21bttn-midl.png.meta in SourceAssetDB has modification time of '2022-02-03T12:15:41Z' while content on disk has modification time of '2023-02-14T22:37:55.4455747Z')
  ERROR: Build asset version error: assets/_3rdparty/buttons/png/21bttn-midl.png.meta in SourceAssetDB has modification time of '2022-02-03T12:15:41Z' while content on disk has modification time of '2023-02-14T22:37:55.4455747Z'
========================================================================
Received Import Request.
  Time since last request: 0.000047 seconds.
  path: Assets/_3rdParty/Buttons/PNG/29button_blue.png
  artifactKey: Guid(2a941afa0b6b78c4ab83921ab447685b) Importer(815301076,1909f56bfc062723c751e8b465ee728b)
Start importing Assets/_3rdParty/Buttons/PNG/29button_blue.png using Guid(2a941afa0b6b78c4ab83921ab447685b) Importer(815301076,1909f56bfc062723c751e8b465ee728b)  -> (artifact id: '00000000000000000000000000000000') in 0.016613 seconds  code(4) message(Build asset version error: assets/_3rdparty/buttons/png/29button_blue.png.meta in SourceAssetDB has modification time of '2022-02-03T12:15:38Z' while content on disk has modification time of '2023-02-14T22:37:55.4135765Z')
  ERROR: Build asset version error: assets/_3rdparty/buttons/png/29button_blue.png.meta in SourceAssetDB has modification time of '2022-02-03T12:15:38Z' while content on disk has modification time of '2023-02-14T22:37:55.4135765Z'
========================================================================
Received Import Request.
  Time since last request: 0.000046 seconds.
  path: Assets/_3rdParty/Buttons/PNG/18bttn-little.png
  artifactKey: Guid(7e73e4be78a578649bd6c28e037ef6fa) Importer(815301076,1909f56bfc062723c751e8b465ee728b)
Start importing Assets/_3rdParty/Buttons/PNG/18bttn-little.png using Guid(7e73e4be78a578649bd6c28e037ef6fa) Importer(815301076,1909f56bfc062723c751e8b465ee728b)  -> (artifact id: '00000000000000000000000000000000') in 0.015112 seconds  code(4) message(Build asset version error: assets/_3rdparty/buttons/png/18bttn-little.png.meta in SourceAssetDB has modification time of '2022-02-03T12:15:42Z' while content on disk has modification time of '2023-02-14T22:37:55.4345736Z')
  ERROR: Build asset version error: assets/_3rdparty/buttons/png/18bttn-little.png.meta in SourceAssetDB has modification time of '2022-02-03T12:15:42Z' while content on disk has modification time of '2023-02-14T22:37:55.4345736Z'
========================================================================
Received Import Request.
  Time since last request: 0.000036 seconds.
  path: Assets/_3rdParty/Buttons/PNG/30button_red.png
  artifactKey: Guid(8fc9feebf624bba43a9df1301ccf1d8e) Importer(815301076,1909f56bfc062723c751e8b465ee728b)
Start importing Assets/_3rdParty/Buttons/PNG/30button_red.png using Guid(8fc9feebf624bba43a9df1301ccf1d8e) Importer(815301076,1909f56bfc062723c751e8b465ee728b)  -> (artifact id: '00000000000000000000000000000000') in 0.015108 seconds  code(4) message(Build asset version error: assets/_3rdparty/buttons/png/30button_red.png.meta in SourceAssetDB has modification time of '2022-02-03T12:15:43Z' while content on disk has modification time of '2023-02-14T22:37:55.4115728Z')
  ERROR: Build asset version error: assets/_3rdparty/buttons/png/30button_red.png.meta in SourceAssetDB has modification time of '2022-02-03T12:15:43Z' while content on disk has modification time of '2023-02-14T22:37:55.4115728Z'
========================================================================
Received Import Request.
  Time since last request: 0.000042 seconds.
  path: Assets/_3rdParty/Buttons/PNG/28button_green.png
  artifactKey: Guid(131de190cb93c60499d0da6a2b7c592d) Importer(815301076,1909f56bfc062723c751e8b465ee728b)
Start importing Assets/_3rdParty/Buttons/PNG/28button_green.png using Guid(131de190cb93c60499d0da6a2b7c592d) Importer(815301076,1909f56bfc062723c751e8b465ee728b)  -> (artifact id: '00000000000000000000000000000000') in 0.014269 seconds  code(4) message(Build asset version error: assets/_3rdparty/buttons/png/28button_green.png.meta in SourceAssetDB has modification time of '2022-02-03T12:15:36Z' while content on disk has modification time of '2023-02-14T22:37:55.4245738Z')
  ERROR: Build asset version error: assets/_3rdparty/buttons/png/28button_green.png.meta in SourceAssetDB has modification time of '2022-02-03T12:15:36Z' while content on disk has modification time of '2023-02-14T22:37:55.4245738Z'
========================================================================
Received Import Request.
  Time since last request: 0.000032 seconds.
  path: Assets/_3rdParty/Buttons/PNG/13Button_Long_Green.png
  artifactKey: Guid(0d80a796f0489b846a1e62dff146281c) Importer(815301076,1909f56bfc062723c751e8b465ee728b)
Start importing Assets/_3rdParty/Buttons/PNG/13Button_Long_Green.png using Guid(0d80a796f0489b846a1e62dff146281c) Importer(815301076,1909f56bfc062723c751e8b465ee728b)  -> (artifact id: '00000000000000000000000000000000') in 0.020164 seconds  code(4) message(Build asset version error: assets/_3rdparty/buttons/png/13button_long_green.png.meta in SourceAssetDB has modification time of '2022-02-03T12:15:36Z' while content on disk has modification time of '2023-02-14T22:37:55.4305784Z')
  ERROR: Build asset version error: assets/_3rdparty/buttons/png/13button_long_green.png.meta in SourceAssetDB has modification time of '2022-02-03T12:15:36Z' while content on disk has modification time of '2023-02-14T22:37:55.4305784Z'
========================================================================
Received Import Request.
  Time since last request: 0.000092 seconds.
  path: Assets/_3rdParty/Buttons/PNG/23Button_Midl_Red.png
  artifactKey: Guid(cb1fee516d444164abc17d4b2050d4c2) Importer(815301076,1909f56bfc062723c751e8b465ee728b)
Start importing Assets/_3rdParty/Buttons/PNG/23Button_Midl_Red.png using Guid(cb1fee516d444164abc17d4b2050d4c2) Importer(815301076,1909f56bfc062723c751e8b465ee728b)  -> (artifact id: '00000000000000000000000000000000') in 0.015996 seconds  code(4) message(Build asset version error: assets/_3rdparty/buttons/png/23button_midl_red.png.meta in SourceAssetDB has modification time of '2022-02-03T12:15:46Z' while content on disk has modification time of '2023-02-14T22:37:55.4125736Z')
  ERROR: Build asset version error: assets/_3rdparty/buttons/png/23button_midl_red.png.meta in SourceAssetDB has modification time of '2022-02-03T12:15:46Z' while content on disk has modification time of '2023-02-14T22:37:55.4125736Z'
========================================================================
Received Import Request.
  Time since last request: 0.000045 seconds.
  path: Assets/_3rdParty/Buttons/PNG/27Button_Long_Red.png
  artifactKey: Guid(184fc020424fe944584c02013872e731) Importer(815301076,1909f56bfc062723c751e8b465ee728b)
Start importing Assets/_3rdParty/Buttons/PNG/27Button_Long_Red.png using Guid(184fc020424fe944584c02013872e731) Importer(815301076,1909f56bfc062723c751e8b465ee728b)  -> (artifact id: '00000000000000000000000000000000') in 0.017602 seconds  code(4) message(Build asset version error: assets/_3rdparty/buttons/png/27button_long_red.png.meta in SourceAssetDB has modification time of '2022-02-03T12:15:37Z' while content on disk has modification time of '2023-02-14T22:37:55.438585Z')
  ERROR: Build asset version error: assets/_3rdparty/buttons/png/27button_long_red.png.meta in SourceAssetDB has modification time of '2022-02-03T12:15:37Z' while content on disk has modification time of '2023-02-14T22:37:55.438585Z'
Editor requested this worker to shutdown with reason: Scaling down because of idle timeout
AssetImportWorker is now disconnected from the server
Process exiting
Exiting without the bug reporter. Application will terminate with return code 0