Using pre-set license
Built from '2021.3/staging' branch; Version is '2021.3.18f1 (3129e69bc0c7) revision 3221990'; Using compiler version '192829333'; Build Type 'Release'
OS: 'Windows 11  (10.0.22621) 64bit Core' Language: 'en' Physical Memory: 16254 MB
BatchMode: 1, IsHumanControllingUs: 0, StartBugReporterOnCrash: 0, Is64bit: 1, IsPro: 1

COMMAND LINE ARGUMENTS:
C:\Program Files\Unity\Hub\Editor\2021.3.18f1\Editor\Unity.exe
-adb2
-batchMode
-noUpm
-name
AssetImportWorker17
-projectPath
C:/Users/kagan/Flaguess
-logFile
Logs/AssetImportWorker17.log
-srvPort
62796
Successfully changed project path to: C:/Users/kagan/Flaguess
C:/Users/kagan/Flaguess
[UnityMemory] Configuration Parameters - Can be set up in boot.config
    "memorysetup-bucket-allocator-granularity=16"
    "memorysetup-bucket-allocator-bucket-count=8"
    "memorysetup-bucket-allocator-block-size=33554432"
    "memorysetup-bucket-allocator-block-count=8"
    "memorysetup-main-allocator-block-size=16777216"
    "memorysetup-thread-allocator-block-size=16777216"
    "memorysetup-gfx-main-allocator-block-size=16777216"
    "memorysetup-gfx-thread-allocator-block-size=16777216"
    "memorysetup-cache-allocator-block-size=4194304"
    "memorysetup-typetree-allocator-block-size=2097152"
    "memorysetup-profiler-bucket-allocator-granularity=16"
    "memorysetup-profiler-bucket-allocator-bucket-count=8"
    "memorysetup-profiler-bucket-allocator-block-size=33554432"
    "memorysetup-profiler-bucket-allocator-block-count=8"
    "memorysetup-profiler-allocator-block-size=16777216"
    "memorysetup-profiler-editor-allocator-block-size=1048576"
    "memorysetup-temp-allocator-size-main=16777216"
    "memorysetup-job-temp-allocator-block-size=2097152"
    "memorysetup-job-temp-allocator-block-size-background=1048576"
    "memorysetup-job-temp-allocator-reduction-small-platforms=262144"
    "memorysetup-temp-allocator-size-background-worker=32768"
    "memorysetup-temp-allocator-size-job-worker=262144"
    "memorysetup-temp-allocator-size-preload-manager=33554432"
    "memorysetup-temp-allocator-size-nav-mesh-worker=65536"
    "memorysetup-temp-allocator-size-audio-worker=65536"
    "memorysetup-temp-allocator-size-cloud-worker=32768"
    "memorysetup-temp-allocator-size-gi-baking-worker=262144"
    "memorysetup-temp-allocator-size-gfx=262144"
Player connection [17124] Host "[IP] 192.168.0.27 [Port] 0 [Flags] 2 [Guid] 3575335089 [EditorId] 3575335089 [Version] 1048832 [Id] WindowsEditor(7,Kagan) [Debug] 1 [PackageName] WindowsEditor [ProjectName] Editor" joined multi-casting on [225.0.0.222:54997]...

Player connection [17124] Host "[IP] 192.168.0.27 [Port] 0 [Flags] 2 [Guid] 3575335089 [EditorId] 3575335089 [Version] 1048832 [Id] WindowsEditor(7,Kagan) [Debug] 1 [PackageName] WindowsEditor [ProjectName] Editor" joined alternative multi-casting on [225.0.0.222:34997]...

Refreshing native plugins compatible for Editor in 103.61 ms, found 4 plugins.
Preloading 0 native plugins for Editor in 0.00 ms.
Initialize engine version: 2021.3.18f1 (3129e69bc0c7)
[Subsystems] Discovering subsystems at path C:/Program Files/Unity/Hub/Editor/2021.3.18f1/Editor/Data/Resources/UnitySubsystems
[Subsystems] Discovering subsystems at path C:/Users/kagan/Flaguess/Assets
GfxDevice: creating device client; threaded=0; jobified=0
Direct3D:
    Version:  Direct3D 11.0 [level 11.1]
    Renderer: NVIDIA GeForce GTX 1050 Ti (ID=0x1c8c)
    Vendor:   NVIDIA
    VRAM:     4017 MB
    Driver:   31.0.15.2849
Initialize mono
Mono path[0] = 'C:/Program Files/Unity/Hub/Editor/2021.3.18f1/Editor/Data/Managed'
Mono path[1] = 'C:/Program Files/Unity/Hub/Editor/2021.3.18f1/Editor/Data/MonoBleedingEdge/lib/mono/unityjit-win32'
Mono config path = 'C:/Program Files/Unity/Hub/Editor/2021.3.18f1/Editor/Data/MonoBleedingEdge/etc'
Using monoOptions --debugger-agent=transport=dt_socket,embedding=1,server=y,suspend=n,address=127.0.0.1:56948
Begin MonoManager ReloadAssembly
Registering precompiled unity dll's ...
Register platform support module: C:/Program Files/Unity/Hub/Editor/2021.3.18f1/Editor/Data/PlaybackEngines/AndroidPlayer/UnityEditor.Android.Extensions.dll
Register platform support module: C:/Program Files/Unity/Hub/Editor/2021.3.18f1/Editor/Data/PlaybackEngines/WindowsStandaloneSupport/UnityEditor.WindowsStandalone.Extensions.dll
Register platform support module: C:/Program Files/Unity/Hub/Editor/2021.3.18f1/Editor/Data/PlaybackEngines/MetroSupport/UnityEditor.UWP.Extensions.dll
Registered in 0.007177 seconds.
Native extension for UWP target not found
Native extension for WindowsStandalone target not found
Native extension for Android target not found
Android Extension - Scanning For ADB Devices 335 ms
Refreshing native plugins compatible for Editor in 100.42 ms, found 4 plugins.
Preloading 0 native plugins for Editor in 0.00 ms.
Mono: successfully reloaded assembly
- Completed reload, in  1.051 seconds
Domain Reload Profiling:
	ReloadAssembly (1051ms)
		BeginReloadAssembly (78ms)
			ExecutionOrderSort (0ms)
			DisableScriptedObjects (0ms)
			BackupInstance (0ms)
			ReleaseScriptingObjects (0ms)
			CreateAndSetChildDomain (1ms)
		EndReloadAssembly (854ms)
			LoadAssemblies (77ms)
			RebuildTransferFunctionScriptingTraits (0ms)
			SetupTypeCache (120ms)
			ReleaseScriptCaches (0ms)
			RebuildScriptCaches (31ms)
			SetupLoadedEditorAssemblies (647ms)
				LogAssemblyErrors (0ms)
				InitializePlatformSupportModulesInManaged (407ms)
				SetLoadedEditorAssemblies (0ms)
				RefreshPlugins (100ms)
				BeforeProcessingInitializeOnLoad (1ms)
				ProcessInitializeOnLoadAttributes (93ms)
				ProcessInitializeOnLoadMethodAttributes (44ms)
				AfterProcessingInitializeOnLoad (0ms)
				EditorAssembliesLoaded (0ms)
			ExecutionOrderSort2 (0ms)
			AwakeInstancesAfterBackupRestoration (0ms)
Platform modules already initialized, skipping
Registering precompiled user dll's ...
Registered in 0.008304 seconds.
Begin MonoManager ReloadAssembly
Symbol file LoadedFromMemory doesn't match image C:\Users\kagan\Flaguess\Library\PackageCache\com.unity.visualscripting@1.8.0\Editor\VisualScripting.Core\Dependencies\YamlDotNet\Unity.VisualScripting.YamlDotNet.dll
Symbol file LoadedFromMemory doesn't match image C:\Users\kagan\Flaguess\Library\PackageCache\com.unity.visualscripting@1.8.0\Editor\VisualScripting.Core\Dependencies\DotNetZip\Unity.VisualScripting.IonicZip.dll
Native extension for UWP target not found
Native extension for WindowsStandalone target not found
Native extension for Android target not found
Refreshing native plugins compatible for Editor in 98.54 ms, found 4 plugins.
Preloading 0 native plugins for Editor in 0.00 ms.
Mono: successfully reloaded assembly
- Completed reload, in  1.472 seconds
Domain Reload Profiling:
	ReloadAssembly (1472ms)
		BeginReloadAssembly (213ms)
			ExecutionOrderSort (0ms)
			DisableScriptedObjects (8ms)
			BackupInstance (0ms)
			ReleaseScriptingObjects (0ms)
			CreateAndSetChildDomain (49ms)
		EndReloadAssembly (1014ms)
			LoadAssemblies (144ms)
			RebuildTransferFunctionScriptingTraits (0ms)
			SetupTypeCache (279ms)
			ReleaseScriptCaches (1ms)
			RebuildScriptCaches (68ms)
			SetupLoadedEditorAssemblies (514ms)
				LogAssemblyErrors (0ms)
				InitializePlatformSupportModulesInManaged (18ms)
				SetLoadedEditorAssemblies (0ms)
				RefreshPlugins (99ms)
				BeforeProcessingInitializeOnLoad (99ms)
				ProcessInitializeOnLoadAttributes (253ms)
				ProcessInitializeOnLoadMethodAttributes (39ms)
				AfterProcessingInitializeOnLoad (7ms)
				EditorAssembliesLoaded (0ms)
			ExecutionOrderSort2 (0ms)
			AwakeInstancesAfterBackupRestoration (10ms)
Platform modules already initialized, skipping
========================================================================
Worker process is ready to serve import requests
Launched and connected shader compiler UnityShaderCompiler.exe after 0.06 seconds
Refreshing native plugins compatible for Editor in 0.70 ms, found 4 plugins.
Preloading 0 native plugins for Editor in 0.00 ms.
Unloading 3854 Unused Serialized files (Serialized files now loaded: 0)
Unloading 43 unused Assets / (229.2 KB). Loaded Objects now: 4315.
Memory consumption went from 148.2 MB to 147.9 MB.
Total: 3.863600 ms (FindLiveObjects: 0.316200 ms CreateObjectMapping: 0.221300 ms MarkObjects: 3.163000 ms  DeleteObjects: 0.162000 ms)

AssetImportParameters requested are different than current active one (requested -> active):
  custom:video-decoder-ogg-theora: a1e56fd34408186e4bbccfd4996cb3dc -> 
  custom:container-muxer-webm: aa71ff27fc2769a1b78a27578f13a17b -> 
  custom:container-demuxer-webm: 4f35f7cbe854078d1ac9338744f61a02 -> 
  custom:video-encoder-webm-vp8: eb34c28f22e8b96e1ab97ce403110664 -> 
  custom:video-codec-MediaFoundation-h265: 746d11721c4dcdbdad8f713fa42b33f4 -> 
  custom:audio-encoder-webm-vorbis: bf7c407c2cedff20999df2af8eb42d56 -> 
  custom:framework-win-MediaFoundation: 216162199b28c13a410421893ffa2e32 -> 
  custom:container-demuxer-ogg: 62fdf1f143b41e24485cea50d1cbac27 -> 
  custom:video-decoder-webm-vp8: 9c59270c3fd7afecdb556c50c9e8de78 -> 
  custom:audio-decoder-ogg-vorbis: bf7c407c2cedff20999df2af8eb42d56 -> 
========================================================================
Received Import Request.
  Time since last request: 24647.861489 seconds.
  path: Assets/_3rdParty/Buttons/buttons.png
  artifactKey: Guid(9d6738d80b1a977408aa93f3e5b08f36) Importer(815301076,1909f56bfc062723c751e8b465ee728b)
Start importing Assets/_3rdParty/Buttons/buttons.png using Guid(9d6738d80b1a977408aa93f3e5b08f36) Importer(815301076,1909f56bfc062723c751e8b465ee728b)  -> (artifact id: '00000000000000000000000000000000') in 0.462368 seconds  code(4) message(Build asset version error: assets/_3rdparty/buttons/buttons.png.meta in SourceAssetDB has modification time of '2022-02-03T12:15:43Z' while content on disk has modification time of '2023-02-14T22:37:55.4285698Z')
  ERROR: Build asset version error: assets/_3rdparty/buttons/buttons.png.meta in SourceAssetDB has modification time of '2022-02-03T12:15:43Z' while content on disk has modification time of '2023-02-14T22:37:55.4285698Z'
========================================================================
Received Import Request.
  Time since last request: 48.655110 seconds.
  path: Assets/_3rdParty/Buttons/PNG/2button_blue_middle.png
  artifactKey: Guid(2b6e58e066a469c499d930cd4a4ceade) Importer(815301076,1909f56bfc062723c751e8b465ee728b)
Start importing Assets/_3rdParty/Buttons/PNG/2button_blue_middle.png using Guid(2b6e58e066a469c499d930cd4a4ceade) Importer(815301076,1909f56bfc062723c751e8b465ee728b)  -> (artifact id: '00000000000000000000000000000000') in 0.045057 seconds  code(4) message(Build asset version error: assets/_3rdparty/buttons/png/2button_blue_middle.png.meta in SourceAssetDB has modification time of '2022-02-03T12:15:38Z' while content on disk has modification time of '2023-02-14T22:37:55.4215684Z')
  ERROR: Build asset version error: assets/_3rdparty/buttons/png/2button_blue_middle.png.meta in SourceAssetDB has modification time of '2022-02-03T12:15:38Z' while content on disk has modification time of '2023-02-14T22:37:55.4215684Z'
========================================================================
Received Import Request.
  Time since last request: 0.000043 seconds.
  path: Assets/_3rdParty/Buttons/PNG/8Button_Midl_Red.png
  artifactKey: Guid(36fe1d766c5df3343b1eb1b5d524afbd) Importer(815301076,1909f56bfc062723c751e8b465ee728b)
Start importing Assets/_3rdParty/Buttons/PNG/8Button_Midl_Red.png using Guid(36fe1d766c5df3343b1eb1b5d524afbd) Importer(815301076,1909f56bfc062723c751e8b465ee728b)  -> (artifact id: '00000000000000000000000000000000') in 0.027930 seconds  code(4) message(Build asset version error: assets/_3rdparty/buttons/png/8button_midl_red.png.meta in SourceAssetDB has modification time of '2022-02-03T12:15:39Z' while content on disk has modification time of '2023-02-14T22:37:55.4415698Z')
  ERROR: Build asset version error: assets/_3rdparty/buttons/png/8button_midl_red.png.meta in SourceAssetDB has modification time of '2022-02-03T12:15:39Z' while content on disk has modification time of '2023-02-14T22:37:55.4415698Z'
========================================================================
Received Import Request.
  Time since last request: 0.000049 seconds.
  path: Assets/_3rdParty/Buttons/PNG/21bttn-midl.png
  artifactKey: Guid(7786f021e2e01224596039df378dc25d) Importer(815301076,1909f56bfc062723c751e8b465ee728b)
Start importing Assets/_3rdParty/Buttons/PNG/21bttn-midl.png using Guid(7786f021e2e01224596039df378dc25d) Importer(815301076,1909f56bfc062723c751e8b465ee728b)  -> (artifact id: '00000000000000000000000000000000') in 0.027967 seconds  code(4) message(Build asset version error: assets/_3rdparty/buttons/png/21bttn-midl.png.meta in SourceAssetDB has modification time of '2022-02-03T12:15:41Z' while content on disk has modification time of '2023-02-14T22:37:55.4455747Z')
  ERROR: Build asset version error: assets/_3rdparty/buttons/png/21bttn-midl.png.meta in SourceAssetDB has modification time of '2022-02-03T12:15:41Z' while content on disk has modification time of '2023-02-14T22:37:55.4455747Z'
========================================================================
Received Import Request.
  Time since last request: 0.000044 seconds.
  path: Assets/_3rdParty/Buttons/PNG/6button_green_middle.png
  artifactKey: Guid(a16c91ca6a9a60b4596b57635c8a3e71) Importer(815301076,1909f56bfc062723c751e8b465ee728b)
Start importing Assets/_3rdParty/Buttons/PNG/6button_green_middle.png using Guid(a16c91ca6a9a60b4596b57635c8a3e71) Importer(815301076,1909f56bfc062723c751e8b465ee728b)  -> (artifact id: '00000000000000000000000000000000') in 0.039297 seconds  code(4) message(Build asset version error: assets/_3rdparty/buttons/png/6button_green_middle.png.meta in SourceAssetDB has modification time of '2022-02-03T12:15:44Z' while content on disk has modification time of '2023-02-14T22:37:55.4325892Z')
  ERROR: Build asset version error: assets/_3rdparty/buttons/png/6button_green_middle.png.meta in SourceAssetDB has modification time of '2022-02-03T12:15:44Z' while content on disk has modification time of '2023-02-14T22:37:55.4325892Z'
========================================================================
Received Import Request.
  Time since last request: 0.000034 seconds.
  path: Assets/_3rdParty/Buttons/PNG/30button_red.png
  artifactKey: Guid(8fc9feebf624bba43a9df1301ccf1d8e) Importer(815301076,1909f56bfc062723c751e8b465ee728b)
Start importing Assets/_3rdParty/Buttons/PNG/30button_red.png using Guid(8fc9feebf624bba43a9df1301ccf1d8e) Importer(815301076,1909f56bfc062723c751e8b465ee728b)  -> (artifact id: '00000000000000000000000000000000') in 0.025915 seconds  code(4) message(Build asset version error: assets/_3rdparty/buttons/png/30button_red.png.meta in SourceAssetDB has modification time of '2022-02-03T12:15:43Z' while content on disk has modification time of '2023-02-14T22:37:55.4115728Z')
  ERROR: Build asset version error: assets/_3rdparty/buttons/png/30button_red.png.meta in SourceAssetDB has modification time of '2022-02-03T12:15:43Z' while content on disk has modification time of '2023-02-14T22:37:55.4115728Z'
========================================================================
Received Import Request.
  Time since last request: 0.000044 seconds.
  path: Assets/_3rdParty/Buttons/PNG/28button_green.png
  artifactKey: Guid(131de190cb93c60499d0da6a2b7c592d) Importer(815301076,1909f56bfc062723c751e8b465ee728b)
Start importing Assets/_3rdParty/Buttons/PNG/28button_green.png using Guid(131de190cb93c60499d0da6a2b7c592d) Importer(815301076,1909f56bfc062723c751e8b465ee728b)  -> (artifact id: '00000000000000000000000000000000') in 0.014992 seconds  code(4) message(Build asset version error: assets/_3rdparty/buttons/png/28button_green.png.meta in SourceAssetDB has modification time of '2022-02-03T12:15:36Z' while content on disk has modification time of '2023-02-14T22:37:55.4245738Z')
  ERROR: Build asset version error: assets/_3rdparty/buttons/png/28button_green.png.meta in SourceAssetDB has modification time of '2022-02-03T12:15:36Z' while content on disk has modification time of '2023-02-14T22:37:55.4245738Z'
========================================================================
Received Import Request.
  Time since last request: 0.000101 seconds.
  path: Assets/_3rdParty/Buttons/PNG/13Button_Long_Green.png
  artifactKey: Guid(0d80a796f0489b846a1e62dff146281c) Importer(815301076,1909f56bfc062723c751e8b465ee728b)
Start importing Assets/_3rdParty/Buttons/PNG/13Button_Long_Green.png using Guid(0d80a796f0489b846a1e62dff146281c) Importer(815301076,1909f56bfc062723c751e8b465ee728b)  -> (artifact id: '00000000000000000000000000000000') in 0.025958 seconds  code(4) message(Build asset version error: assets/_3rdparty/buttons/png/13button_long_green.png.meta in SourceAssetDB has modification time of '2022-02-03T12:15:36Z' while content on disk has modification time of '2023-02-14T22:37:55.4305784Z')
  ERROR: Build asset version error: assets/_3rdparty/buttons/png/13button_long_green.png.meta in SourceAssetDB has modification time of '2022-02-03T12:15:36Z' while content on disk has modification time of '2023-02-14T22:37:55.4305784Z'
========================================================================
Received Import Request.
  Time since last request: 0.000027 seconds.
  path: Assets/_3rdParty/Buttons/PNG/23Button_Midl_Red.png
  artifactKey: Guid(cb1fee516d444164abc17d4b2050d4c2) Importer(815301076,1909f56bfc062723c751e8b465ee728b)
Start importing Assets/_3rdParty/Buttons/PNG/23Button_Midl_Red.png using Guid(cb1fee516d444164abc17d4b2050d4c2) Importer(815301076,1909f56bfc062723c751e8b465ee728b)  -> (artifact id: '00000000000000000000000000000000') in 0.017392 seconds  code(4) message(Build asset version error: assets/_3rdparty/buttons/png/23button_midl_red.png.meta in SourceAssetDB has modification time of '2022-02-03T12:15:46Z' while content on disk has modification time of '2023-02-14T22:37:55.4125736Z')
  ERROR: Build asset version error: assets/_3rdparty/buttons/png/23button_midl_red.png.meta in SourceAssetDB has modification time of '2022-02-03T12:15:46Z' while content on disk has modification time of '2023-02-14T22:37:55.4125736Z'
========================================================================
Received Import Request.
  Time since last request: 0.000032 seconds.
  path: Assets/_3rdParty/Buttons/PNG/25Button_Long_Green.png
  artifactKey: Guid(75b6e4700f21ab04198e8b1f956968a0) Importer(815301076,1909f56bfc062723c751e8b465ee728b)
Start importing Assets/_3rdParty/Buttons/PNG/25Button_Long_Green.png using Guid(75b6e4700f21ab04198e8b1f956968a0) Importer(815301076,1909f56bfc062723c751e8b465ee728b)  -> (artifact id: '00000000000000000000000000000000') in 0.019575 seconds  code(4) message(Build asset version error: assets/_3rdparty/buttons/png/25button_long_green.png.meta in SourceAssetDB has modification time of '2022-02-03T12:15:40Z' while content on disk has modification time of '2023-02-14T22:37:55.4445684Z')
  ERROR: Build asset version error: assets/_3rdparty/buttons/png/25button_long_green.png.meta in SourceAssetDB has modification time of '2022-02-03T12:15:40Z' while content on disk has modification time of '2023-02-14T22:37:55.4445684Z'
========================================================================
Received Prepare
Registering precompiled user dll's ...
Registered in 0.010856 seconds.
Begin MonoManager ReloadAssembly
Symbol file LoadedFromMemory doesn't match image C:\Users\kagan\Flaguess\Library\PackageCache\com.unity.visualscripting@1.8.0\Editor\VisualScripting.Core\Dependencies\YamlDotNet\Unity.VisualScripting.YamlDotNet.dll
Symbol file LoadedFromMemory doesn't match image C:\Users\kagan\Flaguess\Library\PackageCache\com.unity.visualscripting@1.8.0\Editor\VisualScripting.Core\Dependencies\DotNetZip\Unity.VisualScripting.IonicZip.dll
Native extension for UWP target not found
Native extension for WindowsStandalone target not found
Native extension for Android target not found
Refreshing native plugins compatible for Editor in 1.46 ms, found 4 plugins.
Preloading 0 native plugins for Editor in 0.00 ms.
Mono: successfully reloaded assembly
- Completed reload, in  1.739 seconds
Domain Reload Profiling:
	ReloadAssembly (1740ms)
		BeginReloadAssembly (157ms)
			ExecutionOrderSort (0ms)
			DisableScriptedObjects (9ms)
			BackupInstance (0ms)
			ReleaseScriptingObjects (0ms)
			CreateAndSetChildDomain (44ms)
		EndReloadAssembly (1398ms)
			LoadAssemblies (125ms)
			RebuildTransferFunctionScriptingTraits (0ms)
			SetupTypeCache (454ms)
			ReleaseScriptCaches (2ms)
			RebuildScriptCaches (91ms)
			SetupLoadedEditorAssemblies (591ms)
				LogAssemblyErrors (0ms)
				InitializePlatformSupportModulesInManaged (44ms)
				SetLoadedEditorAssemblies (1ms)
				RefreshPlugins (2ms)
				BeforeProcessingInitializeOnLoad (128ms)
				ProcessInitializeOnLoadAttributes (341ms)
				ProcessInitializeOnLoadMethodAttributes (64ms)
				AfterProcessingInitializeOnLoad (12ms)
				EditorAssembliesLoaded (0ms)
			ExecutionOrderSort2 (0ms)
			AwakeInstancesAfterBackupRestoration (18ms)
Platform modules already initialized, skipping
Refreshing native plugins compatible for Editor in 3.44 ms, found 4 plugins.
Preloading 0 native plugins for Editor in 0.00 ms.
Unloading 3834 Unused Serialized files (Serialized files now loaded: 0)
Unloading 30 unused Assets / (196.0 KB). Loaded Objects now: 4348.
Memory consumption went from 150.5 MB to 150.3 MB.
Total: 7.145100 ms (FindLiveObjects: 0.496600 ms CreateObjectMapping: 0.320700 ms MarkObjects: 6.140900 ms  DeleteObjects: 0.183700 ms)

AssetImportParameters requested are different than current active one (requested -> active):
  custom:video-decoder-ogg-theora: a1e56fd34408186e4bbccfd4996cb3dc -> 
  custom:container-muxer-webm: aa71ff27fc2769a1b78a27578f13a17b -> 
  custom:container-demuxer-webm: 4f35f7cbe854078d1ac9338744f61a02 -> 
  custom:video-encoder-webm-vp8: eb34c28f22e8b96e1ab97ce403110664 -> 
  custom:video-codec-MediaFoundation-h265: 746d11721c4dcdbdad8f713fa42b33f4 -> 
  custom:audio-encoder-webm-vorbis: bf7c407c2cedff20999df2af8eb42d56 -> 
  custom:framework-win-MediaFoundation: 216162199b28c13a410421893ffa2e32 -> 
  custom:container-demuxer-ogg: 62fdf1f143b41e24485cea50d1cbac27 -> 
  custom:video-decoder-webm-vp8: 9c59270c3fd7afecdb556c50c9e8de78 -> 
  custom:audio-decoder-ogg-vorbis: bf7c407c2cedff20999df2af8eb42d56 -> 
========================================================================
Received Import Request.
  Time since last request: 10.464077 seconds.
  path: Assets/_3rdParty/Buttons/PNG/8Button_Midl_Red.png
  artifactKey: Guid(36fe1d766c5df3343b1eb1b5d524afbd) Importer(815301076,1909f56bfc062723c751e8b465ee728b)
Start importing Assets/_3rdParty/Buttons/PNG/8Button_Midl_Red.png using Guid(36fe1d766c5df3343b1eb1b5d524afbd) Importer(815301076,1909f56bfc062723c751e8b465ee728b)  -> (artifact id: '00000000000000000000000000000000') in 0.090462 seconds  code(4) message(Build asset version error: assets/_3rdparty/buttons/png/8button_midl_red.png.meta in SourceAssetDB has modification time of '2022-02-03T12:15:39Z' while content on disk has modification time of '2023-02-14T22:37:55.4415698Z')
  ERROR: Build asset version error: assets/_3rdparty/buttons/png/8button_midl_red.png.meta in SourceAssetDB has modification time of '2022-02-03T12:15:39Z' while content on disk has modification time of '2023-02-14T22:37:55.4415698Z'
========================================================================
Received Import Request.
  Time since last request: 0.000055 seconds.
  path: Assets/_3rdParty/Buttons/PNG/21bttn-midl.png
  artifactKey: Guid(7786f021e2e01224596039df378dc25d) Importer(815301076,1909f56bfc062723c751e8b465ee728b)
Start importing Assets/_3rdParty/Buttons/PNG/21bttn-midl.png using Guid(7786f021e2e01224596039df378dc25d) Importer(815301076,1909f56bfc062723c751e8b465ee728b)  -> (artifact id: '00000000000000000000000000000000') in 0.018777 seconds  code(4) message(Build asset version error: assets/_3rdparty/buttons/png/21bttn-midl.png.meta in SourceAssetDB has modification time of '2022-02-03T12:15:41Z' while content on disk has modification time of '2023-02-14T22:37:55.4455747Z')
  ERROR: Build asset version error: assets/_3rdparty/buttons/png/21bttn-midl.png.meta in SourceAssetDB has modification time of '2022-02-03T12:15:41Z' while content on disk has modification time of '2023-02-14T22:37:55.4455747Z'
========================================================================
Received Import Request.
  Time since last request: 0.000034 seconds.
  path: Assets/_3rdParty/Buttons/PNG/29button_blue.png
  artifactKey: Guid(2a941afa0b6b78c4ab83921ab447685b) Importer(815301076,1909f56bfc062723c751e8b465ee728b)
Start importing Assets/_3rdParty/Buttons/PNG/29button_blue.png using Guid(2a941afa0b6b78c4ab83921ab447685b) Importer(815301076,1909f56bfc062723c751e8b465ee728b)  -> (artifact id: '00000000000000000000000000000000') in 0.016271 seconds  code(4) message(Build asset version error: assets/_3rdparty/buttons/png/29button_blue.png.meta in SourceAssetDB has modification time of '2022-02-03T12:15:38Z' while content on disk has modification time of '2023-02-14T22:37:55.4135765Z')
  ERROR: Build asset version error: assets/_3rdparty/buttons/png/29button_blue.png.meta in SourceAssetDB has modification time of '2022-02-03T12:15:38Z' while content on disk has modification time of '2023-02-14T22:37:55.4135765Z'
========================================================================
Received Import Request.
  Time since last request: 0.000031 seconds.
  path: Assets/_3rdParty/Buttons/PNG/18bttn-little.png
  artifactKey: Guid(7e73e4be78a578649bd6c28e037ef6fa) Importer(815301076,1909f56bfc062723c751e8b465ee728b)
Start importing Assets/_3rdParty/Buttons/PNG/18bttn-little.png using Guid(7e73e4be78a578649bd6c28e037ef6fa) Importer(815301076,1909f56bfc062723c751e8b465ee728b)  -> (artifact id: '00000000000000000000000000000000') in 0.014394 seconds  code(4) message(Build asset version error: assets/_3rdparty/buttons/png/18bttn-little.png.meta in SourceAssetDB has modification time of '2022-02-03T12:15:42Z' while content on disk has modification time of '2023-02-14T22:37:55.4345736Z')
  ERROR: Build asset version error: assets/_3rdparty/buttons/png/18bttn-little.png.meta in SourceAssetDB has modification time of '2022-02-03T12:15:42Z' while content on disk has modification time of '2023-02-14T22:37:55.4345736Z'
========================================================================
Received Import Request.
  Time since last request: 0.000074 seconds.
  path: Assets/_3rdParty/Buttons/PNG/30button_red.png
  artifactKey: Guid(8fc9feebf624bba43a9df1301ccf1d8e) Importer(815301076,1909f56bfc062723c751e8b465ee728b)
Start importing Assets/_3rdParty/Buttons/PNG/30button_red.png using Guid(8fc9feebf624bba43a9df1301ccf1d8e) Importer(815301076,1909f56bfc062723c751e8b465ee728b)  -> (artifact id: '00000000000000000000000000000000') in 0.010609 seconds  code(4) message(Build asset version error: assets/_3rdparty/buttons/png/30button_red.png.meta in SourceAssetDB has modification time of '2022-02-03T12:15:43Z' while content on disk has modification time of '2023-02-14T22:37:55.4115728Z')
  ERROR: Build asset version error: assets/_3rdparty/buttons/png/30button_red.png.meta in SourceAssetDB has modification time of '2022-02-03T12:15:43Z' while content on disk has modification time of '2023-02-14T22:37:55.4115728Z'
========================================================================
Received Import Request.
  Time since last request: 0.000051 seconds.
  path: Assets/_3rdParty/Buttons/PNG/22Button_Midl_Green.png
  artifactKey: Guid(bf625ae84f769384fb0cd1cc52d14971) Importer(815301076,1909f56bfc062723c751e8b465ee728b)
Start importing Assets/_3rdParty/Buttons/PNG/22Button_Midl_Green.png using Guid(bf625ae84f769384fb0cd1cc52d14971) Importer(815301076,1909f56bfc062723c751e8b465ee728b)  -> (artifact id: '00000000000000000000000000000000') in 0.017022 seconds  code(4) message(Build asset version error: assets/_3rdparty/buttons/png/22button_midl_green.png.meta in SourceAssetDB has modification time of '2022-02-03T12:15:46Z' while content on disk has modification time of '2023-02-14T22:37:55.4435688Z')
  ERROR: Build asset version error: assets/_3rdparty/buttons/png/22button_midl_green.png.meta in SourceAssetDB has modification time of '2022-02-03T12:15:46Z' while content on disk has modification time of '2023-02-14T22:37:55.4435688Z'
========================================================================
Received Import Request.
  Time since last request: 0.000033 seconds.
  path: Assets/_3rdParty/Buttons/PNG/20bttn-midl.png
  artifactKey: Guid(7e43ca8be54e1c54aa7cf14635191ad0) Importer(815301076,1909f56bfc062723c751e8b465ee728b)
Start importing Assets/_3rdParty/Buttons/PNG/20bttn-midl.png using Guid(7e43ca8be54e1c54aa7cf14635191ad0) Importer(815301076,1909f56bfc062723c751e8b465ee728b)  -> (artifact id: '00000000000000000000000000000000') in 0.011885 seconds  code(4) message(Build asset version error: assets/_3rdparty/buttons/png/20bttn-midl.png.meta in SourceAssetDB has modification time of '2022-02-03T12:15:42Z' while content on disk has modification time of '2023-02-14T22:37:55.4105726Z')
  ERROR: Build asset version error: assets/_3rdparty/buttons/png/20bttn-midl.png.meta in SourceAssetDB has modification time of '2022-02-03T12:15:42Z' while content on disk has modification time of '2023-02-14T22:37:55.4105726Z'
========================================================================
Received Import Request.
  Time since last request: 0.000058 seconds.
  path: Assets/_3rdParty/Buttons/PNG/11Button_Midl_Blue.png
  artifactKey: Guid(779b95c4bc6a9534299af022ce6c4d5c) Importer(815301076,1909f56bfc062723c751e8b465ee728b)
Start importing Assets/_3rdParty/Buttons/PNG/11Button_Midl_Blue.png using Guid(779b95c4bc6a9534299af022ce6c4d5c) Importer(815301076,1909f56bfc062723c751e8b465ee728b)  -> (artifact id: '00000000000000000000000000000000') in 0.017287 seconds  code(4) message(Build asset version error: assets/_3rdparty/buttons/png/11button_midl_blue.png.meta in SourceAssetDB has modification time of '2022-02-03T12:15:41Z' while content on disk has modification time of '2023-02-14T22:37:55.4275758Z')
  ERROR: Build asset version error: assets/_3rdparty/buttons/png/11button_midl_blue.png.meta in SourceAssetDB has modification time of '2022-02-03T12:15:41Z' while content on disk has modification time of '2023-02-14T22:37:55.4275758Z'
========================================================================
Received Import Request.
  Time since last request: 0.000087 seconds.
  path: Assets/_3rdParty/Buttons/PNG/24Button_Midl_Blue.png
  artifactKey: Guid(9c79225b22ac62249b314de3e39f7f0c) Importer(815301076,1909f56bfc062723c751e8b465ee728b)
Start importing Assets/_3rdParty/Buttons/PNG/24Button_Midl_Blue.png using Guid(9c79225b22ac62249b314de3e39f7f0c) Importer(815301076,1909f56bfc062723c751e8b465ee728b)  -> (artifact id: '00000000000000000000000000000000') in 0.015560 seconds  code(4) message(Build asset version error: assets/_3rdparty/buttons/png/24button_midl_blue.png.meta in SourceAssetDB has modification time of '2022-02-03T12:15:43Z' while content on disk has modification time of '2023-02-14T22:37:55.4235746Z')
  ERROR: Build asset version error: assets/_3rdparty/buttons/png/24button_midl_blue.png.meta in SourceAssetDB has modification time of '2022-02-03T12:15:43Z' while content on disk has modification time of '2023-02-14T22:37:55.4235746Z'
========================================================================
Received Import Request.
  Time since last request: 0.000027 seconds.
  path: Assets/_3rdParty/Buttons/PNG/14Button_Long_Red.png
  artifactKey: Guid(5e73cb0b2d2843f479811a41ea243999) Importer(815301076,1909f56bfc062723c751e8b465ee728b)
Start importing Assets/_3rdParty/Buttons/PNG/14Button_Long_Red.png using Guid(5e73cb0b2d2843f479811a41ea243999) Importer(815301076,1909f56bfc062723c751e8b465ee728b)  -> (artifact id: '00000000000000000000000000000000') in 0.016134 seconds  code(4) message(Build asset version error: assets/_3rdparty/buttons/png/14button_long_red.png.meta in SourceAssetDB has modification time of '2022-02-03T12:15:40Z' while content on disk has modification time of '2023-02-14T22:37:55.449576Z')
  ERROR: Build asset version error: assets/_3rdparty/buttons/png/14button_long_red.png.meta in SourceAssetDB has modification time of '2022-02-03T12:15:40Z' while content on disk has modification time of '2023-02-14T22:37:55.449576Z'
========================================================================
Received Import Request.
  Time since last request: 32.614550 seconds.
  path: Assets/_3rdParty/Buttons/PNG/2button_blue_middle.png
  artifactKey: Guid(2b6e58e066a469c499d930cd4a4ceade) Importer(815301076,1909f56bfc062723c751e8b465ee728b)
Start importing Assets/_3rdParty/Buttons/PNG/2button_blue_middle.png using Guid(2b6e58e066a469c499d930cd4a4ceade) Importer(815301076,1909f56bfc062723c751e8b465ee728b)  -> (artifact id: '00000000000000000000000000000000') in 0.016962 seconds  code(4) message(Build asset version error: assets/_3rdparty/buttons/png/2button_blue_middle.png.meta in SourceAssetDB has modification time of '2022-02-03T12:15:38Z' while content on disk has modification time of '2023-02-14T22:37:55.4215684Z')
  ERROR: Build asset version error: assets/_3rdparty/buttons/png/2button_blue_middle.png.meta in SourceAssetDB has modification time of '2022-02-03T12:15:38Z' while content on disk has modification time of '2023-02-14T22:37:55.4215684Z'
========================================================================
Received Import Request.
  Time since last request: 0.000051 seconds.
  path: Assets/_3rdParty/Buttons/PNG/10Button_Midl_Yellow.png
  artifactKey: Guid(d7b4d635d5ebc2a4c967aed03f5c932c) Importer(815301076,1909f56bfc062723c751e8b465ee728b)
Start importing Assets/_3rdParty/Buttons/PNG/10Button_Midl_Yellow.png using Guid(d7b4d635d5ebc2a4c967aed03f5c932c) Importer(815301076,1909f56bfc062723c751e8b465ee728b)  -> (artifact id: '00000000000000000000000000000000') in 0.016882 seconds  code(4) message(Build asset version error: assets/_3rdparty/buttons/png/10button_midl_yellow.png.meta in SourceAssetDB has modification time of '2022-02-03T12:15:47Z' while content on disk has modification time of '2023-02-14T22:37:55.4485777Z')
  ERROR: Build asset version error: assets/_3rdparty/buttons/png/10button_midl_yellow.png.meta in SourceAssetDB has modification time of '2022-02-03T12:15:47Z' while content on disk has modification time of '2023-02-14T22:37:55.4485777Z'
========================================================================
Received Import Request.
  Time since last request: 0.000130 seconds.
  path: Assets/_3rdParty/Buttons/PNG/26Button_Long_Blue.png
  artifactKey: Guid(b9f146537c9d53e449ad8f389525ffe8) Importer(815301076,1909f56bfc062723c751e8b465ee728b)
Start importing Assets/_3rdParty/Buttons/PNG/26Button_Long_Blue.png using Guid(b9f146537c9d53e449ad8f389525ffe8) Importer(815301076,1909f56bfc062723c751e8b465ee728b)  -> (artifact id: '00000000000000000000000000000000') in 0.014178 seconds  code(4) message(Build asset version error: assets/_3rdparty/buttons/png/26button_long_blue.png.meta in SourceAssetDB has modification time of '2022-02-03T12:15:46Z' while content on disk has modification time of '2023-02-14T22:37:55.4165804Z')
  ERROR: Build asset version error: assets/_3rdparty/buttons/png/26button_long_blue.png.meta in SourceAssetDB has modification time of '2022-02-03T12:15:46Z' while content on disk has modification time of '2023-02-14T22:37:55.4165804Z'
========================================================================
Received Import Request.
  Time since last request: 0.000066 seconds.
  path: Assets/_3rdParty/Buttons/PNG/19bttn-midl.png
  artifactKey: Guid(aa3bf53c498deb44b80ad60af801942c) Importer(815301076,1909f56bfc062723c751e8b465ee728b)
Start importing Assets/_3rdParty/Buttons/PNG/19bttn-midl.png using Guid(aa3bf53c498deb44b80ad60af801942c) Importer(815301076,1909f56bfc062723c751e8b465ee728b)  -> (artifact id: '00000000000000000000000000000000') in 0.020254 seconds  code(4) message(Build asset version error: assets/_3rdparty/buttons/png/19bttn-midl.png.meta in SourceAssetDB has modification time of '2022-02-03T12:15:45Z' while content on disk has modification time of '2023-02-14T22:37:55.4295765Z')
  ERROR: Build asset version error: assets/_3rdparty/buttons/png/19bttn-midl.png.meta in SourceAssetDB has modification time of '2022-02-03T12:15:45Z' while content on disk has modification time of '2023-02-14T22:37:55.4295765Z'
========================================================================
Received Import Request.
  Time since last request: 0.000024 seconds.
  path: Assets/_3rdParty/Buttons/PNG/7button_green_middle.png
  artifactKey: Guid(b8ede16274078e4479b1a6b2d1e5ea06) Importer(815301076,1909f56bfc062723c751e8b465ee728b)
Start importing Assets/_3rdParty/Buttons/PNG/7button_green_middle.png using Guid(b8ede16274078e4479b1a6b2d1e5ea06) Importer(815301076,1909f56bfc062723c751e8b465ee728b)  -> (artifact id: '00000000000000000000000000000000') in 0.024289 seconds  code(4) message(Build asset version error: assets/_3rdparty/buttons/png/7button_green_middle.png.meta in SourceAssetDB has modification time of '2022-02-03T12:15:45Z' while content on disk has modification time of '2023-02-14T22:37:55.4225748Z')
  ERROR: Build asset version error: assets/_3rdparty/buttons/png/7button_green_middle.png.meta in SourceAssetDB has modification time of '2022-02-03T12:15:45Z' while content on disk has modification time of '2023-02-14T22:37:55.4225748Z'
========================================================================
Received Import Request.
  Time since last request: 0.000044 seconds.
  path: Assets/_3rdParty/Buttons/PNG/22Button_Midl_Green.png
  artifactKey: Guid(bf625ae84f769384fb0cd1cc52d14971) Importer(815301076,1909f56bfc062723c751e8b465ee728b)
Start importing Assets/_3rdParty/Buttons/PNG/22Button_Midl_Green.png using Guid(bf625ae84f769384fb0cd1cc52d14971) Importer(815301076,1909f56bfc062723c751e8b465ee728b)  -> (artifact id: '00000000000000000000000000000000') in 0.016564 seconds  code(4) message(Build asset version error: assets/_3rdparty/buttons/png/22button_midl_green.png.meta in SourceAssetDB has modification time of '2022-02-03T12:15:46Z' while content on disk has modification time of '2023-02-14T22:37:55.4435688Z')
  ERROR: Build asset version error: assets/_3rdparty/buttons/png/22button_midl_green.png.meta in SourceAssetDB has modification time of '2022-02-03T12:15:46Z' while content on disk has modification time of '2023-02-14T22:37:55.4435688Z'
========================================================================
Received Import Request.
  Time since last request: 0.000110 seconds.
  path: Assets/_3rdParty/Buttons/PNG/20bttn-midl.png
  artifactKey: Guid(7e43ca8be54e1c54aa7cf14635191ad0) Importer(815301076,1909f56bfc062723c751e8b465ee728b)
Start importing Assets/_3rdParty/Buttons/PNG/20bttn-midl.png using Guid(7e43ca8be54e1c54aa7cf14635191ad0) Importer(815301076,1909f56bfc062723c751e8b465ee728b)  -> (artifact id: '00000000000000000000000000000000') in 0.015741 seconds  code(4) message(Build asset version error: assets/_3rdparty/buttons/png/20bttn-midl.png.meta in SourceAssetDB has modification time of '2022-02-03T12:15:42Z' while content on disk has modification time of '2023-02-14T22:37:55.4105726Z')
  ERROR: Build asset version error: assets/_3rdparty/buttons/png/20bttn-midl.png.meta in SourceAssetDB has modification time of '2022-02-03T12:15:42Z' while content on disk has modification time of '2023-02-14T22:37:55.4105726Z'
========================================================================
Received Import Request.
  Time since last request: 0.000033 seconds.
  path: Assets/_3rdParty/Buttons/PNG/11Button_Midl_Blue.png
  artifactKey: Guid(779b95c4bc6a9534299af022ce6c4d5c) Importer(815301076,1909f56bfc062723c751e8b465ee728b)
Start importing Assets/_3rdParty/Buttons/PNG/11Button_Midl_Blue.png using Guid(779b95c4bc6a9534299af022ce6c4d5c) Importer(815301076,1909f56bfc062723c751e8b465ee728b)  -> (artifact id: '00000000000000000000000000000000') in 0.018425 seconds  code(4) message(Build asset version error: assets/_3rdparty/buttons/png/11button_midl_blue.png.meta in SourceAssetDB has modification time of '2022-02-03T12:15:41Z' while content on disk has modification time of '2023-02-14T22:37:55.4275758Z')
  ERROR: Build asset version error: assets/_3rdparty/buttons/png/11button_midl_blue.png.meta in SourceAssetDB has modification time of '2022-02-03T12:15:41Z' while content on disk has modification time of '2023-02-14T22:37:55.4275758Z'
========================================================================
Received Import Request.
  Time since last request: 0.000071 seconds.
  path: Assets/_3rdParty/Buttons/PNG/24Button_Midl_Blue.png
  artifactKey: Guid(9c79225b22ac62249b314de3e39f7f0c) Importer(815301076,1909f56bfc062723c751e8b465ee728b)
Start importing Assets/_3rdParty/Buttons/PNG/24Button_Midl_Blue.png using Guid(9c79225b22ac62249b314de3e39f7f0c) Importer(815301076,1909f56bfc062723c751e8b465ee728b)  -> (artifact id: '00000000000000000000000000000000') in 0.016393 seconds  code(4) message(Build asset version error: assets/_3rdparty/buttons/png/24button_midl_blue.png.meta in SourceAssetDB has modification time of '2022-02-03T12:15:43Z' while content on disk has modification time of '2023-02-14T22:37:55.4235746Z')
  ERROR: Build asset version error: assets/_3rdparty/buttons/png/24button_midl_blue.png.meta in SourceAssetDB has modification time of '2022-02-03T12:15:43Z' while content on disk has modification time of '2023-02-14T22:37:55.4235746Z'
========================================================================
Received Import Request.
  Time since last request: 0.000044 seconds.
  path: Assets/_3rdParty/Buttons/PNG/14Button_Long_Red.png
  artifactKey: Guid(5e73cb0b2d2843f479811a41ea243999) Importer(815301076,1909f56bfc062723c751e8b465ee728b)
Start importing Assets/_3rdParty/Buttons/PNG/14Button_Long_Red.png using Guid(5e73cb0b2d2843f479811a41ea243999) Importer(815301076,1909f56bfc062723c751e8b465ee728b)  -> (artifact id: '00000000000000000000000000000000') in 0.018793 seconds  code(4) message(Build asset version error: assets/_3rdparty/buttons/png/14button_long_red.png.meta in SourceAssetDB has modification time of '2022-02-03T12:15:40Z' while content on disk has modification time of '2023-02-14T22:37:55.449576Z')
  ERROR: Build asset version error: assets/_3rdparty/buttons/png/14button_long_red.png.meta in SourceAssetDB has modification time of '2022-02-03T12:15:40Z' while content on disk has modification time of '2023-02-14T22:37:55.449576Z'
========================================================================
Received Prepare
Registering precompiled user dll's ...
Registered in 0.009321 seconds.
Begin MonoManager ReloadAssembly
Symbol file LoadedFromMemory doesn't match image C:\Users\kagan\Flaguess\Library\PackageCache\com.unity.visualscripting@1.8.0\Editor\VisualScripting.Core\Dependencies\YamlDotNet\Unity.VisualScripting.YamlDotNet.dll
Symbol file LoadedFromMemory doesn't match image C:\Users\kagan\Flaguess\Library\PackageCache\com.unity.visualscripting@1.8.0\Editor\VisualScripting.Core\Dependencies\DotNetZip\Unity.VisualScripting.IonicZip.dll
Native extension for UWP target not found
Native extension for WindowsStandalone target not found
Native extension for Android target not found
Refreshing native plugins compatible for Editor in 0.68 ms, found 4 plugins.
Preloading 0 native plugins for Editor in 0.00 ms.
Mono: successfully reloaded assembly
- Completed reload, in  1.116 seconds
Domain Reload Profiling:
	ReloadAssembly (1117ms)
		BeginReloadAssembly (157ms)
			ExecutionOrderSort (0ms)
			DisableScriptedObjects (9ms)
			BackupInstance (0ms)
			ReleaseScriptingObjects (0ms)
			CreateAndSetChildDomain (46ms)
		EndReloadAssembly (832ms)
			LoadAssemblies (109ms)
			RebuildTransferFunctionScriptingTraits (0ms)
			SetupTypeCache (269ms)
			ReleaseScriptCaches (1ms)
			RebuildScriptCaches (47ms)
			SetupLoadedEditorAssemblies (356ms)
				LogAssemblyErrors (0ms)
				InitializePlatformSupportModulesInManaged (28ms)
				SetLoadedEditorAssemblies (0ms)
				RefreshPlugins (1ms)
				BeforeProcessingInitializeOnLoad (80ms)
				ProcessInitializeOnLoadAttributes (203ms)
				ProcessInitializeOnLoadMethodAttributes (35ms)
				AfterProcessingInitializeOnLoad (8ms)
				EditorAssembliesLoaded (0ms)
			ExecutionOrderSort2 (0ms)
			AwakeInstancesAfterBackupRestoration (11ms)
Platform modules already initialized, skipping
Refreshing native plugins compatible for Editor in 2.43 ms, found 4 plugins.
Preloading 0 native plugins for Editor in 0.00 ms.
Unloading 3835 Unused Serialized files (Serialized files now loaded: 0)
Unloading 30 unused Assets / (196.1 KB). Loaded Objects now: 4361.
Memory consumption went from 150.5 MB to 150.3 MB.
Total: 5.256400 ms (FindLiveObjects: 0.969800 ms CreateObjectMapping: 0.371000 ms MarkObjects: 3.547400 ms  DeleteObjects: 0.364500 ms)

AssetImportParameters requested are different than current active one (requested -> active):
  custom:video-decoder-ogg-theora: a1e56fd34408186e4bbccfd4996cb3dc -> 
  custom:container-muxer-webm: aa71ff27fc2769a1b78a27578f13a17b -> 
  custom:container-demuxer-webm: 4f35f7cbe854078d1ac9338744f61a02 -> 
  custom:video-encoder-webm-vp8: eb34c28f22e8b96e1ab97ce403110664 -> 
  custom:video-codec-MediaFoundation-h265: 746d11721c4dcdbdad8f713fa42b33f4 -> 
  custom:audio-encoder-webm-vorbis: bf7c407c2cedff20999df2af8eb42d56 -> 
  custom:framework-win-MediaFoundation: 216162199b28c13a410421893ffa2e32 -> 
  custom:container-demuxer-ogg: 62fdf1f143b41e24485cea50d1cbac27 -> 
  custom:video-decoder-webm-vp8: 9c59270c3fd7afecdb556c50c9e8de78 -> 
  custom:audio-decoder-ogg-vorbis: bf7c407c2cedff20999df2af8eb42d56 -> 
========================================================================
Received Import Request.
  Time since last request: 95.508565 seconds.
  path: Assets/_3rdParty/Buttons/PNG/2button_blue_middle.png
  artifactKey: Guid(2b6e58e066a469c499d930cd4a4ceade) Importer(815301076,1909f56bfc062723c751e8b465ee728b)
Start importing Assets/_3rdParty/Buttons/PNG/2button_blue_middle.png using Guid(2b6e58e066a469c499d930cd4a4ceade) Importer(815301076,1909f56bfc062723c751e8b465ee728b)  -> (artifact id: 'fa9e02baa82aa473a9b7ce5bb5d9d374') in 0.114748 seconds 
========================================================================
Received Import Request.
  Time since last request: 0.000081 seconds.
  path: Assets/_3rdParty/Buttons/PNG/10Button_Midl_Yellow.png
  artifactKey: Guid(d7b4d635d5ebc2a4c967aed03f5c932c) Importer(815301076,1909f56bfc062723c751e8b465ee728b)
Start importing Assets/_3rdParty/Buttons/PNG/10Button_Midl_Yellow.png using Guid(d7b4d635d5ebc2a4c967aed03f5c932c) Importer(815301076,1909f56bfc062723c751e8b465ee728b)  -> (artifact id: 'a0c1f7eb6db6018e0fb93d9176c02917') in 0.019120 seconds 
========================================================================
Received Import Request.
  Time since last request: 0.000238 seconds.
  path: Assets/_3rdParty/Buttons/PNG/5button_blue_middle.png
  artifactKey: Guid(dad1da2ca9b01964288f231323af48ec) Importer(815301076,1909f56bfc062723c751e8b465ee728b)
Start importing Assets/_3rdParty/Buttons/PNG/5button_blue_middle.png using Guid(dad1da2ca9b01964288f231323af48ec) Importer(815301076,1909f56bfc062723c751e8b465ee728b)  -> (artifact id: '6e560ed6879b54bca86cd98d93d940f7') in 0.031718 seconds 
========================================================================
Received Import Request.
  Time since last request: 0.000043 seconds.
  path: Assets/_3rdParty/Buttons/PNG/7button_green_middle.png
  artifactKey: Guid(b8ede16274078e4479b1a6b2d1e5ea06) Importer(815301076,1909f56bfc062723c751e8b465ee728b)
Start importing Assets/_3rdParty/Buttons/PNG/7button_green_middle.png using Guid(b8ede16274078e4479b1a6b2d1e5ea06) Importer(815301076,1909f56bfc062723c751e8b465ee728b)  -> (artifact id: '9cfeb25de5ea7d3e7f54efe4431c4e6d') in 0.039054 seconds 
========================================================================
Received Import Request.
  Time since last request: 0.000035 seconds.
  path: Assets/_3rdParty/Buttons/PNG/9Button_Midl_Green.png
  artifactKey: Guid(70ce67e982fddb74289530c17f57aac3) Importer(815301076,1909f56bfc062723c751e8b465ee728b)
Start importing Assets/_3rdParty/Buttons/PNG/9Button_Midl_Green.png using Guid(70ce67e982fddb74289530c17f57aac3) Importer(815301076,1909f56bfc062723c751e8b465ee728b)  -> (artifact id: '98f7326e33f54516eb4959490a4f9a2a') in 0.023905 seconds 
========================================================================
Received Prepare
Registering precompiled user dll's ...
Registered in 0.008389 seconds.
Begin MonoManager ReloadAssembly
Symbol file LoadedFromMemory doesn't match image C:\Users\kagan\Flaguess\Library\PackageCache\com.unity.visualscripting@1.8.0\Editor\VisualScripting.Core\Dependencies\YamlDotNet\Unity.VisualScripting.YamlDotNet.dll
Symbol file LoadedFromMemory doesn't match image C:\Users\kagan\Flaguess\Library\PackageCache\com.unity.visualscripting@1.8.0\Editor\VisualScripting.Core\Dependencies\DotNetZip\Unity.VisualScripting.IonicZip.dll
Native extension for UWP target not found
Native extension for WindowsStandalone target not found
Native extension for Android target not found
Refreshing native plugins compatible for Editor in 0.95 ms, found 4 plugins.
Preloading 0 native plugins for Editor in 0.00 ms.
Mono: successfully reloaded assembly
- Completed reload, in  1.411 seconds
Domain Reload Profiling:
	ReloadAssembly (1412ms)
		BeginReloadAssembly (159ms)
			ExecutionOrderSort (0ms)
			DisableScriptedObjects (8ms)
			BackupInstance (0ms)
			ReleaseScriptingObjects (0ms)
			CreateAndSetChildDomain (50ms)
		EndReloadAssembly (1101ms)
			LoadAssemblies (124ms)
			RebuildTransferFunctionScriptingTraits (0ms)
			SetupTypeCache (438ms)
			ReleaseScriptCaches (1ms)
			RebuildScriptCaches (55ms)
			SetupLoadedEditorAssemblies (404ms)
				LogAssemblyErrors (0ms)
				InitializePlatformSupportModulesInManaged (46ms)
				SetLoadedEditorAssemblies (1ms)
				RefreshPlugins (1ms)
				BeforeProcessingInitializeOnLoad (78ms)
				ProcessInitializeOnLoadAttributes (229ms)
				ProcessInitializeOnLoadMethodAttributes (41ms)
				AfterProcessingInitializeOnLoad (8ms)
				EditorAssembliesLoaded (0ms)
			ExecutionOrderSort2 (0ms)
			AwakeInstancesAfterBackupRestoration (13ms)
Platform modules already initialized, skipping
Refreshing native plugins compatible for Editor in 3.27 ms, found 4 plugins.
Preloading 0 native plugins for Editor in 0.00 ms.
Unloading 3835 Unused Serialized files (Serialized files now loaded: 0)
Unloading 30 unused Assets / (196.0 KB). Loaded Objects now: 4366.
Memory consumption went from 150.5 MB to 150.3 MB.
Total: 4.346600 ms (FindLiveObjects: 0.354900 ms CreateObjectMapping: 0.230100 ms MarkObjects: 3.541400 ms  DeleteObjects: 0.218500 ms)

AssetImportParameters requested are different than current active one (requested -> active):
  custom:video-decoder-ogg-theora: a1e56fd34408186e4bbccfd4996cb3dc -> 
  custom:container-muxer-webm: aa71ff27fc2769a1b78a27578f13a17b -> 
  custom:container-demuxer-webm: 4f35f7cbe854078d1ac9338744f61a02 -> 
  custom:video-encoder-webm-vp8: eb34c28f22e8b96e1ab97ce403110664 -> 
  custom:video-codec-MediaFoundation-h265: 746d11721c4dcdbdad8f713fa42b33f4 -> 
  custom:audio-encoder-webm-vorbis: bf7c407c2cedff20999df2af8eb42d56 -> 
  custom:framework-win-MediaFoundation: 216162199b28c13a410421893ffa2e32 -> 
  custom:container-demuxer-ogg: 62fdf1f143b41e24485cea50d1cbac27 -> 
  custom:video-decoder-webm-vp8: 9c59270c3fd7afecdb556c50c9e8de78 -> 
  custom:audio-decoder-ogg-vorbis: bf7c407c2cedff20999df2af8eb42d56 -> 
========================================================================
Received Prepare
Registering precompiled user dll's ...
Registered in 0.010086 seconds.
Begin MonoManager ReloadAssembly
Symbol file LoadedFromMemory doesn't match image C:\Users\kagan\Flaguess\Library\PackageCache\com.unity.visualscripting@1.8.0\Editor\VisualScripting.Core\Dependencies\YamlDotNet\Unity.VisualScripting.YamlDotNet.dll
Symbol file LoadedFromMemory doesn't match image C:\Users\kagan\Flaguess\Library\PackageCache\com.unity.visualscripting@1.8.0\Editor\VisualScripting.Core\Dependencies\DotNetZip\Unity.VisualScripting.IonicZip.dll
Native extension for UWP target not found
Native extension for WindowsStandalone target not found
Native extension for Android target not found
Refreshing native plugins compatible for Editor in 1.73 ms, found 4 plugins.
Preloading 0 native plugins for Editor in 0.00 ms.
Mono: successfully reloaded assembly
- Completed reload, in  1.505 seconds
Domain Reload Profiling:
	ReloadAssembly (1506ms)
		BeginReloadAssembly (141ms)
			ExecutionOrderSort (0ms)
			DisableScriptedObjects (8ms)
			BackupInstance (0ms)
			ReleaseScriptingObjects (0ms)
			CreateAndSetChildDomain (40ms)
		EndReloadAssembly (1251ms)
			LoadAssemblies (96ms)
			RebuildTransferFunctionScriptingTraits (0ms)
			SetupTypeCache (366ms)
			ReleaseScriptCaches (2ms)
			RebuildScriptCaches (82ms)
			SetupLoadedEditorAssemblies (576ms)
				LogAssemblyErrors (0ms)
				InitializePlatformSupportModulesInManaged (45ms)
				SetLoadedEditorAssemblies (1ms)
				RefreshPlugins (2ms)
				BeforeProcessingInitializeOnLoad (125ms)
				ProcessInitializeOnLoadAttributes (336ms)
				ProcessInitializeOnLoadMethodAttributes (56ms)
				AfterProcessingInitializeOnLoad (11ms)
				EditorAssembliesLoaded (0ms)
			ExecutionOrderSort2 (0ms)
			AwakeInstancesAfterBackupRestoration (18ms)
Platform modules already initialized, skipping
Refreshing native plugins compatible for Editor in 3.36 ms, found 4 plugins.
Preloading 0 native plugins for Editor in 0.00 ms.
Unloading 3835 Unused Serialized files (Serialized files now loaded: 0)
Unloading 30 unused Assets / (196.0 KB). Loaded Objects now: 4369.
Memory consumption went from 150.5 MB to 150.4 MB.
Total: 6.469100 ms (FindLiveObjects: 0.497200 ms CreateObjectMapping: 0.440000 ms MarkObjects: 5.281200 ms  DeleteObjects: 0.249100 ms)

AssetImportParameters requested are different than current active one (requested -> active):
  custom:video-decoder-ogg-theora: a1e56fd34408186e4bbccfd4996cb3dc -> 
  custom:container-muxer-webm: aa71ff27fc2769a1b78a27578f13a17b -> 
  custom:container-demuxer-webm: 4f35f7cbe854078d1ac9338744f61a02 -> 
  custom:video-encoder-webm-vp8: eb34c28f22e8b96e1ab97ce403110664 -> 
  custom:video-codec-MediaFoundation-h265: 746d11721c4dcdbdad8f713fa42b33f4 -> 
  custom:audio-encoder-webm-vorbis: bf7c407c2cedff20999df2af8eb42d56 -> 
  custom:framework-win-MediaFoundation: 216162199b28c13a410421893ffa2e32 -> 
  custom:container-demuxer-ogg: 62fdf1f143b41e24485cea50d1cbac27 -> 
  custom:video-decoder-webm-vp8: 9c59270c3fd7afecdb556c50c9e8de78 -> 
  custom:audio-decoder-ogg-vorbis: bf7c407c2cedff20999df2af8eb42d56 -> 
========================================================================
Received Prepare
Registering precompiled user dll's ...
Registered in 0.010236 seconds.
Begin MonoManager ReloadAssembly
Symbol file LoadedFromMemory doesn't match image C:\Users\kagan\Flaguess\Library\PackageCache\com.unity.visualscripting@1.8.0\Editor\VisualScripting.Core\Dependencies\YamlDotNet\Unity.VisualScripting.YamlDotNet.dll
Symbol file LoadedFromMemory doesn't match image C:\Users\kagan\Flaguess\Library\PackageCache\com.unity.visualscripting@1.8.0\Editor\VisualScripting.Core\Dependencies\DotNetZip\Unity.VisualScripting.IonicZip.dll
Native extension for UWP target not found
Native extension for WindowsStandalone target not found
Native extension for Android target not found
Refreshing native plugins compatible for Editor in 1.45 ms, found 4 plugins.
Preloading 0 native plugins for Editor in 0.00 ms.
Mono: successfully reloaded assembly
- Completed reload, in  1.548 seconds
Domain Reload Profiling:
	ReloadAssembly (1550ms)
		BeginReloadAssembly (161ms)
			ExecutionOrderSort (0ms)
			DisableScriptedObjects (9ms)
			BackupInstance (0ms)
			ReleaseScriptingObjects (0ms)
			CreateAndSetChildDomain (40ms)
		EndReloadAssembly (1269ms)
			LoadAssemblies (99ms)
			RebuildTransferFunctionScriptingTraits (0ms)
			SetupTypeCache (371ms)
			ReleaseScriptCaches (2ms)
			RebuildScriptCaches (92ms)
			SetupLoadedEditorAssemblies (581ms)
				LogAssemblyErrors (0ms)
				InitializePlatformSupportModulesInManaged (54ms)
				SetLoadedEditorAssemblies (1ms)
				RefreshPlugins (2ms)
				BeforeProcessingInitializeOnLoad (125ms)
				ProcessInitializeOnLoadAttributes (330ms)
				ProcessInitializeOnLoadMethodAttributes (59ms)
				AfterProcessingInitializeOnLoad (10ms)
				EditorAssembliesLoaded (0ms)
			ExecutionOrderSort2 (0ms)
			AwakeInstancesAfterBackupRestoration (18ms)
Platform modules already initialized, skipping
Refreshing native plugins compatible for Editor in 3.28 ms, found 4 plugins.
Preloading 0 native plugins for Editor in 0.00 ms.
Unloading 3835 Unused Serialized files (Serialized files now loaded: 0)
Unloading 30 unused Assets / (196.1 KB). Loaded Objects now: 4372.
Memory consumption went from 150.6 MB to 150.4 MB.
Total: 5.294100 ms (FindLiveObjects: 0.472100 ms CreateObjectMapping: 0.333100 ms MarkObjects: 4.193900 ms  DeleteObjects: 0.279600 ms)

AssetImportParameters requested are different than current active one (requested -> active):
  custom:video-decoder-ogg-theora: a1e56fd34408186e4bbccfd4996cb3dc -> 
  custom:container-muxer-webm: aa71ff27fc2769a1b78a27578f13a17b -> 
  custom:container-demuxer-webm: 4f35f7cbe854078d1ac9338744f61a02 -> 
  custom:video-encoder-webm-vp8: eb34c28f22e8b96e1ab97ce403110664 -> 
  custom:video-codec-MediaFoundation-h265: 746d11721c4dcdbdad8f713fa42b33f4 -> 
  custom:audio-encoder-webm-vorbis: bf7c407c2cedff20999df2af8eb42d56 -> 
  custom:framework-win-MediaFoundation: 216162199b28c13a410421893ffa2e32 -> 
  custom:container-demuxer-ogg: 62fdf1f143b41e24485cea50d1cbac27 -> 
  custom:video-decoder-webm-vp8: 9c59270c3fd7afecdb556c50c9e8de78 -> 
  custom:audio-decoder-ogg-vorbis: bf7c407c2cedff20999df2af8eb42d56 -> 
========================================================================
Received Prepare
Registering precompiled user dll's ...
Registered in 0.012325 seconds.
Begin MonoManager ReloadAssembly
Symbol file LoadedFromMemory doesn't match image C:\Users\kagan\Flaguess\Library\PackageCache\com.unity.visualscripting@1.8.0\Editor\VisualScripting.Core\Dependencies\YamlDotNet\Unity.VisualScripting.YamlDotNet.dll
Symbol file LoadedFromMemory doesn't match image C:\Users\kagan\Flaguess\Library\PackageCache\com.unity.visualscripting@1.8.0\Editor\VisualScripting.Core\Dependencies\DotNetZip\Unity.VisualScripting.IonicZip.dll
Native extension for UWP target not found
Native extension for WindowsStandalone target not found
Native extension for Android target not found
Refreshing native plugins compatible for Editor in 0.71 ms, found 4 plugins.
Preloading 0 native plugins for Editor in 0.00 ms.
Mono: successfully reloaded assembly
- Completed reload, in  1.117 seconds
Domain Reload Profiling:
	ReloadAssembly (1118ms)
		BeginReloadAssembly (175ms)
			ExecutionOrderSort (0ms)
			DisableScriptedObjects (9ms)
			BackupInstance (0ms)
			ReleaseScriptingObjects (0ms)
			CreateAndSetChildDomain (53ms)
		EndReloadAssembly (814ms)
			LoadAssemblies (114ms)
			RebuildTransferFunctionScriptingTraits (0ms)
			SetupTypeCache (256ms)
			ReleaseScriptCaches (1ms)
			RebuildScriptCaches (53ms)
			SetupLoadedEditorAssemblies (348ms)
				LogAssemblyErrors (0ms)
				InitializePlatformSupportModulesInManaged (27ms)
				SetLoadedEditorAssemblies (1ms)
				RefreshPlugins (1ms)
				BeforeProcessingInitializeOnLoad (75ms)
				ProcessInitializeOnLoadAttributes (201ms)
				ProcessInitializeOnLoadMethodAttributes (36ms)
				AfterProcessingInitializeOnLoad (7ms)
				EditorAssembliesLoaded (0ms)
			ExecutionOrderSort2 (0ms)
			AwakeInstancesAfterBackupRestoration (12ms)
Platform modules already initialized, skipping
Refreshing native plugins compatible for Editor in 2.55 ms, found 4 plugins.
Preloading 0 native plugins for Editor in 0.00 ms.
Unloading 3835 Unused Serialized files (Serialized files now loaded: 0)
Unloading 30 unused Assets / (195.9 KB). Loaded Objects now: 4375.
Memory consumption went from 150.6 MB to 150.4 MB.
Total: 3.644300 ms (FindLiveObjects: 0.290400 ms CreateObjectMapping: 0.189200 ms MarkObjects: 2.990000 ms  DeleteObjects: 0.173800 ms)

AssetImportParameters requested are different than current active one (requested -> active):
  custom:video-decoder-ogg-theora: a1e56fd34408186e4bbccfd4996cb3dc -> 
  custom:container-muxer-webm: aa71ff27fc2769a1b78a27578f13a17b -> 
  custom:container-demuxer-webm: 4f35f7cbe854078d1ac9338744f61a02 -> 
  custom:video-encoder-webm-vp8: eb34c28f22e8b96e1ab97ce403110664 -> 
  custom:video-codec-MediaFoundation-h265: 746d11721c4dcdbdad8f713fa42b33f4 -> 
  custom:audio-encoder-webm-vorbis: bf7c407c2cedff20999df2af8eb42d56 -> 
  custom:framework-win-MediaFoundation: 216162199b28c13a410421893ffa2e32 -> 
  custom:container-demuxer-ogg: 62fdf1f143b41e24485cea50d1cbac27 -> 
  custom:video-decoder-webm-vp8: 9c59270c3fd7afecdb556c50c9e8de78 -> 
  custom:audio-decoder-ogg-vorbis: bf7c407c2cedff20999df2af8eb42d56 -> 
