Using pre-set license
Built from '2021.3/staging' branch; Version is '2021.3.18f1 (3129e69bc0c7) revision 3221990'; Using compiler version '192829333'; Build Type 'Release'
OS: 'Windows 11  (10.0.22621) 64bit Core' Language: 'en' Physical Memory: 16254 MB
BatchMode: 1, IsHumanControllingUs: 0, StartBugReporterOnCrash: 0, Is64bit: 1, IsPro: 1

COMMAND LINE ARGUMENTS:
C:\Program Files\Unity\Hub\Editor\2021.3.18f1\Editor\Unity.exe
-adb2
-batchMode
-noUpm
-name
AssetImportWorker3
-projectPath
C:/Users/kagan/Flaguess
-logFile
Logs/AssetImportWorker3.log
-srvPort
62796
Successfully changed project path to: C:/Users/kagan/Flaguess
C:/Users/kagan/Flaguess
[UnityMemory] Configuration Parameters - Can be set up in boot.config
    "memorysetup-bucket-allocator-granularity=16"
    "memorysetup-bucket-allocator-bucket-count=8"
    "memorysetup-bucket-allocator-block-size=33554432"
    "memorysetup-bucket-allocator-block-count=8"
    "memorysetup-main-allocator-block-size=16777216"
    "memorysetup-thread-allocator-block-size=16777216"
    "memorysetup-gfx-main-allocator-block-size=16777216"
    "memorysetup-gfx-thread-allocator-block-size=16777216"
    "memorysetup-cache-allocator-block-size=4194304"
    "memorysetup-typetree-allocator-block-size=2097152"
    "memorysetup-profiler-bucket-allocator-granularity=16"
    "memorysetup-profiler-bucket-allocator-bucket-count=8"
    "memorysetup-profiler-bucket-allocator-block-size=33554432"
    "memorysetup-profiler-bucket-allocator-block-count=8"
    "memorysetup-profiler-allocator-block-size=16777216"
    "memorysetup-profiler-editor-allocator-block-size=1048576"
    "memorysetup-temp-allocator-size-main=16777216"
    "memorysetup-job-temp-allocator-block-size=2097152"
    "memorysetup-job-temp-allocator-block-size-background=1048576"
    "memorysetup-job-temp-allocator-reduction-small-platforms=262144"
    "memorysetup-temp-allocator-size-background-worker=32768"
    "memorysetup-temp-allocator-size-job-worker=262144"
    "memorysetup-temp-allocator-size-preload-manager=33554432"
    "memorysetup-temp-allocator-size-nav-mesh-worker=65536"
    "memorysetup-temp-allocator-size-audio-worker=65536"
    "memorysetup-temp-allocator-size-cloud-worker=32768"
    "memorysetup-temp-allocator-size-gi-baking-worker=262144"
    "memorysetup-temp-allocator-size-gfx=262144"
Player connection [10196] Host "[IP] 192.168.0.27 [Port] 0 [Flags] 2 [Guid] 1830629387 [EditorId] 1830629387 [Version] 1048832 [Id] WindowsEditor(7,Kagan) [Debug] 1 [PackageName] WindowsEditor [ProjectName] Editor" joined multi-casting on [225.0.0.222:54997]...

Player connection [10196] Host "[IP] 192.168.0.27 [Port] 0 [Flags] 2 [Guid] 1830629387 [EditorId] 1830629387 [Version] 1048832 [Id] WindowsEditor(7,Kagan) [Debug] 1 [PackageName] WindowsEditor [ProjectName] Editor" joined alternative multi-casting on [225.0.0.222:34997]...

Refreshing native plugins compatible for Editor in 145.29 ms, found 4 plugins.
Preloading 0 native plugins for Editor in 0.00 ms.
Initialize engine version: 2021.3.18f1 (3129e69bc0c7)
[Subsystems] Discovering subsystems at path C:/Program Files/Unity/Hub/Editor/2021.3.18f1/Editor/Data/Resources/UnitySubsystems
[Subsystems] Discovering subsystems at path C:/Users/kagan/Flaguess/Assets
GfxDevice: creating device client; threaded=0; jobified=0
Direct3D:
    Version:  Direct3D 11.0 [level 11.1]
    Renderer: NVIDIA GeForce GTX 1050 Ti (ID=0x1c8c)
    Vendor:   NVIDIA
    VRAM:     4017 MB
    Driver:   31.0.15.2849
Initialize mono
Mono path[0] = 'C:/Program Files/Unity/Hub/Editor/2021.3.18f1/Editor/Data/Managed'
Mono path[1] = 'C:/Program Files/Unity/Hub/Editor/2021.3.18f1/Editor/Data/MonoBleedingEdge/lib/mono/unityjit-win32'
Mono config path = 'C:/Program Files/Unity/Hub/Editor/2021.3.18f1/Editor/Data/MonoBleedingEdge/etc'
Using monoOptions --debugger-agent=transport=dt_socket,embedding=1,server=y,suspend=n,address=127.0.0.1:56544
Begin MonoManager ReloadAssembly
Registering precompiled unity dll's ...
Register platform support module: C:/Program Files/Unity/Hub/Editor/2021.3.18f1/Editor/Data/PlaybackEngines/AndroidPlayer/UnityEditor.Android.Extensions.dll
Register platform support module: C:/Program Files/Unity/Hub/Editor/2021.3.18f1/Editor/Data/PlaybackEngines/WindowsStandaloneSupport/UnityEditor.WindowsStandalone.Extensions.dll
Register platform support module: C:/Program Files/Unity/Hub/Editor/2021.3.18f1/Editor/Data/PlaybackEngines/MetroSupport/UnityEditor.UWP.Extensions.dll
Registered in 0.008433 seconds.
Native extension for UWP target not found
Native extension for WindowsStandalone target not found
Native extension for Android target not found
Android Extension - Scanning For ADB Devices 380 ms
Refreshing native plugins compatible for Editor in 111.60 ms, found 4 plugins.
Preloading 0 native plugins for Editor in 0.00 ms.
Mono: successfully reloaded assembly
- Completed reload, in  1.398 seconds
Domain Reload Profiling:
	ReloadAssembly (1399ms)
		BeginReloadAssembly (127ms)
			ExecutionOrderSort (0ms)
			DisableScriptedObjects (0ms)
			BackupInstance (0ms)
			ReleaseScriptingObjects (0ms)
			CreateAndSetChildDomain (1ms)
		EndReloadAssembly (1094ms)
			LoadAssemblies (127ms)
			RebuildTransferFunctionScriptingTraits (0ms)
			SetupTypeCache (239ms)
			ReleaseScriptCaches (0ms)
			RebuildScriptCaches (39ms)
			SetupLoadedEditorAssemblies (748ms)
				LogAssemblyErrors (0ms)
				InitializePlatformSupportModulesInManaged (459ms)
				SetLoadedEditorAssemblies (0ms)
				RefreshPlugins (112ms)
				BeforeProcessingInitializeOnLoad (1ms)
				ProcessInitializeOnLoadAttributes (120ms)
				ProcessInitializeOnLoadMethodAttributes (56ms)
				AfterProcessingInitializeOnLoad (0ms)
				EditorAssembliesLoaded (0ms)
			ExecutionOrderSort2 (0ms)
			AwakeInstancesAfterBackupRestoration (0ms)
Platform modules already initialized, skipping
Registering precompiled user dll's ...
Registered in 0.009476 seconds.
Begin MonoManager ReloadAssembly
Symbol file LoadedFromMemory doesn't match image C:\Users\kagan\Flaguess\Library\PackageCache\com.unity.visualscripting@1.8.0\Editor\VisualScripting.Core\Dependencies\YamlDotNet\Unity.VisualScripting.YamlDotNet.dll
Symbol file LoadedFromMemory doesn't match image C:\Users\kagan\Flaguess\Library\PackageCache\com.unity.visualscripting@1.8.0\Editor\VisualScripting.Core\Dependencies\DotNetZip\Unity.VisualScripting.IonicZip.dll
Native extension for UWP target not found
Native extension for WindowsStandalone target not found
Native extension for Android target not found
Refreshing native plugins compatible for Editor in 162.09 ms, found 4 plugins.
Preloading 0 native plugins for Editor in 0.00 ms.
Mono: successfully reloaded assembly
- Completed reload, in  1.758 seconds
Domain Reload Profiling:
	ReloadAssembly (1759ms)
		BeginReloadAssembly (157ms)
			ExecutionOrderSort (0ms)
			DisableScriptedObjects (8ms)
			BackupInstance (0ms)
			ReleaseScriptingObjects (0ms)
			CreateAndSetChildDomain (28ms)
		EndReloadAssembly (1441ms)
			LoadAssemblies (136ms)
			RebuildTransferFunctionScriptingTraits (0ms)
			SetupTypeCache (345ms)
			ReleaseScriptCaches (1ms)
			RebuildScriptCaches (121ms)
			SetupLoadedEditorAssemblies (728ms)
				LogAssemblyErrors (0ms)
				InitializePlatformSupportModulesInManaged (27ms)
				SetLoadedEditorAssemblies (0ms)
				RefreshPlugins (162ms)
				BeforeProcessingInitializeOnLoad (186ms)
				ProcessInitializeOnLoadAttributes (304ms)
				ProcessInitializeOnLoadMethodAttributes (42ms)
				AfterProcessingInitializeOnLoad (7ms)
				EditorAssembliesLoaded (0ms)
			ExecutionOrderSort2 (0ms)
			AwakeInstancesAfterBackupRestoration (15ms)
Platform modules already initialized, skipping
========================================================================
Worker process is ready to serve import requests
Launched and connected shader compiler UnityShaderCompiler.exe after 0.10 seconds
Refreshing native plugins compatible for Editor in 1.52 ms, found 4 plugins.
Preloading 0 native plugins for Editor in 0.00 ms.
Unloading 3807 Unused Serialized files (Serialized files now loaded: 0)
Unloading 43 unused Assets / (229.6 KB). Loaded Objects now: 4266.
Memory consumption went from 144.8 MB to 144.6 MB.
Total: 4.858600 ms (FindLiveObjects: 0.530600 ms CreateObjectMapping: 0.522600 ms MarkObjects: 3.528500 ms  DeleteObjects: 0.275300 ms)

AssetImportParameters requested are different than current active one (requested -> active):
  custom:video-decoder-ogg-theora: a1e56fd34408186e4bbccfd4996cb3dc -> 
  custom:container-muxer-webm: aa71ff27fc2769a1b78a27578f13a17b -> 
  custom:container-demuxer-webm: 4f35f7cbe854078d1ac9338744f61a02 -> 
  custom:video-encoder-webm-vp8: eb34c28f22e8b96e1ab97ce403110664 -> 
  custom:video-codec-MediaFoundation-h265: 746d11721c4dcdbdad8f713fa42b33f4 -> 
  custom:audio-encoder-webm-vorbis: bf7c407c2cedff20999df2af8eb42d56 -> 
  custom:framework-win-MediaFoundation: 216162199b28c13a410421893ffa2e32 -> 
  custom:container-demuxer-ogg: 62fdf1f143b41e24485cea50d1cbac27 -> 
  custom:video-decoder-webm-vp8: 9c59270c3fd7afecdb556c50c9e8de78 -> 
  custom:audio-decoder-ogg-vorbis: bf7c407c2cedff20999df2af8eb42d56 -> 
========================================================================
Received Prepare
Registering precompiled user dll's ...
Registered in 0.010001 seconds.
Begin MonoManager ReloadAssembly
Symbol file LoadedFromMemory doesn't match image C:\Users\kagan\Flaguess\Library\PackageCache\com.unity.visualscripting@1.8.0\Editor\VisualScripting.Core\Dependencies\YamlDotNet\Unity.VisualScripting.YamlDotNet.dll
Symbol file LoadedFromMemory doesn't match image C:\Users\kagan\Flaguess\Library\PackageCache\com.unity.visualscripting@1.8.0\Editor\VisualScripting.Core\Dependencies\DotNetZip\Unity.VisualScripting.IonicZip.dll
Native extension for UWP target not found
Native extension for WindowsStandalone target not found
Native extension for Android target not found
Refreshing native plugins compatible for Editor in 1.57 ms, found 4 plugins.
Preloading 0 native plugins for Editor in 0.00 ms.
Mono: successfully reloaded assembly
- Completed reload, in  1.317 seconds
Domain Reload Profiling:
	ReloadAssembly (1318ms)
		BeginReloadAssembly (164ms)
			ExecutionOrderSort (0ms)
			DisableScriptedObjects (10ms)
			BackupInstance (0ms)
			ReleaseScriptingObjects (0ms)
			CreateAndSetChildDomain (50ms)
		EndReloadAssembly (1033ms)
			LoadAssemblies (106ms)
			RebuildTransferFunctionScriptingTraits (0ms)
			SetupTypeCache (318ms)
			ReleaseScriptCaches (2ms)
			RebuildScriptCaches (73ms)
			SetupLoadedEditorAssemblies (438ms)
				LogAssemblyErrors (0ms)
				InitializePlatformSupportModulesInManaged (45ms)
				SetLoadedEditorAssemblies (1ms)
				RefreshPlugins (2ms)
				BeforeProcessingInitializeOnLoad (108ms)
				ProcessInitializeOnLoadAttributes (241ms)
				ProcessInitializeOnLoadMethodAttributes (35ms)
				AfterProcessingInitializeOnLoad (7ms)
				EditorAssembliesLoaded (0ms)
			ExecutionOrderSort2 (0ms)
			AwakeInstancesAfterBackupRestoration (11ms)
Platform modules already initialized, skipping
Refreshing native plugins compatible for Editor in 2.85 ms, found 4 plugins.
Preloading 0 native plugins for Editor in 0.00 ms.
Unloading 3847 Unused Serialized files (Serialized files now loaded: 0)
Unloading 43 unused Assets / (0.9 MB). Loaded Objects now: 4303.
Memory consumption went from 147.5 MB to 146.6 MB.
Total: 4.498300 ms (FindLiveObjects: 0.411800 ms CreateObjectMapping: 0.215400 ms MarkObjects: 3.459600 ms  DeleteObjects: 0.409800 ms)

AssetImportParameters requested are different than current active one (requested -> active):
  custom:video-decoder-ogg-theora: a1e56fd34408186e4bbccfd4996cb3dc -> 
  custom:container-muxer-webm: aa71ff27fc2769a1b78a27578f13a17b -> 
  custom:container-demuxer-webm: 4f35f7cbe854078d1ac9338744f61a02 -> 
  custom:video-encoder-webm-vp8: eb34c28f22e8b96e1ab97ce403110664 -> 
  custom:video-codec-MediaFoundation-h265: 746d11721c4dcdbdad8f713fa42b33f4 -> 
  custom:audio-encoder-webm-vorbis: bf7c407c2cedff20999df2af8eb42d56 -> 
  custom:framework-win-MediaFoundation: 216162199b28c13a410421893ffa2e32 -> 
  custom:container-demuxer-ogg: 62fdf1f143b41e24485cea50d1cbac27 -> 
  custom:video-decoder-webm-vp8: 9c59270c3fd7afecdb556c50c9e8de78 -> 
  custom:audio-decoder-ogg-vorbis: bf7c407c2cedff20999df2af8eb42d56 -> 
========================================================================
Received Import Request.
  Time since last request: 23948.075210 seconds.
  path: Assets/_3rdParty/LowPolyEarth/Material_Star.mat
  artifactKey: Guid(fdead8bec53edac46afb738f6cf62e3b) Importer(815301076,1909f56bfc062723c751e8b465ee728b)
Start importing Assets/_3rdParty/LowPolyEarth/Material_Star.mat using Guid(fdead8bec53edac46afb738f6cf62e3b) Importer(815301076,1909f56bfc062723c751e8b465ee728b)  -> (artifact id: 'e3b51cdfaf4b5a00a562343f97b52752') in 0.322432 seconds 
========================================================================
Received Import Request.
  Time since last request: 0.000102 seconds.
  path: Assets/TextMesh Pro/Examples & Extras/Resources/Fonts & Materials/Oswald Bold SDF.asset
  artifactKey: Guid(0161d805a3764c089bef00bfe00793f5) Importer(815301076,1909f56bfc062723c751e8b465ee728b)
Start importing Assets/TextMesh Pro/Examples & Extras/Resources/Fonts & Materials/Oswald Bold SDF.asset using Guid(0161d805a3764c089bef00bfe00793f5) Importer(815301076,1909f56bfc062723c751e8b465ee728b)  -> (artifact id: 'c9d50e27086a140f7b3331c8cecb6ee3') in 0.146770 seconds 
========================================================================
Received Import Request.
  Time since last request: 0.000058 seconds.
  path: Assets/TextMesh Pro/Examples & Extras/Materials/Small Crate_diffuse.mat
  artifactKey: Guid(22262639920f43d6be32430e4e58350d) Importer(815301076,1909f56bfc062723c751e8b465ee728b)
Start importing Assets/TextMesh Pro/Examples & Extras/Materials/Small Crate_diffuse.mat using Guid(22262639920f43d6be32430e4e58350d) Importer(815301076,1909f56bfc062723c751e8b465ee728b)  -> (artifact id: '7bf76394a9c0d1ffcbc2eafa552f9e30') in 0.289780 seconds 
========================================================================
Received Import Request.
  Time since last request: 34.762034 seconds.
  path: Assets/_3rdParty/LowPolyEarth/StarTexture.psd
  artifactKey: Guid(e5283497a0b8b0246a81813f16d35aea) Importer(815301076,1909f56bfc062723c751e8b465ee728b)
Start importing Assets/_3rdParty/LowPolyEarth/StarTexture.psd using Guid(e5283497a0b8b0246a81813f16d35aea) Importer(815301076,1909f56bfc062723c751e8b465ee728b)  -> (artifact id: '9fcc0e042afa0b2ca5cd7a0526988290') in 0.081544 seconds 
========================================================================
Received Prepare
Registering precompiled user dll's ...
Registered in 0.008219 seconds.
Begin MonoManager ReloadAssembly
Symbol file LoadedFromMemory doesn't match image C:\Users\kagan\Flaguess\Library\PackageCache\com.unity.visualscripting@1.8.0\Editor\VisualScripting.Core\Dependencies\YamlDotNet\Unity.VisualScripting.YamlDotNet.dll
Symbol file LoadedFromMemory doesn't match image C:\Users\kagan\Flaguess\Library\PackageCache\com.unity.visualscripting@1.8.0\Editor\VisualScripting.Core\Dependencies\DotNetZip\Unity.VisualScripting.IonicZip.dll
Native extension for UWP target not found
Native extension for WindowsStandalone target not found
Native extension for Android target not found
Refreshing native plugins compatible for Editor in 0.91 ms, found 4 plugins.
Preloading 0 native plugins for Editor in 0.00 ms.
Mono: successfully reloaded assembly
- Completed reload, in  1.487 seconds
Domain Reload Profiling:
	ReloadAssembly (1488ms)
		BeginReloadAssembly (164ms)
			ExecutionOrderSort (0ms)
			DisableScriptedObjects (8ms)
			BackupInstance (0ms)
			ReleaseScriptingObjects (0ms)
			CreateAndSetChildDomain (45ms)
		EndReloadAssembly (1212ms)
			LoadAssemblies (124ms)
			RebuildTransferFunctionScriptingTraits (0ms)
			SetupTypeCache (389ms)
			ReleaseScriptCaches (2ms)
			RebuildScriptCaches (71ms)
			SetupLoadedEditorAssemblies (525ms)
				LogAssemblyErrors (0ms)
				InitializePlatformSupportModulesInManaged (41ms)
				SetLoadedEditorAssemblies (1ms)
				RefreshPlugins (1ms)
				BeforeProcessingInitializeOnLoad (111ms)
				ProcessInitializeOnLoadAttributes (303ms)
				ProcessInitializeOnLoadMethodAttributes (58ms)
				AfterProcessingInitializeOnLoad (9ms)
				EditorAssembliesLoaded (0ms)
			ExecutionOrderSort2 (0ms)
			AwakeInstancesAfterBackupRestoration (19ms)
Platform modules already initialized, skipping
Refreshing native plugins compatible for Editor in 3.34 ms, found 4 plugins.
Preloading 0 native plugins for Editor in 0.00 ms.
Unloading 3847 Unused Serialized files (Serialized files now loaded: 0)
Unloading 41 unused Assets / (0.8 MB). Loaded Objects now: 4354.
Memory consumption went from 151.9 MB to 151.2 MB.
Total: 5.744800 ms (FindLiveObjects: 0.400200 ms CreateObjectMapping: 0.411000 ms MarkObjects: 4.497200 ms  DeleteObjects: 0.434800 ms)

AssetImportParameters requested are different than current active one (requested -> active):
  custom:video-decoder-ogg-theora: a1e56fd34408186e4bbccfd4996cb3dc -> 
  custom:container-muxer-webm: aa71ff27fc2769a1b78a27578f13a17b -> 
  custom:container-demuxer-webm: 4f35f7cbe854078d1ac9338744f61a02 -> 
  custom:video-encoder-webm-vp8: eb34c28f22e8b96e1ab97ce403110664 -> 
  custom:video-codec-MediaFoundation-h265: 746d11721c4dcdbdad8f713fa42b33f4 -> 
  custom:audio-encoder-webm-vorbis: bf7c407c2cedff20999df2af8eb42d56 -> 
  custom:framework-win-MediaFoundation: 216162199b28c13a410421893ffa2e32 -> 
  custom:container-demuxer-ogg: 62fdf1f143b41e24485cea50d1cbac27 -> 
  custom:video-decoder-webm-vp8: 9c59270c3fd7afecdb556c50c9e8de78 -> 
  custom:audio-decoder-ogg-vorbis: bf7c407c2cedff20999df2af8eb42d56 -> 
========================================================================
Received Prepare
Registering precompiled user dll's ...
Registered in 0.009017 seconds.
Begin MonoManager ReloadAssembly
Symbol file LoadedFromMemory doesn't match image C:\Users\kagan\Flaguess\Library\PackageCache\com.unity.visualscripting@1.8.0\Editor\VisualScripting.Core\Dependencies\YamlDotNet\Unity.VisualScripting.YamlDotNet.dll
Symbol file LoadedFromMemory doesn't match image C:\Users\kagan\Flaguess\Library\PackageCache\com.unity.visualscripting@1.8.0\Editor\VisualScripting.Core\Dependencies\DotNetZip\Unity.VisualScripting.IonicZip.dll
Native extension for UWP target not found
Native extension for WindowsStandalone target not found
Native extension for Android target not found
Refreshing native plugins compatible for Editor in 1.14 ms, found 4 plugins.
Preloading 0 native plugins for Editor in 0.00 ms.
Mono: successfully reloaded assembly
- Completed reload, in  1.670 seconds
Domain Reload Profiling:
	ReloadAssembly (1671ms)
		BeginReloadAssembly (139ms)
			ExecutionOrderSort (0ms)
			DisableScriptedObjects (8ms)
			BackupInstance (0ms)
			ReleaseScriptingObjects (0ms)
			CreateAndSetChildDomain (38ms)
		EndReloadAssembly (1415ms)
			LoadAssemblies (101ms)
			RebuildTransferFunctionScriptingTraits (0ms)
			SetupTypeCache (450ms)
			ReleaseScriptCaches (2ms)
			RebuildScriptCaches (80ms)
			SetupLoadedEditorAssemblies (658ms)
				LogAssemblyErrors (0ms)
				InitializePlatformSupportModulesInManaged (45ms)
				SetLoadedEditorAssemblies (1ms)
				RefreshPlugins (1ms)
				BeforeProcessingInitializeOnLoad (149ms)
				ProcessInitializeOnLoadAttributes (390ms)
				ProcessInitializeOnLoadMethodAttributes (62ms)
				AfterProcessingInitializeOnLoad (11ms)
				EditorAssembliesLoaded (0ms)
			ExecutionOrderSort2 (0ms)
			AwakeInstancesAfterBackupRestoration (21ms)
Platform modules already initialized, skipping
Refreshing native plugins compatible for Editor in 3.77 ms, found 4 plugins.
Preloading 0 native plugins for Editor in 0.00 ms.
Unloading 3845 Unused Serialized files (Serialized files now loaded: 0)
Unloading 41 unused Assets / (0.8 MB). Loaded Objects now: 4357.
Memory consumption went from 151.7 MB to 151.0 MB.
Total: 5.902200 ms (FindLiveObjects: 0.420500 ms CreateObjectMapping: 0.341800 ms MarkObjects: 4.674100 ms  DeleteObjects: 0.464400 ms)

AssetImportParameters requested are different than current active one (requested -> active):
  custom:video-decoder-ogg-theora: a1e56fd34408186e4bbccfd4996cb3dc -> 
  custom:container-muxer-webm: aa71ff27fc2769a1b78a27578f13a17b -> 
  custom:container-demuxer-webm: 4f35f7cbe854078d1ac9338744f61a02 -> 
  custom:video-encoder-webm-vp8: eb34c28f22e8b96e1ab97ce403110664 -> 
  custom:video-codec-MediaFoundation-h265: 746d11721c4dcdbdad8f713fa42b33f4 -> 
  custom:audio-encoder-webm-vorbis: bf7c407c2cedff20999df2af8eb42d56 -> 
  custom:framework-win-MediaFoundation: 216162199b28c13a410421893ffa2e32 -> 
  custom:container-demuxer-ogg: 62fdf1f143b41e24485cea50d1cbac27 -> 
  custom:video-decoder-webm-vp8: 9c59270c3fd7afecdb556c50c9e8de78 -> 
  custom:audio-decoder-ogg-vorbis: bf7c407c2cedff20999df2af8eb42d56 -> 
========================================================================
Received Import Request.
  Time since last request: 182.215933 seconds.
  path: Assets/_3rdParty/Buttons/buttons.psd
  artifactKey: Guid(feb7f06d7faf71543b5d62cfec54ed7c) Importer(815301076,1909f56bfc062723c751e8b465ee728b)
Start importing Assets/_3rdParty/Buttons/buttons.psd using Guid(feb7f06d7faf71543b5d62cfec54ed7c) Importer(815301076,1909f56bfc062723c751e8b465ee728b)  -> (artifact id: '00000000000000000000000000000000') in 0.247151 seconds  code(4) message(Build asset version error: assets/_3rdparty/buttons/buttons.psd.meta in SourceAssetDB has modification time of '2022-02-03T12:15:50Z' while content on disk has modification time of '2023-02-14T22:37:55.431575Z')
  ERROR: Build asset version error: assets/_3rdparty/buttons/buttons.psd.meta in SourceAssetDB has modification time of '2022-02-03T12:15:50Z' while content on disk has modification time of '2023-02-14T22:37:55.431575Z'
========================================================================
Received Import Request.
  Time since last request: 0.000026 seconds.
  path: Assets/_3rdParty/Buttons/buttons_Back.png
  artifactKey: Guid(a3d7e7cfe6097ac49970377cbf78158f) Importer(815301076,1909f56bfc062723c751e8b465ee728b)
Start importing Assets/_3rdParty/Buttons/buttons_Back.png using Guid(a3d7e7cfe6097ac49970377cbf78158f) Importer(815301076,1909f56bfc062723c751e8b465ee728b)  -> (artifact id: '00000000000000000000000000000000') in 0.146077 seconds  code(4) message(Build asset version error: assets/_3rdparty/buttons/buttons_back.png.meta in SourceAssetDB has modification time of '2022-02-03T12:15:44Z' while content on disk has modification time of '2023-02-14T22:37:55.4195779Z')
  ERROR: Build asset version error: assets/_3rdparty/buttons/buttons_back.png.meta in SourceAssetDB has modification time of '2022-02-03T12:15:44Z' while content on disk has modification time of '2023-02-14T22:37:55.4195779Z'
========================================================================
Received Import Request.
  Time since last request: 2.317982 seconds.
  path: Assets/_3rdParty/Buttons/PNG/2button_blue_middle.png
  artifactKey: Guid(2b6e58e066a469c499d930cd4a4ceade) Importer(815301076,1909f56bfc062723c751e8b465ee728b)
Start importing Assets/_3rdParty/Buttons/PNG/2button_blue_middle.png using Guid(2b6e58e066a469c499d930cd4a4ceade) Importer(815301076,1909f56bfc062723c751e8b465ee728b)  -> (artifact id: '00000000000000000000000000000000') in 0.023267 seconds  code(4) message(Build asset version error: assets/_3rdparty/buttons/png/2button_blue_middle.png.meta in SourceAssetDB has modification time of '2022-02-03T12:15:38Z' while content on disk has modification time of '2023-02-14T22:37:55.4215684Z')
  ERROR: Build asset version error: assets/_3rdparty/buttons/png/2button_blue_middle.png.meta in SourceAssetDB has modification time of '2022-02-03T12:15:38Z' while content on disk has modification time of '2023-02-14T22:37:55.4215684Z'
========================================================================
Received Import Request.
  Time since last request: 0.000062 seconds.
  path: Assets/_3rdParty/Buttons/PNG/30button_red.png
  artifactKey: Guid(8fc9feebf624bba43a9df1301ccf1d8e) Importer(815301076,1909f56bfc062723c751e8b465ee728b)
Start importing Assets/_3rdParty/Buttons/PNG/30button_red.png using Guid(8fc9feebf624bba43a9df1301ccf1d8e) Importer(815301076,1909f56bfc062723c751e8b465ee728b)  -> (artifact id: '00000000000000000000000000000000') in 0.020694 seconds  code(4) message(Build asset version error: assets/_3rdparty/buttons/png/30button_red.png.meta in SourceAssetDB has modification time of '2022-02-03T12:15:43Z' while content on disk has modification time of '2023-02-14T22:37:55.4115728Z')
  ERROR: Build asset version error: assets/_3rdparty/buttons/png/30button_red.png.meta in SourceAssetDB has modification time of '2022-02-03T12:15:43Z' while content on disk has modification time of '2023-02-14T22:37:55.4115728Z'
========================================================================
Received Import Request.
  Time since last request: 0.000049 seconds.
  path: Assets/_3rdParty/Buttons/PNG/19bttn-midl.png
  artifactKey: Guid(aa3bf53c498deb44b80ad60af801942c) Importer(815301076,1909f56bfc062723c751e8b465ee728b)
Start importing Assets/_3rdParty/Buttons/PNG/19bttn-midl.png using Guid(aa3bf53c498deb44b80ad60af801942c) Importer(815301076,1909f56bfc062723c751e8b465ee728b)  -> (artifact id: '00000000000000000000000000000000') in 0.024804 seconds  code(4) message(Build asset version error: assets/_3rdparty/buttons/png/19bttn-midl.png.meta in SourceAssetDB has modification time of '2022-02-03T12:15:45Z' while content on disk has modification time of '2023-02-14T22:37:55.4295765Z')
  ERROR: Build asset version error: assets/_3rdparty/buttons/png/19bttn-midl.png.meta in SourceAssetDB has modification time of '2022-02-03T12:15:45Z' while content on disk has modification time of '2023-02-14T22:37:55.4295765Z'
========================================================================
Received Import Request.
  Time since last request: 0.000105 seconds.
  path: Assets/_3rdParty/Buttons/PNG/6button_green_middle.png
  artifactKey: Guid(a16c91ca6a9a60b4596b57635c8a3e71) Importer(815301076,1909f56bfc062723c751e8b465ee728b)
Start importing Assets/_3rdParty/Buttons/PNG/6button_green_middle.png using Guid(a16c91ca6a9a60b4596b57635c8a3e71) Importer(815301076,1909f56bfc062723c751e8b465ee728b)  -> (artifact id: '00000000000000000000000000000000') in 0.030059 seconds  code(4) message(Build asset version error: assets/_3rdparty/buttons/png/6button_green_middle.png.meta in SourceAssetDB has modification time of '2022-02-03T12:15:44Z' while content on disk has modification time of '2023-02-14T22:37:55.4325892Z')
  ERROR: Build asset version error: assets/_3rdparty/buttons/png/6button_green_middle.png.meta in SourceAssetDB has modification time of '2022-02-03T12:15:44Z' while content on disk has modification time of '2023-02-14T22:37:55.4325892Z'
========================================================================
Received Import Request.
  Time since last request: 0.000027 seconds.
  path: Assets/_3rdParty/Buttons/PNG/24Button_Midl_Blue.png
  artifactKey: Guid(9c79225b22ac62249b314de3e39f7f0c) Importer(815301076,1909f56bfc062723c751e8b465ee728b)
Start importing Assets/_3rdParty/Buttons/PNG/24Button_Midl_Blue.png using Guid(9c79225b22ac62249b314de3e39f7f0c) Importer(815301076,1909f56bfc062723c751e8b465ee728b)  -> (artifact id: '00000000000000000000000000000000') in 0.022068 seconds  code(4) message(Build asset version error: assets/_3rdparty/buttons/png/24button_midl_blue.png.meta in SourceAssetDB has modification time of '2022-02-03T12:15:43Z' while content on disk has modification time of '2023-02-14T22:37:55.4235746Z')
  ERROR: Build asset version error: assets/_3rdparty/buttons/png/24button_midl_blue.png.meta in SourceAssetDB has modification time of '2022-02-03T12:15:43Z' while content on disk has modification time of '2023-02-14T22:37:55.4235746Z'
========================================================================
Received Import Request.
  Time since last request: 0.000034 seconds.
  path: Assets/_3rdParty/Buttons/PNG/26Button_Long_Blue.png
  artifactKey: Guid(b9f146537c9d53e449ad8f389525ffe8) Importer(815301076,1909f56bfc062723c751e8b465ee728b)
Start importing Assets/_3rdParty/Buttons/PNG/26Button_Long_Blue.png using Guid(b9f146537c9d53e449ad8f389525ffe8) Importer(815301076,1909f56bfc062723c751e8b465ee728b)  -> (artifact id: '00000000000000000000000000000000') in 0.021072 seconds  code(4) message(Build asset version error: assets/_3rdparty/buttons/png/26button_long_blue.png.meta in SourceAssetDB has modification time of '2022-02-03T12:15:46Z' while content on disk has modification time of '2023-02-14T22:37:55.4165804Z')
  ERROR: Build asset version error: assets/_3rdparty/buttons/png/26button_long_blue.png.meta in SourceAssetDB has modification time of '2022-02-03T12:15:46Z' while content on disk has modification time of '2023-02-14T22:37:55.4165804Z'
========================================================================
Received Import Request.
  Time since last request: 0.000039 seconds.
  path: Assets/_3rdParty/Buttons/PNG/9Button_Midl_Green.png
  artifactKey: Guid(70ce67e982fddb74289530c17f57aac3) Importer(815301076,1909f56bfc062723c751e8b465ee728b)
Start importing Assets/_3rdParty/Buttons/PNG/9Button_Midl_Green.png using Guid(70ce67e982fddb74289530c17f57aac3) Importer(815301076,1909f56bfc062723c751e8b465ee728b)  -> (artifact id: '00000000000000000000000000000000') in 0.016465 seconds  code(4) message(Build asset version error: assets/_3rdparty/buttons/png/9button_midl_green.png.meta in SourceAssetDB has modification time of '2022-02-03T12:15:40Z' while content on disk has modification time of '2023-02-14T22:37:55.440569Z')
  ERROR: Build asset version error: assets/_3rdparty/buttons/png/9button_midl_green.png.meta in SourceAssetDB has modification time of '2022-02-03T12:15:40Z' while content on disk has modification time of '2023-02-14T22:37:55.440569Z'
========================================================================
Received Import Request.
  Time since last request: 0.000051 seconds.
  path: Assets/_3rdParty/Buttons/PNG/11Button_Midl_Blue.png
  artifactKey: Guid(779b95c4bc6a9534299af022ce6c4d5c) Importer(815301076,1909f56bfc062723c751e8b465ee728b)
Start importing Assets/_3rdParty/Buttons/PNG/11Button_Midl_Blue.png using Guid(779b95c4bc6a9534299af022ce6c4d5c) Importer(815301076,1909f56bfc062723c751e8b465ee728b)  -> (artifact id: '00000000000000000000000000000000') in 0.020484 seconds  code(4) message(Build asset version error: assets/_3rdparty/buttons/png/11button_midl_blue.png.meta in SourceAssetDB has modification time of '2022-02-03T12:15:41Z' while content on disk has modification time of '2023-02-14T22:37:55.4275758Z')
  ERROR: Build asset version error: assets/_3rdparty/buttons/png/11button_midl_blue.png.meta in SourceAssetDB has modification time of '2022-02-03T12:15:41Z' while content on disk has modification time of '2023-02-14T22:37:55.4275758Z'
========================================================================
Received Import Request.
  Time since last request: 0.000067 seconds.
  path: Assets/_3rdParty/Buttons/PNG/21bttn-midl.png
  artifactKey: Guid(7786f021e2e01224596039df378dc25d) Importer(815301076,1909f56bfc062723c751e8b465ee728b)
Start importing Assets/_3rdParty/Buttons/PNG/21bttn-midl.png using Guid(7786f021e2e01224596039df378dc25d) Importer(815301076,1909f56bfc062723c751e8b465ee728b)  -> (artifact id: '00000000000000000000000000000000') in 0.017883 seconds  code(4) message(Build asset version error: assets/_3rdparty/buttons/png/21bttn-midl.png.meta in SourceAssetDB has modification time of '2022-02-03T12:15:41Z' while content on disk has modification time of '2023-02-14T22:37:55.4455747Z')
  ERROR: Build asset version error: assets/_3rdparty/buttons/png/21bttn-midl.png.meta in SourceAssetDB has modification time of '2022-02-03T12:15:41Z' while content on disk has modification time of '2023-02-14T22:37:55.4455747Z'
========================================================================
Received Import Request.
  Time since last request: 0.000026 seconds.
  path: Assets/_3rdParty/Buttons/PNG/20bttn-midl.png
  artifactKey: Guid(7e43ca8be54e1c54aa7cf14635191ad0) Importer(815301076,1909f56bfc062723c751e8b465ee728b)
Start importing Assets/_3rdParty/Buttons/PNG/20bttn-midl.png using Guid(7e43ca8be54e1c54aa7cf14635191ad0) Importer(815301076,1909f56bfc062723c751e8b465ee728b)  -> (artifact id: '00000000000000000000000000000000') in 0.016462 seconds  code(4) message(Build asset version error: assets/_3rdparty/buttons/png/20bttn-midl.png.meta in SourceAssetDB has modification time of '2022-02-03T12:15:42Z' while content on disk has modification time of '2023-02-14T22:37:55.4105726Z')
  ERROR: Build asset version error: assets/_3rdparty/buttons/png/20bttn-midl.png.meta in SourceAssetDB has modification time of '2022-02-03T12:15:42Z' while content on disk has modification time of '2023-02-14T22:37:55.4105726Z'
========================================================================
Received Import Request.
  Time since last request: 0.000075 seconds.
  path: Assets/_3rdParty/Buttons/PNG/12Button_Long_Blue.png
  artifactKey: Guid(4e75355f0aa718a498d932c89b2b994c) Importer(815301076,1909f56bfc062723c751e8b465ee728b)
Start importing Assets/_3rdParty/Buttons/PNG/12Button_Long_Blue.png using Guid(4e75355f0aa718a498d932c89b2b994c) Importer(815301076,1909f56bfc062723c751e8b465ee728b)  -> (artifact id: '00000000000000000000000000000000') in 0.022231 seconds  code(4) message(Build asset version error: assets/_3rdparty/buttons/png/12button_long_blue.png.meta in SourceAssetDB has modification time of '2022-02-03T12:15:39Z' while content on disk has modification time of '2023-02-14T22:37:55.426577Z')
  ERROR: Build asset version error: assets/_3rdparty/buttons/png/12button_long_blue.png.meta in SourceAssetDB has modification time of '2022-02-03T12:15:39Z' while content on disk has modification time of '2023-02-14T22:37:55.426577Z'
========================================================================
Received Import Request.
  Time since last request: 0.000044 seconds.
  path: Assets/_3rdParty/Buttons/PNG/22Button_Midl_Green.png
  artifactKey: Guid(bf625ae84f769384fb0cd1cc52d14971) Importer(815301076,1909f56bfc062723c751e8b465ee728b)
Start importing Assets/_3rdParty/Buttons/PNG/22Button_Midl_Green.png using Guid(bf625ae84f769384fb0cd1cc52d14971) Importer(815301076,1909f56bfc062723c751e8b465ee728b)  -> (artifact id: '00000000000000000000000000000000') in 0.015323 seconds  code(4) message(Build asset version error: assets/_3rdparty/buttons/png/22button_midl_green.png.meta in SourceAssetDB has modification time of '2022-02-03T12:15:46Z' while content on disk has modification time of '2023-02-14T22:37:55.4435688Z')
  ERROR: Build asset version error: assets/_3rdparty/buttons/png/22button_midl_green.png.meta in SourceAssetDB has modification time of '2022-02-03T12:15:46Z' while content on disk has modification time of '2023-02-14T22:37:55.4435688Z'
========================================================================
Received Import Request.
  Time since last request: 0.000030 seconds.
  path: Assets/_3rdParty/Buttons/PNG/25Button_Long_Green.png
  artifactKey: Guid(75b6e4700f21ab04198e8b1f956968a0) Importer(815301076,1909f56bfc062723c751e8b465ee728b)
Start importing Assets/_3rdParty/Buttons/PNG/25Button_Long_Green.png using Guid(75b6e4700f21ab04198e8b1f956968a0) Importer(815301076,1909f56bfc062723c751e8b465ee728b)  -> (artifact id: '00000000000000000000000000000000') in 0.016743 seconds  code(4) message(Build asset version error: assets/_3rdparty/buttons/png/25button_long_green.png.meta in SourceAssetDB has modification time of '2022-02-03T12:15:40Z' while content on disk has modification time of '2023-02-14T22:37:55.4445684Z')
  ERROR: Build asset version error: assets/_3rdparty/buttons/png/25button_long_green.png.meta in SourceAssetDB has modification time of '2022-02-03T12:15:40Z' while content on disk has modification time of '2023-02-14T22:37:55.4445684Z'
========================================================================
Received Import Request.
  Time since last request: 0.000038 seconds.
  path: Assets/_3rdParty/Buttons/PNG/10Button_Midl_Yellow.png
  artifactKey: Guid(d7b4d635d5ebc2a4c967aed03f5c932c) Importer(815301076,1909f56bfc062723c751e8b465ee728b)
Start importing Assets/_3rdParty/Buttons/PNG/10Button_Midl_Yellow.png using Guid(d7b4d635d5ebc2a4c967aed03f5c932c) Importer(815301076,1909f56bfc062723c751e8b465ee728b)  -> (artifact id: '00000000000000000000000000000000') in 0.013735 seconds  code(4) message(Build asset version error: assets/_3rdparty/buttons/png/10button_midl_yellow.png.meta in SourceAssetDB has modification time of '2022-02-03T12:15:47Z' while content on disk has modification time of '2023-02-14T22:37:55.4485777Z')
  ERROR: Build asset version error: assets/_3rdparty/buttons/png/10button_midl_yellow.png.meta in SourceAssetDB has modification time of '2022-02-03T12:15:47Z' while content on disk has modification time of '2023-02-14T22:37:55.4485777Z'
========================================================================
Received Import Request.
  Time since last request: 0.000042 seconds.
  path: Assets/_3rdParty/Buttons/PNG/7button_green_middle.png
  artifactKey: Guid(b8ede16274078e4479b1a6b2d1e5ea06) Importer(815301076,1909f56bfc062723c751e8b465ee728b)
Start importing Assets/_3rdParty/Buttons/PNG/7button_green_middle.png using Guid(b8ede16274078e4479b1a6b2d1e5ea06) Importer(815301076,1909f56bfc062723c751e8b465ee728b)  -> (artifact id: '00000000000000000000000000000000') in 0.018738 seconds  code(4) message(Build asset version error: assets/_3rdparty/buttons/png/7button_green_middle.png.meta in SourceAssetDB has modification time of '2022-02-03T12:15:45Z' while content on disk has modification time of '2023-02-14T22:37:55.4225748Z')
  ERROR: Build asset version error: assets/_3rdparty/buttons/png/7button_green_middle.png.meta in SourceAssetDB has modification time of '2022-02-03T12:15:45Z' while content on disk has modification time of '2023-02-14T22:37:55.4225748Z'
========================================================================
Received Import Request.
  Time since last request: 27.425937 seconds.
  path: Assets/TextMesh Pro/Examples & Extras/Resources/Fonts & Materials/Bangers SDF.asset
  artifactKey: Guid(125cb55b44b24c4393181402bc6200e6) Importer(815301076,1909f56bfc062723c751e8b465ee728b)
Start importing Assets/TextMesh Pro/Examples & Extras/Resources/Fonts & Materials/Bangers SDF.asset using Guid(125cb55b44b24c4393181402bc6200e6) Importer(815301076,1909f56bfc062723c751e8b465ee728b)  -> (artifact id: '9c35f2748f85f28e54d1e9a3e9d26f52') in 0.085600 seconds 
========================================================================
Received Import Request.
  Time since last request: 0.000087 seconds.
  path: Assets/TextMesh Pro/Resources/Fonts & Materials/LiberationSans SDF - Fallback.asset
  artifactKey: Guid(2e498d1c8094910479dc3e1b768306a4) Importer(815301076,1909f56bfc062723c751e8b465ee728b)
Start importing Assets/TextMesh Pro/Resources/Fonts & Materials/LiberationSans SDF - Fallback.asset using Guid(2e498d1c8094910479dc3e1b768306a4) Importer(815301076,1909f56bfc062723c751e8b465ee728b)  -> (artifact id: 'c96dfd8e84ddbb72c0104d3b25b429cc') in 0.101589 seconds 
Editor requested this worker to shutdown with reason: Scaling down because of idle timeout
AssetImportWorker is now disconnected from the server
Process exiting
Exiting without the bug reporter. Application will terminate with return code 0